{"/Users/carvajal/dev/fortran-linter/out/src/lib/functions.js":{"path":"/Users/carvajal/dev/fortran-linter/out/src/lib/functions.js","s":{"1":1,"2":1,"3":1,"4":1,"5":1,"6":1,"7":0,"8":0,"9":0,"10":0,"11":0,"12":0,"13":0,"14":0,"15":0,"16":0,"17":1,"18":1,"19":0,"20":0,"21":0,"22":0,"23":0,"24":0,"25":0,"26":0,"27":0,"28":0,"29":1,"30":1,"31":4,"32":1,"33":0,"34":1,"35":4,"36":4,"37":4,"38":4,"39":2,"40":2,"41":2,"42":2,"43":0,"44":0,"45":0,"46":1,"47":4,"48":4,"49":7,"50":6,"51":4,"52":1,"53":11},"b":{"1":[1,1],"2":[0,0],"3":[0,0],"4":[0,0],"5":[0,0],"6":[0,4],"7":[2,2],"8":[4,2],"9":[1,1],"10":[0,2],"11":[2,0],"12":[0,0]},"f":{"1":1,"2":0,"3":0},"fnMap":{"1":{"name":"(anonymous_1)","line":4,"loc":{"start":{"line":4,"column":1},"end":{"line":4,"column":23}}},"2":{"name":"getDeclaredFunctions","line":9,"loc":{"start":{"line":9,"column":0},"end":{"line":9,"column":40}}},"3":{"name":"getDeclaredSubroutines","line":24,"loc":{"start":{"line":24,"column":0},"end":{"line":24,"column":42}}}},"statementMap":{"1":{"start":{"line":2,"column":0},"end":{"line":2,"column":62}},"2":{"start":{"line":3,"column":0},"end":{"line":3,"column":15}},"3":{"start":{"line":4,"column":0},"end":{"line":7,"column":65}},"4":{"start":{"line":5,"column":4},"end":{"line":5,"column":60}},"5":{"start":{"line":6,"column":4},"end":{"line":6,"column":56}},"6":{"start":{"line":9,"column":0},"end":{"line":22,"column":1}},"7":{"start":{"line":10,"column":4},"end":{"line":10,"column":35}},"8":{"start":{"line":11,"column":4},"end":{"line":11,"column":19}},"9":{"start":{"line":12,"column":4},"end":{"line":20,"column":5}},"10":{"start":{"line":13,"column":8},"end":{"line":13,"column":38}},"11":{"start":{"line":14,"column":8},"end":{"line":15,"column":21}},"12":{"start":{"line":15,"column":12},"end":{"line":15,"column":21}},"13":{"start":{"line":16,"column":8},"end":{"line":16,"column":55}},"14":{"start":{"line":17,"column":8},"end":{"line":19,"column":9}},"15":{"start":{"line":18,"column":12},"end":{"line":18,"column":70}},"16":{"start":{"line":21,"column":4},"end":{"line":21,"column":17}},"17":{"start":{"line":23,"column":0},"end":{"line":23,"column":52}},"18":{"start":{"line":24,"column":0},"end":{"line":37,"column":1}},"19":{"start":{"line":25,"column":4},"end":{"line":25,"column":35}},"20":{"start":{"line":26,"column":4},"end":{"line":26,"column":25}},"21":{"start":{"line":27,"column":4},"end":{"line":35,"column":5}},"22":{"start":{"line":28,"column":8},"end":{"line":28,"column":38}},"23":{"start":{"line":29,"column":8},"end":{"line":30,"column":21}},"24":{"start":{"line":30,"column":12},"end":{"line":30,"column":21}},"25":{"start":{"line":31,"column":8},"end":{"line":31,"column":63}},"26":{"start":{"line":32,"column":8},"end":{"line":34,"column":9}},"27":{"start":{"line":33,"column":12},"end":{"line":33,"column":82}},"28":{"start":{"line":36,"column":4},"end":{"line":36,"column":23}},"29":{"start":{"line":38,"column":0},"end":{"line":38,"column":56}},"30":{"start":{"line":39,"column":0},"end":{"line":41,"column":2}},"31":{"start":{"line":40,"column":4},"end":{"line":40,"column":53}},"32":{"start":{"line":42,"column":0},"end":{"line":44,"column":2}},"33":{"start":{"line":43,"column":4},"end":{"line":43,"column":55}},"34":{"start":{"line":45,"column":0},"end":{"line":65,"column":2}},"35":{"start":{"line":46,"column":4},"end":{"line":46,"column":165}},"36":{"start":{"line":47,"column":4},"end":{"line":47,"column":108}},"37":{"start":{"line":48,"column":4},"end":{"line":48,"column":85}},"38":{"start":{"line":49,"column":4},"end":{"line":64,"column":5}},"39":{"start":{"line":50,"column":8},"end":{"line":50,"column":90}},"40":{"start":{"line":51,"column":8},"end":{"line":51,"column":63}},"41":{"start":{"line":52,"column":8},"end":{"line":55,"column":10}},"42":{"start":{"line":57,"column":9},"end":{"line":64,"column":5}},"43":{"start":{"line":58,"column":8},"end":{"line":58,"column":56}},"44":{"start":{"line":59,"column":8},"end":{"line":59,"column":63}},"45":{"start":{"line":60,"column":8},"end":{"line":63,"column":10}},"46":{"start":{"line":66,"column":0},"end":{"line":73,"column":2}},"47":{"start":{"line":67,"column":4},"end":{"line":67,"column":41}},"48":{"start":{"line":68,"column":4},"end":{"line":71,"column":7}},"49":{"start":{"line":68,"column":40},"end":{"line":68,"column":71}},"50":{"start":{"line":70,"column":8},"end":{"line":70,"column":30}},"51":{"start":{"line":72,"column":4},"end":{"line":72,"column":21}},"52":{"start":{"line":74,"column":0},"end":{"line":76,"column":2}},"53":{"start":{"line":75,"column":4},"end":{"line":75,"column":66}}},"branchMap":{"1":{"line":7,"type":"binary-expr","locations":[{"start":{"line":7,"column":16},"end":{"line":7,"column":34}},{"start":{"line":7,"column":39},"end":{"line":7,"column":62}}]},"2":{"line":14,"type":"if","locations":[{"start":{"line":14,"column":8},"end":{"line":14,"column":8}},{"start":{"line":14,"column":8},"end":{"line":14,"column":8}}]},"3":{"line":17,"type":"if","locations":[{"start":{"line":17,"column":8},"end":{"line":17,"column":8}},{"start":{"line":17,"column":8},"end":{"line":17,"column":8}}]},"4":{"line":29,"type":"if","locations":[{"start":{"line":29,"column":8},"end":{"line":29,"column":8}},{"start":{"line":29,"column":8},"end":{"line":29,"column":8}}]},"5":{"line":32,"type":"if","locations":[{"start":{"line":32,"column":8},"end":{"line":32,"column":8}},{"start":{"line":32,"column":8},"end":{"line":32,"column":8}}]},"6":{"line":48,"type":"cond-expr","locations":[{"start":{"line":48,"column":53},"end":{"line":48,"column":68}},{"start":{"line":48,"column":71},"end":{"line":48,"column":84}}]},"7":{"line":49,"type":"if","locations":[{"start":{"line":49,"column":4},"end":{"line":49,"column":4}},{"start":{"line":49,"column":4},"end":{"line":49,"column":4}}]},"8":{"line":49,"type":"binary-expr","locations":[{"start":{"line":49,"column":8},"end":{"line":49,"column":25}},{"start":{"line":49,"column":29},"end":{"line":49,"column":57}}]},"9":{"line":51,"type":"cond-expr","locations":[{"start":{"line":51,"column":31},"end":{"line":51,"column":57}},{"start":{"line":51,"column":60},"end":{"line":51,"column":62}}]},"10":{"line":57,"type":"if","locations":[{"start":{"line":57,"column":9},"end":{"line":57,"column":9}},{"start":{"line":57,"column":9},"end":{"line":57,"column":9}}]},"11":{"line":57,"type":"binary-expr","locations":[{"start":{"line":57,"column":13},"end":{"line":57,"column":30}},{"start":{"line":57,"column":34},"end":{"line":57,"column":64}}]},"12":{"line":59,"type":"cond-expr","locations":[{"start":{"line":59,"column":31},"end":{"line":59,"column":57}},{"start":{"line":59,"column":60},"end":{"line":59,"column":62}}]}}},"/Users/carvajal/dev/fortran-linter/out/src/lib/tokenizer.js":{"path":"/Users/carvajal/dev/fortran-linter/out/src/lib/tokenizer.js","s":{"1":1,"2":1,"3":1,"4":1,"5":1,"6":1,"7":1,"8":1,"9":1,"10":1,"11":1,"12":1,"13":1,"14":1,"15":1,"16":1,"17":11,"18":1,"19":1,"20":11,"21":11,"22":77,"23":77,"24":77,"25":77,"26":11,"27":11,"28":11,"29":11,"30":1},"b":{"1":[1,1],"2":[11,66],"3":[77,11]},"f":{"1":1,"2":1,"3":11,"4":1},"fnMap":{"1":{"name":"(anonymous_1)","line":4,"loc":{"start":{"line":4,"column":1},"end":{"line":4,"column":22}}},"2":{"name":"(anonymous_2)","line":18,"loc":{"start":{"line":18,"column":15},"end":{"line":18,"column":18}}},"3":{"name":"(anonymous_3)","line":22,"loc":{"start":{"line":22,"column":7},"end":{"line":22,"column":22}}},"4":{"name":"(anonymous_4)","line":25,"loc":{"start":{"line":25,"column":12},"end":{"line":25,"column":25}}}},"statementMap":{"1":{"start":{"line":2,"column":0},"end":{"line":2,"column":62}},"2":{"start":{"line":3,"column":0},"end":{"line":3,"column":14}},"3":{"start":{"line":4,"column":0},"end":{"line":16,"column":62}},"4":{"start":{"line":5,"column":4},"end":{"line":5,"column":54}},"5":{"start":{"line":6,"column":4},"end":{"line":6,"column":58}},"6":{"start":{"line":7,"column":4},"end":{"line":7,"column":50}},"7":{"start":{"line":8,"column":4},"end":{"line":8,"column":54}},"8":{"start":{"line":9,"column":4},"end":{"line":9,"column":44}},"9":{"start":{"line":10,"column":4},"end":{"line":10,"column":42}},"10":{"start":{"line":11,"column":4},"end":{"line":11,"column":42}},"11":{"start":{"line":12,"column":4},"end":{"line":12,"column":68}},"12":{"start":{"line":13,"column":4},"end":{"line":13,"column":70}},"13":{"start":{"line":14,"column":4},"end":{"line":14,"column":48}},"14":{"start":{"line":15,"column":4},"end":{"line":15,"column":69}},"15":{"start":{"line":19,"column":8},"end":{"line":19,"column":29}},"16":{"start":{"line":20,"column":8},"end":{"line":20,"column":25}},"17":{"start":{"line":23,"column":8},"end":{"line":23,"column":63}},"18":{"start":{"line":26,"column":8},"end":{"line":26,"column":25}},"19":{"start":{"line":27,"column":8},"end":{"line":40,"column":9}},"20":{"start":{"line":28,"column":12},"end":{"line":28,"column":30}},"21":{"start":{"line":29,"column":12},"end":{"line":39,"column":13}},"22":{"start":{"line":30,"column":16},"end":{"line":30,"column":46}},"23":{"start":{"line":31,"column":16},"end":{"line":31,"column":59}},"24":{"start":{"line":32,"column":16},"end":{"line":32,"column":40}},"25":{"start":{"line":33,"column":16},"end":{"line":38,"column":17}},"26":{"start":{"line":34,"column":20},"end":{"line":34,"column":33}},"27":{"start":{"line":35,"column":20},"end":{"line":35,"column":88}},"28":{"start":{"line":36,"column":20},"end":{"line":36,"column":70}},"29":{"start":{"line":37,"column":20},"end":{"line":37,"column":26}},"30":{"start":{"line":43,"column":0},"end":{"line":43,"column":30}}},"branchMap":{"1":{"line":16,"type":"binary-expr","locations":[{"start":{"line":16,"column":15},"end":{"line":16,"column":32}},{"start":{"line":16,"column":37},"end":{"line":16,"column":59}}]},"2":{"line":33,"type":"if","locations":[{"start":{"line":33,"column":16},"end":{"line":33,"column":16}},{"start":{"line":33,"column":16},"end":{"line":33,"column":16}}]},"3":{"line":33,"type":"binary-expr","locations":[{"start":{"line":33,"column":20},"end":{"line":33,"column":26}},{"start":{"line":33,"column":30},"end":{"line":33,"column":47}}]}}},"/Users/carvajal/dev/fortran-linter/out/src/extension.js":{"path":"/Users/carvajal/dev/fortran-linter/out/src/extension.js","s":{"1":0,"2":0,"3":0,"4":0,"5":0,"6":0,"7":0,"8":0,"9":0,"10":0,"11":0,"12":0,"13":0,"14":0,"15":0,"16":0,"17":0,"18":0},"b":{"1":[0,0]},"f":{"1":0},"fnMap":{"1":{"name":"activate","line":9,"loc":{"start":{"line":9,"column":0},"end":{"line":9,"column":27}}}},"statementMap":{"1":{"start":{"line":2,"column":0},"end":{"line":2,"column":62}},"2":{"start":{"line":4,"column":0},"end":{"line":4,"column":33}},"3":{"start":{"line":5,"column":0},"end":{"line":5,"column":64}},"4":{"start":{"line":6,"column":0},"end":{"line":6,"column":62}},"5":{"start":{"line":7,"column":0},"end":{"line":7,"column":72}},"6":{"start":{"line":8,"column":0},"end":{"line":8,"column":82}},"7":{"start":{"line":9,"column":0},"end":{"line":21,"column":1}},"8":{"start":{"line":10,"column":4},"end":{"line":10,"column":55}},"9":{"start":{"line":11,"column":4},"end":{"line":11,"column":83}},"10":{"start":{"line":12,"column":4},"end":{"line":12,"column":88}},"11":{"start":{"line":13,"column":4},"end":{"line":17,"column":5}},"12":{"start":{"line":14,"column":8},"end":{"line":14,"column":53}},"13":{"start":{"line":15,"column":8},"end":{"line":15,"column":47}},"14":{"start":{"line":16,"column":8},"end":{"line":16,"column":74}},"15":{"start":{"line":18,"column":4},"end":{"line":18,"column":85}},"16":{"start":{"line":19,"column":4},"end":{"line":19,"column":71}},"17":{"start":{"line":20,"column":4},"end":{"line":20,"column":81}},"18":{"start":{"line":22,"column":0},"end":{"line":22,"column":28}}},"branchMap":{"1":{"line":13,"type":"if","locations":[{"start":{"line":13,"column":4},"end":{"line":13,"column":4}},{"start":{"line":13,"column":4},"end":{"line":13,"column":4}}]}}},"/Users/carvajal/dev/fortran-linter/out/src/features/completion-provider.js":{"path":"/Users/carvajal/dev/fortran-linter/out/src/features/completion-provider.js","s":{"1":0,"2":0,"3":0,"4":0,"5":0,"6":0,"7":0,"8":0,"9":0,"10":0,"11":0,"12":0,"13":0,"14":0,"15":0,"16":0,"17":0,"18":0,"19":0,"20":0,"21":0,"22":0,"23":0,"24":0,"25":0,"26":0,"27":0,"28":0,"29":0,"30":0,"31":0,"32":0,"33":0,"34":0,"35":0},"b":{"1":[0,0],"2":[0,0],"3":[0,0],"4":[0,0],"5":[0,0],"6":[0,0],"7":[0,0],"8":[0,0],"9":[0,0]},"f":{"1":0,"2":0},"fnMap":{"1":{"name":"(anonymous_1)","line":7,"loc":{"start":{"line":7,"column":26},"end":{"line":7,"column":54}}},"2":{"name":"(anonymous_2)","line":10,"loc":{"start":{"line":10,"column":34},"end":{"line":10,"column":70}}}},"statementMap":{"1":{"start":{"line":2,"column":0},"end":{"line":2,"column":62}},"2":{"start":{"line":3,"column":0},"end":{"line":3,"column":33}},"3":{"start":{"line":4,"column":0},"end":{"line":4,"column":42}},"4":{"start":{"line":5,"column":0},"end":{"line":5,"column":48}},"5":{"start":{"line":8,"column":8},"end":{"line":8,"column":119}},"6":{"start":{"line":11,"column":8},"end":{"line":54,"column":11}},"7":{"start":{"line":12,"column":12},"end":{"line":12,"column":45}},"8":{"start":{"line":13,"column":12},"end":{"line":13,"column":63}},"9":{"start":{"line":14,"column":12},"end":{"line":14,"column":81}},"10":{"start":{"line":16,"column":12},"end":{"line":18,"column":13}},"11":{"start":{"line":17,"column":16},"end":{"line":17,"column":35}},"12":{"start":{"line":19,"column":12},"end":{"line":19,"column":75}},"13":{"start":{"line":20,"column":12},"end":{"line":22,"column":13}},"14":{"start":{"line":21,"column":16},"end":{"line":21,"column":35}},"15":{"start":{"line":24,"column":12},"end":{"line":24,"column":75}},"16":{"start":{"line":25,"column":12},"end":{"line":25,"column":33}},"17":{"start":{"line":26,"column":12},"end":{"line":29,"column":13}},"18":{"start":{"line":27,"column":16},"end":{"line":27,"column":60}},"19":{"start":{"line":28,"column":16},"end":{"line":28,"column":98}},"20":{"start":{"line":30,"column":12},"end":{"line":32,"column":13}},"21":{"start":{"line":31,"column":16},"end":{"line":31,"column":35}},"22":{"start":{"line":33,"column":12},"end":{"line":33,"column":33}},"23":{"start":{"line":34,"column":12},"end":{"line":46,"column":13}},"24":{"start":{"line":35,"column":16},"end":{"line":39,"column":19}},"25":{"start":{"line":36,"column":20},"end":{"line":38,"column":21}},"26":{"start":{"line":37,"column":24},"end":{"line":37,"column":113}},"27":{"start":{"line":41,"column":16},"end":{"line":45,"column":19}},"28":{"start":{"line":42,"column":20},"end":{"line":44,"column":21}},"29":{"start":{"line":43,"column":24},"end":{"line":43,"column":126}},"30":{"start":{"line":47,"column":12},"end":{"line":47,"column":73}},"31":{"start":{"line":49,"column":12},"end":{"line":52,"column":15}},"32":{"start":{"line":49,"column":36},"end":{"line":49,"column":68}},"33":{"start":{"line":51,"column":16},"end":{"line":51,"column":106}},"34":{"start":{"line":53,"column":12},"end":{"line":53,"column":40}},"35":{"start":{"line":57,"column":0},"end":{"line":57,"column":62}}},"branchMap":{"1":{"line":16,"type":"if","locations":[{"start":{"line":16,"column":12},"end":{"line":16,"column":12}},{"start":{"line":16,"column":12},"end":{"line":16,"column":12}}]},"2":{"line":20,"type":"if","locations":[{"start":{"line":20,"column":12},"end":{"line":20,"column":12}},{"start":{"line":20,"column":12},"end":{"line":20,"column":12}}]},"3":{"line":20,"type":"binary-expr","locations":[{"start":{"line":20,"column":16},"end":{"line":20,"column":25}},{"start":{"line":20,"column":29},"end":{"line":20,"column":67}}]},"4":{"line":26,"type":"if","locations":[{"start":{"line":26,"column":12},"end":{"line":26,"column":12}},{"start":{"line":26,"column":12},"end":{"line":26,"column":12}}]},"5":{"line":26,"type":"binary-expr","locations":[{"start":{"line":26,"column":16},"end":{"line":26,"column":30}},{"start":{"line":26,"column":34},"end":{"line":26,"column":85}}]},"6":{"line":30,"type":"if","locations":[{"start":{"line":30,"column":12},"end":{"line":30,"column":12}},{"start":{"line":30,"column":12},"end":{"line":30,"column":12}}]},"7":{"line":34,"type":"if","locations":[{"start":{"line":34,"column":12},"end":{"line":34,"column":12}},{"start":{"line":34,"column":12},"end":{"line":34,"column":12}}]},"8":{"line":36,"type":"if","locations":[{"start":{"line":36,"column":20},"end":{"line":36,"column":20}},{"start":{"line":36,"column":20},"end":{"line":36,"column":20}}]},"9":{"line":42,"type":"if","locations":[{"start":{"line":42,"column":20},"end":{"line":42,"column":20}},{"start":{"line":42,"column":20},"end":{"line":42,"column":20}}]}}},"/Users/carvajal/dev/fortran-linter/out/src/features/document-symbol-provider.js":{"path":"/Users/carvajal/dev/fortran-linter/out/src/features/document-symbol-provider.js","s":{"1":0,"2":0,"3":0,"4":0,"5":0,"6":0,"7":0,"8":0,"9":0,"10":0,"11":0,"12":0,"13":0,"14":0,"15":0},"b":{},"f":{"1":0},"fnMap":{"1":{"name":"(anonymous_1)","line":7,"loc":{"start":{"line":7,"column":26},"end":{"line":7,"column":44}}}},"statementMap":{"1":{"start":{"line":2,"column":0},"end":{"line":2,"column":62}},"2":{"start":{"line":3,"column":0},"end":{"line":3,"column":33}},"3":{"start":{"line":4,"column":0},"end":{"line":4,"column":48}},"4":{"start":{"line":5,"column":0},"end":{"line":5,"column":48}},"5":{"start":{"line":8,"column":8},"end":{"line":11,"column":11}},"6":{"start":{"line":9,"column":12},"end":{"line":9,"column":81}},"7":{"start":{"line":10,"column":12},"end":{"line":10,"column":93}},"8":{"start":{"line":12,"column":8},"end":{"line":15,"column":11}},"9":{"start":{"line":13,"column":12},"end":{"line":13,"column":81}},"10":{"start":{"line":14,"column":12},"end":{"line":14,"column":93}},"11":{"start":{"line":16,"column":8},"end":{"line":19,"column":11}},"12":{"start":{"line":17,"column":12},"end":{"line":17,"column":91}},"13":{"start":{"line":18,"column":12},"end":{"line":18,"column":98}},"14":{"start":{"line":20,"column":8},"end":{"line":20,"column":55}},"15":{"start":{"line":23,"column":0},"end":{"line":23,"column":70}}},"branchMap":{}},"/Users/carvajal/dev/fortran-linter/out/src/features/hover-provider.js":{"path":"/Users/carvajal/dev/fortran-linter/out/src/features/hover-provider.js","s":{"1":0,"2":0,"3":0,"4":0,"5":0,"6":0,"7":0,"8":0},"b":{"1":[0,0]},"f":{"1":0},"fnMap":{"1":{"name":"(anonymous_1)","line":6,"loc":{"start":{"line":6,"column":16},"end":{"line":6,"column":44}}}},"statementMap":{"1":{"start":{"line":2,"column":0},"end":{"line":2,"column":62}},"2":{"start":{"line":3,"column":0},"end":{"line":3,"column":35}},"3":{"start":{"line":4,"column":0},"end":{"line":4,"column":42}},"4":{"start":{"line":7,"column":8},"end":{"line":7,"column":66}},"5":{"start":{"line":8,"column":8},"end":{"line":8,"column":47}},"6":{"start":{"line":9,"column":8},"end":{"line":11,"column":9}},"7":{"start":{"line":10,"column":12},"end":{"line":10,"column":68}},"8":{"start":{"line":14,"column":0},"end":{"line":14,"column":39}}},"branchMap":{"1":{"line":9,"type":"if","locations":[{"start":{"line":9,"column":8},"end":{"line":9,"column":8}},{"start":{"line":9,"column":8},"end":{"line":9,"column":8}}]}}},"/Users/carvajal/dev/fortran-linter/out/src/features/linter-provider.js":{"path":"/Users/carvajal/dev/fortran-linter/out/src/features/linter-provider.js","s":{"1":0,"2":0,"3":0,"4":0,"5":0,"6":0,"7":0,"8":0,"9":0,"10":0,"11":0,"12":0,"13":0,"14":0,"15":0,"16":0,"17":0,"18":0,"19":0,"20":0,"21":0,"22":0,"23":0,"24":0,"25":0,"26":0,"27":0,"28":0,"29":0,"30":0,"31":0,"32":0,"33":0,"34":0,"35":0,"36":0,"37":0,"38":0,"39":0,"40":0,"41":0,"42":0,"43":0,"44":0,"45":0,"46":0,"47":0,"48":0,"49":0,"50":0,"51":0,"52":0,"53":0,"54":0,"55":0,"56":0,"57":0,"58":0,"59":0,"60":0,"61":0,"62":0,"63":0,"64":0,"65":0},"b":{"1":[0,0],"2":[0,0],"3":[0,0],"4":[0,0],"5":[0,0]},"f":{"1":0,"2":0,"3":0,"4":0,"5":0,"6":0,"7":0,"8":0,"9":0},"fnMap":{"1":{"name":"(anonymous_1)","line":8,"loc":{"start":{"line":8,"column":15},"end":{"line":8,"column":18}}},"2":{"name":"(anonymous_2)","line":10,"loc":{"start":{"line":10,"column":23},"end":{"line":10,"column":38}}},"3":{"name":"(anonymous_3)","line":55,"loc":{"start":{"line":55,"column":25},"end":{"line":55,"column":40}}},"4":{"name":"(anonymous_4)","line":69,"loc":{"start":{"line":69,"column":22},"end":{"line":69,"column":56}}},"5":{"name":"(anonymous_5)","line":78,"loc":{"start":{"line":78,"column":12},"end":{"line":78,"column":28}}},"6":{"name":"(anonymous_6)","line":88,"loc":{"start":{"line":88,"column":11},"end":{"line":88,"column":14}}},"7":{"name":"(anonymous_7)","line":93,"loc":{"start":{"line":93,"column":19},"end":{"line":93,"column":22}}},"8":{"name":"(anonymous_8)","line":98,"loc":{"start":{"line":98,"column":19},"end":{"line":98,"column":22}}},"9":{"name":"(anonymous_9)","line":102,"loc":{"start":{"line":102,"column":22},"end":{"line":102,"column":25}}}},"statementMap":{"1":{"start":{"line":2,"column":0},"end":{"line":2,"column":62}},"2":{"start":{"line":3,"column":0},"end":{"line":3,"column":29}},"3":{"start":{"line":4,"column":0},"end":{"line":4,"column":36}},"4":{"start":{"line":5,"column":0},"end":{"line":5,"column":42}},"5":{"start":{"line":6,"column":0},"end":{"line":6,"column":33}},"6":{"start":{"line":11,"column":8},"end":{"line":11,"column":118}},"7":{"start":{"line":12,"column":8},"end":{"line":14,"column":9}},"8":{"start":{"line":13,"column":12},"end":{"line":13,"column":19}},"9":{"start":{"line":15,"column":8},"end":{"line":15,"column":25}},"10":{"start":{"line":16,"column":8},"end":{"line":16,"column":29}},"11":{"start":{"line":17,"column":8},"end":{"line":17,"column":45}},"12":{"start":{"line":18,"column":8},"end":{"line":18,"column":63}},"13":{"start":{"line":19,"column":8},"end":{"line":19,"column":61}},"14":{"start":{"line":20,"column":8},"end":{"line":20,"column":73}},"15":{"start":{"line":21,"column":8},"end":{"line":53,"column":9}},"16":{"start":{"line":22,"column":12},"end":{"line":24,"column":15}},"17":{"start":{"line":23,"column":16},"end":{"line":23,"column":32}},"18":{"start":{"line":25,"column":12},"end":{"line":27,"column":15}},"19":{"start":{"line":26,"column":16},"end":{"line":26,"column":32}},"20":{"start":{"line":28,"column":12},"end":{"line":42,"column":15}},"21":{"start":{"line":29,"column":16},"end":{"line":29,"column":33}},"22":{"start":{"line":30,"column":16},"end":{"line":40,"column":17}},"23":{"start":{"line":31,"column":20},"end":{"line":31,"column":57}},"24":{"start":{"line":32,"column":20},"end":{"line":32,"column":58}},"25":{"start":{"line":33,"column":20},"end":{"line":33,"column":60}},"26":{"start":{"line":34,"column":20},"end":{"line":34,"column":43}},"27":{"start":{"line":35,"column":20},"end":{"line":35,"column":138}},"28":{"start":{"line":36,"column":20},"end":{"line":36,"column":46}},"29":{"start":{"line":37,"column":20},"end":{"line":37,"column":147}},"30":{"start":{"line":38,"column":20},"end":{"line":38,"column":85}},"31":{"start":{"line":39,"column":20},"end":{"line":39,"column":49}},"32":{"start":{"line":41,"column":16},"end":{"line":41,"column":77}},"33":{"start":{"line":43,"column":12},"end":{"line":45,"column":15}},"34":{"start":{"line":44,"column":16},"end":{"line":44,"column":70}},"35":{"start":{"line":48,"column":12},"end":{"line":52,"column":15}},"36":{"start":{"line":49,"column":16},"end":{"line":51,"column":17}},"37":{"start":{"line":50,"column":20},"end":{"line":50,"column":147}},"38":{"start":{"line":56,"column":8},"end":{"line":56,"column":97}},"39":{"start":{"line":57,"column":8},"end":{"line":57,"column":104}},"40":{"start":{"line":58,"column":8},"end":{"line":58,"column":50}},"41":{"start":{"line":59,"column":8},"end":{"line":59,"column":68}},"42":{"start":{"line":60,"column":8},"end":{"line":60,"column":90}},"43":{"start":{"line":61,"column":8},"end":{"line":66,"column":10}},"44":{"start":{"line":67,"column":8},"end":{"line":67,"column":72}},"45":{"start":{"line":67,"column":34},"end":{"line":67,"column":44}},"46":{"start":{"line":67,"column":60},"end":{"line":67,"column":70}},"47":{"start":{"line":70,"column":8},"end":{"line":70,"column":15}},"48":{"start":{"line":79,"column":8},"end":{"line":79,"column":82}},"49":{"start":{"line":80,"column":8},"end":{"line":80,"column":94}},"50":{"start":{"line":81,"column":8},"end":{"line":83,"column":32}},"51":{"start":{"line":82,"column":12},"end":{"line":82,"column":63}},"52":{"start":{"line":84,"column":8},"end":{"line":84,"column":79}},"53":{"start":{"line":86,"column":8},"end":{"line":86,"column":79}},"54":{"start":{"line":89,"column":8},"end":{"line":89,"column":42}},"55":{"start":{"line":90,"column":8},"end":{"line":90,"column":44}},"56":{"start":{"line":91,"column":8},"end":{"line":91,"column":31}},"57":{"start":{"line":94,"column":8},"end":{"line":94,"column":66}},"58":{"start":{"line":95,"column":8},"end":{"line":95,"column":58}},"59":{"start":{"line":96,"column":8},"end":{"line":96,"column":28}},"60":{"start":{"line":99,"column":8},"end":{"line":99,"column":66}},"61":{"start":{"line":100,"column":8},"end":{"line":100,"column":60}},"62":{"start":{"line":103,"column":8},"end":{"line":103,"column":66}},"63":{"start":{"line":104,"column":8},"end":{"line":104,"column":56}},"64":{"start":{"line":107,"column":0},"end":{"line":107,"column":64}},"65":{"start":{"line":108,"column":0},"end":{"line":108,"column":41}}},"branchMap":{"1":{"line":12,"type":"if","locations":[{"start":{"line":12,"column":8},"end":{"line":12,"column":8}},{"start":{"line":12,"column":8},"end":{"line":12,"column":8}}]},"2":{"line":21,"type":"if","locations":[{"start":{"line":21,"column":8},"end":{"line":21,"column":8}},{"start":{"line":21,"column":8},"end":{"line":21,"column":8}}]},"3":{"line":35,"type":"cond-expr","locations":[{"start":{"line":35,"column":70},"end":{"line":35,"column":103}},{"start":{"line":35,"column":106},"end":{"line":35,"column":137}}]},"4":{"line":49,"type":"if","locations":[{"start":{"line":49,"column":16},"end":{"line":49,"column":16}},{"start":{"line":49,"column":16},"end":{"line":49,"column":16}}]},"5":{"line":56,"type":"cond-expr","locations":[{"start":{"line":56,"column":50},"end":{"line":56,"column":84}},{"start":{"line":56,"column":87},"end":{"line":56,"column":96}}]}}},"/Users/carvajal/dev/fortran-linter/out/src/features/linterProvider.js":{"path":"/Users/carvajal/dev/fortran-linter/out/src/features/linterProvider.js","s":{"1":0,"2":0,"3":0,"4":0,"5":0,"6":0,"7":0,"8":0,"9":0,"10":0,"11":0,"12":0,"13":0,"14":0,"15":0,"16":0,"17":0,"18":0,"19":0,"20":0,"21":0,"22":0,"23":0,"24":0,"25":0,"26":0,"27":0,"28":0,"29":0,"30":0,"31":0,"32":0,"33":0,"34":0,"35":0,"36":0,"37":0,"38":0,"39":0,"40":0,"41":0,"42":0,"43":0,"44":0,"45":0,"46":0,"47":0,"48":0,"49":0,"50":0,"51":0,"52":0,"53":0,"54":0,"55":0,"56":0,"57":0,"58":0,"59":0},"b":{"1":[0,0],"2":[0,0],"3":[0,0],"4":[0,0],"5":[0,0]},"f":{"1":0,"2":0,"3":0,"4":0,"5":0,"6":0},"fnMap":{"1":{"name":"(anonymous_1)","line":6,"loc":{"start":{"line":6,"column":15},"end":{"line":6,"column":18}}},"2":{"name":"(anonymous_2)","line":10,"loc":{"start":{"line":10,"column":23},"end":{"line":10,"column":38}}},"3":{"name":"(anonymous_3)","line":51,"loc":{"start":{"line":51,"column":22},"end":{"line":51,"column":56}}},"4":{"name":"(anonymous_4)","line":59,"loc":{"start":{"line":59,"column":17},"end":{"line":59,"column":44}}},"5":{"name":"(anonymous_5)","line":74,"loc":{"start":{"line":74,"column":12},"end":{"line":74,"column":28}}},"6":{"name":"(anonymous_6)","line":86,"loc":{"start":{"line":86,"column":11},"end":{"line":86,"column":14}}}},"statementMap":{"1":{"start":{"line":2,"column":0},"end":{"line":2,"column":62}},"2":{"start":{"line":3,"column":0},"end":{"line":3,"column":36}},"3":{"start":{"line":4,"column":0},"end":{"line":4,"column":33}},"4":{"start":{"line":11,"column":8},"end":{"line":11,"column":94}},"5":{"start":{"line":12,"column":8},"end":{"line":12,"column":45}},"6":{"start":{"line":13,"column":8},"end":{"line":15,"column":9}},"7":{"start":{"line":14,"column":12},"end":{"line":14,"column":19}},"8":{"start":{"line":16,"column":8},"end":{"line":16,"column":25}},"9":{"start":{"line":17,"column":8},"end":{"line":17,"column":29}},"10":{"start":{"line":18,"column":8},"end":{"line":18,"column":97}},"11":{"start":{"line":19,"column":8},"end":{"line":19,"column":47}},"12":{"start":{"line":20,"column":8},"end":{"line":20,"column":136}},"13":{"start":{"line":22,"column":8},"end":{"line":49,"column":9}},"14":{"start":{"line":23,"column":12},"end":{"line":25,"column":15}},"15":{"start":{"line":24,"column":16},"end":{"line":24,"column":32}},"16":{"start":{"line":26,"column":12},"end":{"line":28,"column":15}},"17":{"start":{"line":27,"column":16},"end":{"line":27,"column":32}},"18":{"start":{"line":29,"column":12},"end":{"line":45,"column":15}},"19":{"start":{"line":30,"column":16},"end":{"line":30,"column":46}},"20":{"start":{"line":31,"column":16},"end":{"line":31,"column":37}},"21":{"start":{"line":32,"column":16},"end":{"line":32,"column":28}},"22":{"start":{"line":33,"column":16},"end":{"line":43,"column":17}},"23":{"start":{"line":34,"column":20},"end":{"line":34,"column":52}},"24":{"start":{"line":35,"column":20},"end":{"line":35,"column":58}},"25":{"start":{"line":36,"column":20},"end":{"line":36,"column":60}},"26":{"start":{"line":37,"column":20},"end":{"line":37,"column":43}},"27":{"start":{"line":38,"column":20},"end":{"line":38,"column":138}},"28":{"start":{"line":39,"column":20},"end":{"line":39,"column":46}},"29":{"start":{"line":40,"column":20},"end":{"line":40,"column":147}},"30":{"start":{"line":41,"column":20},"end":{"line":41,"column":85}},"31":{"start":{"line":42,"column":20},"end":{"line":42,"column":49}},"32":{"start":{"line":44,"column":16},"end":{"line":44,"column":77}},"33":{"start":{"line":46,"column":12},"end":{"line":48,"column":15}},"34":{"start":{"line":47,"column":16},"end":{"line":47,"column":70}},"35":{"start":{"line":52,"column":8},"end":{"line":52,"column":48}},"36":{"start":{"line":53,"column":8},"end":{"line":57,"column":15}},"37":{"start":{"line":60,"column":8},"end":{"line":60,"column":47}},"38":{"start":{"line":61,"column":8},"end":{"line":61,"column":67}},"39":{"start":{"line":62,"column":8},"end":{"line":62,"column":32}},"40":{"start":{"line":63,"column":8},"end":{"line":63,"column":60}},"41":{"start":{"line":64,"column":8},"end":{"line":72,"column":9}},"42":{"start":{"line":65,"column":12},"end":{"line":65,"column":58}},"43":{"start":{"line":66,"column":12},"end":{"line":66,"column":50}},"44":{"start":{"line":67,"column":12},"end":{"line":67,"column":55}},"45":{"start":{"line":68,"column":12},"end":{"line":68,"column":52}},"46":{"start":{"line":71,"column":12},"end":{"line":71,"column":155}},"47":{"start":{"line":75,"column":8},"end":{"line":75,"column":115}},"48":{"start":{"line":76,"column":8},"end":{"line":76,"column":33}},"49":{"start":{"line":77,"column":8},"end":{"line":77,"column":82}},"50":{"start":{"line":78,"column":8},"end":{"line":78,"column":94}},"51":{"start":{"line":79,"column":8},"end":{"line":81,"column":32}},"52":{"start":{"line":80,"column":12},"end":{"line":80,"column":63}},"53":{"start":{"line":82,"column":8},"end":{"line":82,"column":79}},"54":{"start":{"line":84,"column":8},"end":{"line":84,"column":79}},"55":{"start":{"line":87,"column":8},"end":{"line":87,"column":42}},"56":{"start":{"line":88,"column":8},"end":{"line":88,"column":44}},"57":{"start":{"line":89,"column":8},"end":{"line":89,"column":31}},"58":{"start":{"line":92,"column":0},"end":{"line":92,"column":64}},"59":{"start":{"line":93,"column":0},"end":{"line":93,"column":41}}},"branchMap":{"1":{"line":13,"type":"if","locations":[{"start":{"line":13,"column":8},"end":{"line":13,"column":8}},{"start":{"line":13,"column":8},"end":{"line":13,"column":8}}]},"2":{"line":18,"type":"cond-expr","locations":[{"start":{"line":18,"column":50},"end":{"line":18,"column":84}},{"start":{"line":18,"column":87},"end":{"line":18,"column":96}}]},"3":{"line":22,"type":"if","locations":[{"start":{"line":22,"column":8},"end":{"line":22,"column":8}},{"start":{"line":22,"column":8},"end":{"line":22,"column":8}}]},"4":{"line":38,"type":"cond-expr","locations":[{"start":{"line":38,"column":70},"end":{"line":38,"column":103}},{"start":{"line":38,"column":106},"end":{"line":38,"column":137}}]},"5":{"line":64,"type":"if","locations":[{"start":{"line":64,"column":8},"end":{"line":64,"column":8}},{"start":{"line":64,"column":8},"end":{"line":64,"column":8}}]}}},"/Users/carvajal/dev/fortran-linter/out/src/lib/helper.js":{"path":"/Users/carvajal/dev/fortran-linter/out/src/lib/helper.js","s":{"1":0,"2":0,"3":0,"4":0,"5":0,"6":0,"7":0,"8":0,"9":0,"10":0,"11":0,"12":0,"13":0,"14":0,"15":0,"16":0,"17":0,"18":0,"19":0,"20":0,"21":0,"22":0,"23":0,"24":0,"25":0,"26":0,"27":0,"28":0,"29":0,"30":0,"31":0,"32":0,"33":0,"34":0,"35":0,"36":0,"37":0,"38":0,"39":0,"40":0,"41":0,"42":0,"43":0,"44":0,"45":0,"46":0,"47":0,"48":0,"49":0,"50":0,"51":0,"52":0,"53":0,"54":0,"55":0,"56":0,"57":0,"58":0},"b":{"1":[0,0],"2":[0,0],"3":[0,0]},"f":{"1":0,"2":0},"fnMap":{"1":{"name":"isPositionInString","line":67,"loc":{"start":{"line":67,"column":0},"end":{"line":67,"column":48}}},"2":{"name":"(anonymous_2)","line":80,"loc":{"start":{"line":80,"column":62},"end":{"line":80,"column":77}}}},"statementMap":{"1":{"start":{"line":2,"column":0},"end":{"line":2,"column":62}},"2":{"start":{"line":3,"column":0},"end":{"line":3,"column":25}},"3":{"start":{"line":4,"column":0},"end":{"line":4,"column":34}},"4":{"start":{"line":5,"column":0},"end":{"line":19,"column":2}},"5":{"start":{"line":20,"column":0},"end":{"line":20,"column":130}},"6":{"start":{"line":21,"column":0},"end":{"line":23,"column":2}},"7":{"start":{"line":22,"column":4},"end":{"line":22,"column":97}},"8":{"start":{"line":22,"column":53},"end":{"line":22,"column":88}},"9":{"start":{"line":24,"column":0},"end":{"line":30,"column":2}},"10":{"start":{"line":25,"column":4},"end":{"line":25,"column":36}},"11":{"start":{"line":26,"column":4},"end":{"line":26,"column":63}},"12":{"start":{"line":27,"column":4},"end":{"line":27,"column":54}},"13":{"start":{"line":28,"column":4},"end":{"line":28,"column":33}},"14":{"start":{"line":29,"column":4},"end":{"line":29,"column":22}},"15":{"start":{"line":31,"column":0},"end":{"line":63,"column":2}},"16":{"start":{"line":32,"column":4},"end":{"line":32,"column":36}},"17":{"start":{"line":33,"column":4},"end":{"line":33,"column":97}},"18":{"start":{"line":34,"column":4},"end":{"line":34,"column":45}},"19":{"start":{"line":35,"column":4},"end":{"line":35,"column":48}},"20":{"start":{"line":36,"column":4},"end":{"line":36,"column":42}},"21":{"start":{"line":37,"column":4},"end":{"line":37,"column":75}},"22":{"start":{"line":38,"column":4},"end":{"line":38,"column":64}},"23":{"start":{"line":39,"column":4},"end":{"line":39,"column":92}},"24":{"start":{"line":40,"column":4},"end":{"line":40,"column":54}},"25":{"start":{"line":41,"column":4},"end":{"line":41,"column":76}},"26":{"start":{"line":42,"column":4},"end":{"line":59,"column":7}},"27":{"start":{"line":43,"column":8},"end":{"line":43,"column":32}},"28":{"start":{"line":44,"column":43},"end":{"line":44,"column":54}},"29":{"start":{"line":45,"column":54},"end":{"line":45,"column":77}},"30":{"start":{"line":46,"column":52},"end":{"line":46,"column":80}},"31":{"start":{"line":47,"column":71},"end":{"line":47,"column":83}},"32":{"start":{"line":48,"column":71},"end":{"line":48,"column":82}},"33":{"start":{"line":49,"column":77},"end":{"line":49,"column":81}},"34":{"start":{"line":50,"column":46},"end":{"line":50,"column":50}},"35":{"start":{"line":52,"column":8},"end":{"line":52,"column":32}},"36":{"start":{"line":56,"column":8},"end":{"line":56,"column":38}},"37":{"start":{"line":57,"column":8},"end":{"line":57,"column":45}},"38":{"start":{"line":58,"column":8},"end":{"line":58,"column":37}},"39":{"start":{"line":60,"column":4},"end":{"line":60,"column":75}},"40":{"start":{"line":61,"column":4},"end":{"line":61,"column":25}},"41":{"start":{"line":62,"column":4},"end":{"line":62,"column":19}},"42":{"start":{"line":64,"column":0},"end":{"line":66,"column":2}},"43":{"start":{"line":65,"column":4},"end":{"line":65,"column":35}},"44":{"start":{"line":67,"column":0},"end":{"line":75,"column":1}},"45":{"start":{"line":68,"column":4},"end":{"line":68,"column":55}},"46":{"start":{"line":69,"column":4},"end":{"line":69,"column":73}},"47":{"start":{"line":71,"column":4},"end":{"line":71,"column":78}},"48":{"start":{"line":72,"column":4},"end":{"line":72,"column":87}},"49":{"start":{"line":73,"column":4},"end":{"line":73,"column":46}},"50":{"start":{"line":74,"column":4},"end":{"line":74,"column":37}},"51":{"start":{"line":76,"column":0},"end":{"line":76,"column":48}},"52":{"start":{"line":77,"column":0},"end":{"line":85,"column":2}},"53":{"start":{"line":78,"column":4},"end":{"line":78,"column":46}},"54":{"start":{"line":79,"column":4},"end":{"line":79,"column":74}},"55":{"start":{"line":80,"column":4},"end":{"line":84,"column":7}},"56":{"start":{"line":81,"column":8},"end":{"line":82,"column":22}},"57":{"start":{"line":82,"column":12},"end":{"line":82,"column":22}},"58":{"start":{"line":83,"column":8},"end":{"line":83,"column":30}}},"branchMap":{"1":{"line":71,"type":"binary-expr","locations":[{"start":{"line":71,"column":27},"end":{"line":71,"column":63}},{"start":{"line":71,"column":67},"end":{"line":71,"column":69}}]},"2":{"line":72,"type":"binary-expr","locations":[{"start":{"line":72,"column":34},"end":{"line":72,"column":72}},{"start":{"line":72,"column":76},"end":{"line":72,"column":78}}]},"3":{"line":81,"type":"if","locations":[{"start":{"line":81,"column":8},"end":{"line":81,"column":8}},{"start":{"line":81,"column":8},"end":{"line":81,"column":8}}]}}},"/Users/carvajal/dev/fortran-linter/out/src/lib/linter.js":{"path":"/Users/carvajal/dev/fortran-linter/out/src/lib/linter.js","s":{},"b":{},"f":{},"fnMap":{},"statementMap":{},"branchMap":{}},"/Users/carvajal/dev/fortran-linter/out/src/lib/variables.js":{"path":"/Users/carvajal/dev/fortran-linter/out/src/lib/variables.js","s":{"1":0,"2":0,"3":0,"4":0,"5":0,"6":0,"7":0,"8":0,"9":0,"10":0,"11":0,"12":0,"13":0,"14":0,"15":0,"16":0,"17":0,"18":0},"b":{"1":[0,0],"2":[0,0],"3":[0,0]},"f":{"1":0},"fnMap":{"1":{"name":"getDeclaredVars","line":4,"loc":{"start":{"line":4,"column":0},"end":{"line":4,"column":35}}}},"statementMap":{"1":{"start":{"line":2,"column":0},"end":{"line":2,"column":62}},"2":{"start":{"line":3,"column":0},"end":{"line":3,"column":118}},"3":{"start":{"line":4,"column":0},"end":{"line":17,"column":1}},"4":{"start":{"line":5,"column":4},"end":{"line":5,"column":35}},"5":{"start":{"line":6,"column":4},"end":{"line":6,"column":18}},"6":{"start":{"line":7,"column":4},"end":{"line":15,"column":5}},"7":{"start":{"line":8,"column":8},"end":{"line":8,"column":38}},"8":{"start":{"line":9,"column":8},"end":{"line":10,"column":21}},"9":{"start":{"line":10,"column":12},"end":{"line":10,"column":21}},"10":{"start":{"line":11,"column":8},"end":{"line":11,"column":50}},"11":{"start":{"line":12,"column":8},"end":{"line":14,"column":9}},"12":{"start":{"line":13,"column":12},"end":{"line":13,"column":68}},"13":{"start":{"line":16,"column":4},"end":{"line":16,"column":16}},"14":{"start":{"line":18,"column":0},"end":{"line":18,"column":42}},"15":{"start":{"line":19,"column":0},"end":{"line":24,"column":2}},"16":{"start":{"line":20,"column":4},"end":{"line":23,"column":5}},"17":{"start":{"line":21,"column":8},"end":{"line":21,"column":77}},"18":{"start":{"line":22,"column":8},"end":{"line":22,"column":42}}},"branchMap":{"1":{"line":9,"type":"if","locations":[{"start":{"line":9,"column":8},"end":{"line":9,"column":8}},{"start":{"line":9,"column":8},"end":{"line":9,"column":8}}]},"2":{"line":12,"type":"if","locations":[{"start":{"line":12,"column":8},"end":{"line":12,"column":8}},{"start":{"line":12,"column":8},"end":{"line":12,"column":8}}]},"3":{"line":20,"type":"if","locations":[{"start":{"line":20,"column":4},"end":{"line":20,"column":4}},{"start":{"line":20,"column":4},"end":{"line":20,"column":4}}]}}}}