{
"../../vscode-fortran-support/src/lib/functions.ts":{"path":"../../vscode-fortran-support/src/lib/functions.ts","statementMap":{"1":{"start":{"line":30,"column":0},"end":{"line":33,"column":1}},"2":{"start":{"line":31,"column":2},"end":{"line":31,"column":12}},"3":{"start":{"line":32,"column":2},"end":{"line":32,"column":10}},"4":{"start":{"line":35,"column":0},"end":{"line":50,"column":1}},"5":{"start":{"line":38,"column":2},"end":{"line":38,"column":33}},"6":{"start":{"line":39,"column":2},"end":{"line":39,"column":17}},"7":{"start":{"line":41,"column":2},"end":{"line":48,"column":3}},"8":{"start":{"line":42,"column":4},"end":{"line":42,"column":51}},"9":{"start":{"line":43,"column":4},"end":{"line":43,"column":43}},"10":{"start":{"line":43,"column":34},"end":{"line":43,"column":43}},"11":{"start":{"line":44,"column":4},"end":{"line":44,"column":38}},"12":{"start":{"line":45,"column":4},"end":{"line":47,"column":5}},"13":{"start":{"line":46,"column":6},"end":{"line":46,"column":26}},"14":{"start":{"line":49,"column":2},"end":{"line":49,"column":15}},"15":{"start":{"line":52,"column":0},"end":{"line":67,"column":1}},"16":{"start":{"line":55,"column":2},"end":{"line":55,"column":33}},"17":{"start":{"line":56,"column":2},"end":{"line":56,"column":23}},"18":{"start":{"line":58,"column":2},"end":{"line":65,"column":3}},"19":{"start":{"line":59,"column":4},"end":{"line":59,"column":51}},"20":{"start":{"line":60,"column":4},"end":{"line":60,"column":43}},"21":{"start":{"line":60,"column":34},"end":{"line":60,"column":43}},"22":{"start":{"line":61,"column":4},"end":{"line":61,"column":46}},"23":{"start":{"line":62,"column":4},"end":{"line":64,"column":5}},"24":{"start":{"line":63,"column":6},"end":{"line":63,"column":38}},"25":{"start":{"line":66,"column":2},"end":{"line":66,"column":21}},"26":{"start":{"line":69,"column":13},"end":{"line":71,"column":2}},"27":{"start":{"line":70,"column":2},"end":{"line":70,"column":43}},"28":{"start":{"line":73,"column":13},"end":{"line":75,"column":2}},"29":{"start":{"line":74,"column":2},"end":{"line":74,"column":45}},"30":{"start":{"line":76,"column":13},"end":{"line":106,"column":2}},"31":{"start":{"line":77,"column":2},"end":{"line":77,"column":151}},"32":{"start":{"line":78,"column":2},"end":{"line":78,"column":98}},"33":{"start":{"line":79,"column":2},"end":{"line":80,"column":69}},"34":{"start":{"line":82,"column":2},"end":{"line":83,"column":11}},"35":{"start":{"line":83,"column":4},"end":{"line":83,"column":11}},"36":{"start":{"line":84,"column":2},"end":{"line":84,"column":94}},"37":{"start":{"line":84,"column":87},"end":{"line":84,"column":94}},"38":{"start":{"line":85,"column":2},"end":{"line":85,"column":45}},"39":{"start":{"line":86,"column":2},"end":{"line":105,"column":3}},"40":{"start":{"line":87,"column":4},"end":{"line":90,"column":6}},"41":{"start":{"line":91,"column":4},"end":{"line":91,"column":49}},"42":{"start":{"line":92,"column":4},"end":{"line":96,"column":6}},"43":{"start":{"line":97,"column":9},"end":{"line":105,"column":3}},"44":{"start":{"line":98,"column":4},"end":{"line":98,"column":48}},"45":{"start":{"line":99,"column":4},"end":{"line":99,"column":49}},"46":{"start":{"line":100,"column":4},"end":{"line":104,"column":6}},"47":{"start":{"line":108,"column":13},"end":{"line":116,"column":2}},"48":{"start":{"line":109,"column":2},"end":{"line":109,"column":39}},"49":{"start":{"line":110,"column":2},"end":{"line":114,"column":7}},"50":{"start":{"line":111,"column":20},"end":{"line":111,"column":43}},"51":{"start":{"line":113,"column":6},"end":{"line":113,"column":28}},"52":{"start":{"line":115,"column":2},"end":{"line":115,"column":19}},"53":{"start":{"line":118,"column":13},"end":{"line":120,"column":2}},"54":{"start":{"line":119,"column":2},"end":{"line":119,"column":64}}},"fnMap":{"1":{"name":"(anonymous_1)","line":30,"loc":{"start":{"line":30,"column":0},"end":{"line":30,"column":22}}},"2":{"name":"getDeclaredFunctions","line":35,"loc":{"start":{"line":35,"column":0},"end":{"line":36,"column":31}}},"3":{"name":"getDeclaredSubroutines","line":52,"loc":{"start":{"line":52,"column":0},"end":{"line":53,"column":31}}}},"branchMap":{"1":{"line":30,"type":"binary-expr","locations":[{"start":{"line":30,"column":12},"end":{"line":30,"column":22}},{"start":{"line":30,"column":12},"end":{"line":30,"column":22}}]},"2":{"line":43,"type":"if","locations":[{"start":{"line":43,"column":4},"end":{"line":43,"column":3}},{"start":{"line":43,"column":4},"end":{"line":43,"column":3}}]},"3":{"line":45,"type":"if","locations":[{"start":{"line":45,"column":4},"end":{"line":45,"column":3}},{"start":{"line":45,"column":4},"end":{"line":45,"column":3}}]},"4":{"line":60,"type":"if","locations":[{"start":{"line":60,"column":4},"end":{"line":60,"column":3}},{"start":{"line":60,"column":4},"end":{"line":60,"column":3}}]},"5":{"line":62,"type":"if","locations":[{"start":{"line":62,"column":4},"end":{"line":62,"column":3}},{"start":{"line":62,"column":4},"end":{"line":62,"column":3}}]},"6":{"line":80,"type":"cond-expr","locations":[{"start":{"line":80,"column":37},"end":{"line":80,"column":52}},{"start":{"line":80,"column":55},"end":{"line":80,"column":68}}]},"7":{"line":82,"type":"if","locations":[{"start":{"line":82,"column":2},"end":{"line":82,"column":1}},{"start":{"line":82,"column":2},"end":{"line":82,"column":1}}]},"8":{"line":82,"type":"binary-expr","locations":[{"start":{"line":82,"column":6},"end":{"line":82,"column":36}},{"start":{"line":82,"column":40},"end":{"line":82,"column":89}}]},"9":{"line":84,"type":"if","locations":[{"start":{"line":84,"column":2},"end":{"line":84,"column":1}},{"start":{"line":84,"column":2},"end":{"line":84,"column":1}}]},"10":{"line":84,"type":"binary-expr","locations":[{"start":{"line":84,"column":6},"end":{"line":84,"column":34}},{"start":{"line":84,"column":38},"end":{"line":84,"column":85}}]},"11":{"line":86,"type":"if","locations":[{"start":{"line":86,"column":2},"end":{"line":86,"column":1}},{"start":{"line":86,"column":2},"end":{"line":86,"column":1}}]},"12":{"line":86,"type":"binary-expr","locations":[{"start":{"line":86,"column":6},"end":{"line":86,"column":18}},{"start":{"line":86,"column":22},"end":{"line":86,"column":50}}]},"13":{"line":91,"type":"cond-expr","locations":[{"start":{"line":91,"column":25},"end":{"line":91,"column":43}},{"start":{"line":91,"column":46},"end":{"line":91,"column":48}}]},"14":{"line":97,"type":"if","locations":[{"start":{"line":97,"column":9},"end":{"line":97,"column":8}},{"start":{"line":97,"column":9},"end":{"line":97,"column":8}}]},"15":{"line":97,"type":"binary-expr","locations":[{"start":{"line":97,"column":13},"end":{"line":97,"column":25}},{"start":{"line":97,"column":29},"end":{"line":97,"column":59}}]},"16":{"line":99,"type":"cond-expr","locations":[{"start":{"line":99,"column":25},"end":{"line":99,"column":43}},{"start":{"line":99,"column":46},"end":{"line":99,"column":48}}]}},"s":{"1":2,"2":1,"3":1,"4":2,"5":0,"6":0,"7":0,"8":0,"9":0,"10":0,"11":0,"12":0,"13":0,"14":0,"15":2,"16":0,"17":0,"18":0,"19":0,"20":0,"21":0,"22":0,"23":0,"24":0,"25":0,"26":1,"27":0,"28":1,"29":0,"30":1,"31":0,"32":0,"33":0,"34":0,"35":0,"36":0,"37":0,"38":0,"39":0,"40":0,"41":0,"42":0,"43":0,"44":0,"45":0,"46":0,"47":1,"48":3,"49":3,"50":5,"51":4,"52":3,"53":1,"54":9},"b":{"1":[1,1],"2":[0,0],"3":[0,0],"4":[0,0],"5":[0,0],"6":[0,0],"7":[0,0],"8":[0,0],"9":[0,0],"10":[0,0],"11":[0,0],"12":[0,0],"13":[0,0],"14":[0,0],"15":[0,0],"16":[0,0]},"f":{"1":1,"2":0,"3":0},"l":{"30":2,"31":1,"32":1,"35":2,"38":0,"39":0,"41":0,"42":0,"43":0,"44":0,"45":0,"46":0,"49":0,"52":2,"55":0,"56":0,"58":0,"59":0,"60":0,"61":0,"62":0,"63":0,"66":0,"69":1,"70":0,"73":1,"74":0,"76":1,"77":0,"78":0,"79":0,"82":0,"83":0,"84":0,"85":0,"86":0,"87":0,"91":0,"92":0,"97":0,"98":0,"99":0,"100":0,"108":1,"109":3,"110":3,"111":5,"113":4,"115":3,"118":1,"119":9}},
"../../vscode-fortran-support/src/lib/tokenizer.ts":{"path":"../../vscode-fortran-support/src/lib/tokenizer.ts","statementMap":{"1":{"start":{"line":4,"column":0},"end":{"line":16,"column":1}},"2":{"start":{"line":5,"column":4},"end":{"line":5,"column":12}},"3":{"start":{"line":6,"column":4},"end":{"line":6,"column":14}},"4":{"start":{"line":7,"column":4},"end":{"line":7,"column":10}},"5":{"start":{"line":8,"column":4},"end":{"line":8,"column":12}},"6":{"start":{"line":9,"column":4},"end":{"line":9,"column":7}},"7":{"start":{"line":10,"column":4},"end":{"line":10,"column":6}},"8":{"start":{"line":11,"column":4},"end":{"line":11,"column":6}},"9":{"start":{"line":12,"column":4},"end":{"line":12,"column":19}},"10":{"start":{"line":13,"column":4},"end":{"line":13,"column":20}},"11":{"start":{"line":14,"column":4},"end":{"line":14,"column":9}},"12":{"start":{"line":15,"column":4},"end":{"line":15,"column":19}},"13":{"start":{"line":35,"column":8},"end":{"line":35,"column":29}},"14":{"start":{"line":36,"column":8},"end":{"line":36,"column":25}},"15":{"start":{"line":39,"column":8},"end":{"line":39,"column":60}},"16":{"start":{"line":42,"column":8},"end":{"line":42,"column":25}},"17":{"start":{"line":43,"column":8},"end":{"line":56,"column":9}},"18":{"start":{"line":44,"column":12},"end":{"line":44,"column":30}},"19":{"start":{"line":45,"column":12},"end":{"line":55,"column":13}},"20":{"start":{"line":46,"column":16},"end":{"line":46,"column":46}},"21":{"start":{"line":47,"column":16},"end":{"line":47,"column":59}},"22":{"start":{"line":48,"column":16},"end":{"line":48,"column":40}},"23":{"start":{"line":49,"column":16},"end":{"line":54,"column":17}},"24":{"start":{"line":50,"column":20},"end":{"line":50,"column":33}},"25":{"start":{"line":51,"column":20},"end":{"line":51,"column":86}},"26":{"start":{"line":52,"column":20},"end":{"line":52,"column":69}},"27":{"start":{"line":53,"column":20},"end":{"line":53,"column":26}},"28":{"start":{"line":30,"column":0},"end":{"line":60,"column":1}}},"fnMap":{"1":{"name":"(anonymous_1)","line":4,"loc":{"start":{"line":4,"column":0},"end":{"line":4,"column":21}}},"2":{"name":"(anonymous_2)","line":34,"loc":{"start":{"line":34,"column":4},"end":{"line":null,"column":-1}}},"3":{"name":"(anonymous_3)","line":38,"loc":{"start":{"line":38,"column":14},"end":{"line":38,"column":27}}},"4":{"name":"(anonymous_4)","line":41,"loc":{"start":{"line":41,"column":19},"end":{"line":41,"column":37}}}},"branchMap":{"1":{"line":4,"type":"binary-expr","locations":[{"start":{"line":4,"column":12},"end":{"line":4,"column":21}},{"start":{"line":4,"column":12},"end":{"line":4,"column":21}}]},"2":{"line":49,"type":"if","locations":[{"start":{"line":49,"column":16},"end":{"line":49,"column":15}},{"start":{"line":49,"column":16},"end":{"line":49,"column":15}}]},"3":{"line":49,"type":"binary-expr","locations":[{"start":{"line":49,"column":19},"end":{"line":49,"column":25}},{"start":{"line":49,"column":29},"end":{"line":49,"column":46}}]}},"s":{"1":2,"2":1,"3":1,"4":1,"5":1,"6":1,"7":1,"8":1,"9":1,"10":1,"11":1,"12":1,"13":1,"14":1,"15":11,"16":1,"17":1,"18":11,"19":11,"20":77,"21":77,"22":77,"23":77,"24":11,"25":11,"26":11,"27":11,"28":1},"b":{"1":[1,1],"2":[11,66],"3":[77,11]},"f":{"1":1,"2":1,"3":11,"4":1},"l":{"4":2,"5":1,"6":1,"7":1,"8":1,"9":1,"10":1,"11":1,"12":1,"13":1,"14":1,"15":1,"30":1,"35":1,"36":1,"39":11,"42":1,"43":1,"44":11,"45":11,"46":77,"47":77,"48":77,"49":77,"50":11,"51":11,"52":11,"53":11}},
"../../vscode-fortran-support/src/extension.ts":{"path":"../../vscode-fortran-support/src/extension.ts","statementMap":{"1":{"start":{"line":2,"column":0},"end":{"line":2,"column":33}},"2":{"start":{"line":4,"column":0},"end":{"line":4,"column":64}},"3":{"start":{"line":5,"column":0},"end":{"line":5,"column":61}},"4":{"start":{"line":6,"column":0},"end":{"line":6,"column":75}},"5":{"start":{"line":7,"column":0},"end":{"line":7,"column":84}},"6":{"start":{"line":9,"column":0},"end":{"line":9,"column":49}},"7":{"start":{"line":11,"column":0},"end":{"line":31,"column":1}},"8":{"start":{"line":12,"column":2},"end":{"line":12,"column":49}},"9":{"start":{"line":13,"column":2},"end":{"line":13,"column":59}},"10":{"start":{"line":14,"column":2},"end":{"line":14,"column":59}},"11":{"start":{"line":16,"column":2},"end":{"line":20,"column":3}},"12":{"start":{"line":17,"column":4},"end":{"line":17,"column":46}},"13":{"start":{"line":18,"column":4},"end":{"line":18,"column":43}},"14":{"start":{"line":19,"column":4},"end":{"line":19,"column":79}},"15":{"start":{"line":22,"column":2},"end":{"line":25,"column":4}},"16":{"start":{"line":26,"column":2},"end":{"line":26,"column":78}},"17":{"start":{"line":27,"column":2},"end":{"line":30,"column":4}}},"fnMap":{"1":{"name":"activate","line":11,"loc":{"start":{"line":11,"column":0},"end":{"line":11,"column":57}}}},"branchMap":{"1":{"line":16,"type":"if","locations":[{"start":{"line":16,"column":2},"end":{"line":16,"column":1}},{"start":{"line":16,"column":2},"end":{"line":16,"column":1}}]}},"s":{"1":0,"2":0,"3":0,"4":0,"5":0,"6":0,"7":0,"8":0,"9":0,"10":0,"11":0,"12":0,"13":0,"14":0,"15":0,"16":0,"17":0},"b":{"1":[0,0]},"f":{"1":0},"l":{"2":0,"4":0,"5":0,"6":0,"7":0,"9":0,"11":0,"12":0,"13":0,"14":0,"16":0,"17":0,"18":0,"19":0,"22":0,"26":0,"27":0}},
"../../vscode-fortran-support/src/features/completion-provider.ts":{"path":"../../vscode-fortran-support/src/features/completion-provider.ts","statementMap":{"1":{"start":{"line":3,"column":0},"end":{"line":3,"column":33}},"2":{"start":{"line":4,"column":0},"end":{"line":8,"column":23}},"3":{"start":{"line":9,"column":0},"end":{"line":9,"column":56}},"4":{"start":{"line":18,"column":4},"end":{"line":23,"column":6}},"5":{"start":{"line":31,"column":4},"end":{"line":103,"column":7}},"6":{"start":{"line":32,"column":6},"end":{"line":32,"column":39}},"7":{"start":{"line":33,"column":6},"end":{"line":33,"column":57}},"8":{"start":{"line":34,"column":6},"end":{"line":34,"column":75}},"9":{"start":{"line":36,"column":6},"end":{"line":38,"column":7}},"10":{"start":{"line":37,"column":8},"end":{"line":37,"column":27}},"11":{"start":{"line":40,"column":6},"end":{"line":40,"column":60}},"12":{"start":{"line":41,"column":6},"end":{"line":44,"column":7}},"13":{"start":{"line":43,"column":8},"end":{"line":43,"column":27}},"14":{"start":{"line":47,"column":6},"end":{"line":47,"column":69}},"15":{"start":{"line":48,"column":6},"end":{"line":48,"column":27}},"16":{"start":{"line":49,"column":6},"end":{"line":58,"column":7}},"17":{"start":{"line":53,"column":8},"end":{"line":53,"column":52}},"18":{"start":{"line":54,"column":8},"end":{"line":57,"column":10}},"19":{"start":{"line":60,"column":6},"end":{"line":63,"column":7}},"20":{"start":{"line":62,"column":8},"end":{"line":62,"column":27}},"21":{"start":{"line":65,"column":6},"end":{"line":65,"column":27}},"22":{"start":{"line":67,"column":6},"end":{"line":90,"column":7}},"23":{"start":{"line":68,"column":8},"end":{"line":77,"column":11}},"24":{"start":{"line":69,"column":10},"end":{"line":76,"column":11}},"25":{"start":{"line":70,"column":12},"end":{"line":75,"column":14}},"26":{"start":{"line":80,"column":8},"end":{"line":89,"column":11}},"27":{"start":{"line":81,"column":10},"end":{"line":88,"column":11}},"28":{"start":{"line":82,"column":12},"end":{"line":87,"column":14}},"29":{"start":{"line":91,"column":6},"end":{"line":91,"column":55}},"30":{"start":{"line":93,"column":6},"end":{"line":100,"column":9}},"31":{"start":{"line":93,"column":30},"end":{"line":93,"column":62}},"32":{"start":{"line":94,"column":8},"end":{"line":99,"column":10}},"33":{"start":{"line":102,"column":6},"end":{"line":102,"column":34}},"34":{"start":{"line":11,"column":0},"end":{"line":105,"column":1}}},"fnMap":{"1":{"name":"(anonymous_1)","line":13,"loc":{"start":{"line":13,"column":31},"end":{"line":16,"column":35}}},"2":{"name":"(anonymous_2)","line":25,"loc":{"start":{"line":25,"column":39},"end":{"line":29,"column":41}}}},"branchMap":{"1":{"line":36,"type":"if","locations":[{"start":{"line":36,"column":6},"end":{"line":36,"column":5}},{"start":{"line":36,"column":6},"end":{"line":36,"column":5}}]},"2":{"line":41,"type":"if","locations":[{"start":{"line":41,"column":6},"end":{"line":41,"column":5}},{"start":{"line":41,"column":6},"end":{"line":41,"column":5}}]},"3":{"line":41,"type":"binary-expr","locations":[{"start":{"line":41,"column":10},"end":{"line":41,"column":19}},{"start":{"line":41,"column":23},"end":{"line":41,"column":60}}]},"4":{"line":49,"type":"if","locations":[{"start":{"line":49,"column":6},"end":{"line":49,"column":5}},{"start":{"line":49,"column":6},"end":{"line":49,"column":5}}]},"5":{"line":50,"type":"binary-expr","locations":[{"start":{"line":50,"column":8},"end":{"line":50,"column":22}},{"start":{"line":51,"column":8},"end":{"line":52,"column":6}}]},"6":{"line":60,"type":"if","locations":[{"start":{"line":60,"column":6},"end":{"line":60,"column":5}},{"start":{"line":60,"column":6},"end":{"line":60,"column":5}}]},"7":{"line":67,"type":"if","locations":[{"start":{"line":67,"column":6},"end":{"line":67,"column":5}},{"start":{"line":67,"column":6},"end":{"line":67,"column":5}}]},"8":{"line":69,"type":"if","locations":[{"start":{"line":69,"column":10},"end":{"line":69,"column":9}},{"start":{"line":69,"column":10},"end":{"line":69,"column":9}}]},"9":{"line":81,"type":"if","locations":[{"start":{"line":81,"column":10},"end":{"line":81,"column":9}},{"start":{"line":81,"column":10},"end":{"line":81,"column":9}}]}},"s":{"1":0,"2":0,"3":0,"4":0,"5":0,"6":0,"7":0,"8":0,"9":0,"10":0,"11":0,"12":0,"13":0,"14":0,"15":0,"16":0,"17":0,"18":0,"19":0,"20":0,"21":0,"22":0,"23":0,"24":0,"25":0,"26":0,"27":0,"28":0,"29":0,"30":0,"31":0,"32":0,"33":0,"34":0},"b":{"1":[0,0],"2":[0,0],"3":[0,0],"4":[0,0],"5":[0,0],"6":[0,0],"7":[0,0],"8":[0,0],"9":[0,0]},"f":{"1":0,"2":0},"l":{"3":0,"4":0,"9":0,"11":0,"18":0,"31":0,"32":0,"33":0,"34":0,"36":0,"37":0,"40":0,"41":0,"43":0,"47":0,"48":0,"49":0,"53":0,"54":0,"60":0,"62":0,"65":0,"67":0,"68":0,"69":0,"70":0,"80":0,"81":0,"82":0,"91":0,"93":0,"94":0,"102":0}},
"../../vscode-fortran-support/src/features/definition-provider.ts":{"path":"../../vscode-fortran-support/src/features/definition-provider.ts","statementMap":{"1":{"start":{"line":2,"column":0},"end":{"line":2,"column":54}},"2":{"start":{"line":10,"column":4},"end":{"line":10,"column":46}},"3":{"start":{"line":10,"column":39},"end":{"line":10,"column":46}},"4":{"start":{"line":12,"column":4},"end":{"line":12,"column":60}},"5":{"start":{"line":13,"column":4},"end":{"line":18,"column":5}},"6":{"start":{"line":14,"column":6},"end":{"line":16,"column":8}},"7":{"start":{"line":17,"column":6},"end":{"line":17,"column":45}},"8":{"start":{"line":19,"column":4},"end":{"line":19,"column":44}},"9":{"start":{"line":20,"column":4},"end":{"line":22,"column":5}},"10":{"start":{"line":21,"column":6},"end":{"line":21,"column":54}},"11":{"start":{"line":23,"column":4},"end":{"line":23,"column":56}},"12":{"start":{"line":24,"column":4},"end":{"line":24,"column":44}},"13":{"start":{"line":28,"column":0},"end":{"line":28,"column":41}}},"fnMap":{"1":{"name":"(anonymous_1)","line":5,"loc":{"start":{"line":5,"column":26},"end":{"line":8,"column":35}}}},"branchMap":{"1":{"line":10,"type":"if","locations":[{"start":{"line":10,"column":4},"end":{"line":10,"column":3}},{"start":{"line":10,"column":4},"end":{"line":10,"column":3}}]},"2":{"line":13,"type":"if","locations":[{"start":{"line":13,"column":4},"end":{"line":13,"column":3}},{"start":{"line":13,"column":4},"end":{"line":13,"column":3}}]},"3":{"line":20,"type":"if","locations":[{"start":{"line":20,"column":4},"end":{"line":20,"column":3}},{"start":{"line":20,"column":4},"end":{"line":20,"column":3}}]}},"s":{"1":0,"2":0,"3":0,"4":0,"5":0,"6":0,"7":0,"8":0,"9":0,"10":0,"11":0,"12":0,"13":0},"b":{"1":[0,0],"2":[0,0],"3":[0,0]},"f":{"1":0},"l":{"2":0,"10":0,"12":0,"13":0,"14":0,"17":0,"19":0,"20":0,"21":0,"23":0,"24":0,"28":0}},
"../../vscode-fortran-support/src/features/document-symbol-provider.ts":{"path":"../../vscode-fortran-support/src/features/document-symbol-provider.ts","statementMap":{"1":{"start":{"line":10,"column":0},"end":{"line":10,"column":33}},"2":{"start":{"line":11,"column":0},"end":{"line":14,"column":26}},"3":{"start":{"line":15,"column":0},"end":{"line":15,"column":63}},"4":{"start":{"line":16,"column":0},"end":{"line":16,"column":29}},"5":{"start":{"line":40,"column":2},"end":{"line":60,"column":4}},"6":{"start":{"line":40,"column":46},"end":{"line":60,"column":3}},"7":{"start":{"line":41,"column":4},"end":{"line":41,"column":35}},"8":{"start":{"line":42,"column":4},"end":{"line":42,"column":21}},"9":{"start":{"line":43,"column":4},"end":{"line":43,"column":46}},"10":{"start":{"line":45,"column":4},"end":{"line":58,"column":5}},"11":{"start":{"line":46,"column":6},"end":{"line":46,"column":53}},"12":{"start":{"line":47,"column":6},"end":{"line":47,"column":49}},"13":{"start":{"line":48,"column":6},"end":{"line":48,"column":45}},"14":{"start":{"line":48,"column":36},"end":{"line":48,"column":45}},"15":{"start":{"line":49,"column":6},"end":{"line":49,"column":56}},"16":{"start":{"line":50,"column":6},"end":{"line":50,"column":73}},"17":{"start":{"line":50,"column":64},"end":{"line":50,"column":73}},"18":{"start":{"line":51,"column":6},"end":{"line":54,"column":43}},"19":{"start":{"line":52,"column":21},"end":{"line":52,"column":48}},"20":{"start":{"line":53,"column":19},"end":{"line":53,"column":27}},"21":{"start":{"line":54,"column":24},"end":{"line":54,"column":41}},"22":{"start":{"line":55,"column":6},"end":{"line":57,"column":7}},"23":{"start":{"line":56,"column":8},"end":{"line":56,"column":48}},"24":{"start":{"line":59,"column":4},"end":{"line":59,"column":19}},"25":{"start":{"line":31,"column":4},"end":{"line":37,"column":6}},"26":{"start":{"line":33,"column":8},"end":{"line":35,"column":11}},"27":{"start":{"line":34,"column":10},"end":{"line":34,"column":24}},"28":{"start":{"line":38,"column":4},"end":{"line":38,"column":59}},"29":{"start":{"line":62,"column":4},"end":{"line":72,"column":5}},"30":{"start":{"line":64,"column":8},"end":{"line":64,"column":46}},"31":{"start":{"line":66,"column":8},"end":{"line":66,"column":44}},"32":{"start":{"line":69,"column":8},"end":{"line":69,"column":44}},"33":{"start":{"line":71,"column":8},"end":{"line":71,"column":31}},"34":{"start":{"line":71,"column":21},"end":{"line":71,"column":30}},"35":{"start":{"line":76,"column":4},"end":{"line":88,"column":5}},"36":{"start":{"line":77,"column":6},"end":{"line":77,"column":46}},"37":{"start":{"line":78,"column":6},"end":{"line":85,"column":7}},"38":{"start":{"line":79,"column":8},"end":{"line":79,"column":71}},"39":{"start":{"line":80,"column":8},"end":{"line":84,"column":10}},"40":{"start":{"line":87,"column":6},"end":{"line":87,"column":23}},"41":{"start":{"line":92,"column":4},"end":{"line":92,"column":49}},"42":{"start":{"line":93,"column":4},"end":{"line":101,"column":5}},"43":{"start":{"line":94,"column":6},"end":{"line":94,"column":69}},"44":{"start":{"line":96,"column":6},"end":{"line":100,"column":8}},"45":{"start":{"line":104,"column":4},"end":{"line":104,"column":42}},"46":{"start":{"line":105,"column":4},"end":{"line":112,"column":5}},"47":{"start":{"line":106,"column":6},"end":{"line":106,"column":69}},"48":{"start":{"line":107,"column":6},"end":{"line":111,"column":8}},"49":{"start":{"line":115,"column":4},"end":{"line":115,"column":62}},"50":{"start":{"line":116,"column":4},"end":{"line":119,"column":7}},"51":{"start":{"line":120,"column":4},"end":{"line":120,"column":23}},"52":{"start":{"line":21,"column":0},"end":{"line":122,"column":1}}},"fnMap":{"1":{"name":"(anonymous_7)","line":21,"loc":{"start":{"line":21,"column":0},"end":{"line":null,"column":-1}}},"2":{"name":"(anonymous_8)","line":40,"loc":{"start":{"line":40,"column":46},"end":{"line":null,"column":-1}}},"3":{"name":"(anonymous_9)","line":27,"loc":{"start":{"line":27,"column":31},"end":{"line":29,"column":28}}},"4":{"name":"(anonymous_10)","line":61,"loc":{"start":{"line":61,"column":18},"end":{"line":61,"column":63}}},"5":{"name":"(anonymous_11)","line":75,"loc":{"start":{"line":75,"column":35},"end":{"line":75,"column":50}}},"6":{"name":"(anonymous_12)","line":91,"loc":{"start":{"line":91,"column":33},"end":{"line":91,"column":48}}},"7":{"name":"(anonymous_13)","line":103,"loc":{"start":{"line":103,"column":33},"end":{"line":103,"column":48}}},"8":{"name":"(anonymous_14)","line":114,"loc":{"start":{"line":114,"column":16},"end":{"line":null,"column":-1}}}},"branchMap":{"1":{"line":48,"type":"if","locations":[{"start":{"line":48,"column":6},"end":{"line":48,"column":5}},{"start":{"line":48,"column":6},"end":{"line":48,"column":5}}]},"2":{"line":50,"type":"if","locations":[{"start":{"line":50,"column":6},"end":{"line":50,"column":5}},{"start":{"line":50,"column":6},"end":{"line":50,"column":5}}]},"3":{"line":50,"type":"binary-expr","locations":[{"start":{"line":50,"column":10},"end":{"line":50,"column":34}},{"start":{"line":50,"column":38},"end":{"line":50,"column":62}}]},"4":{"line":55,"type":"if","locations":[{"start":{"line":55,"column":6},"end":{"line":55,"column":5}},{"start":{"line":55,"column":6},"end":{"line":55,"column":5}}]},"5":{"line":63,"type":"switch","locations":[{"start":{"line":63,"column":6},"end":{"line":64,"column":46}},{"start":{"line":65,"column":6},"end":{"line":66,"column":44}},{"start":{"line":68,"column":6},"end":{"line":69,"column":44}},{"start":{"line":70,"column":6},"end":{"line":71,"column":31}}]},"6":{"line":78,"type":"if","locations":[{"start":{"line":78,"column":6},"end":{"line":78,"column":5}},{"start":{"line":78,"column":6},"end":{"line":78,"column":5}}]},"7":{"line":93,"type":"if","locations":[{"start":{"line":93,"column":4},"end":{"line":93,"column":3}},{"start":{"line":93,"column":4},"end":{"line":93,"column":3}}]},"8":{"line":105,"type":"if","locations":[{"start":{"line":105,"column":4},"end":{"line":105,"column":3}},{"start":{"line":105,"column":4},"end":{"line":105,"column":3}}]}},"s":{"1":0,"2":0,"3":0,"4":0,"5":0,"6":0,"7":0,"8":0,"9":0,"10":0,"11":0,"12":0,"13":0,"14":0,"15":0,"16":0,"17":0,"18":0,"19":0,"20":0,"21":0,"22":0,"23":0,"24":0,"25":0,"26":0,"27":0,"28":0,"29":0,"30":0,"31":0,"32":0,"33":0,"34":0,"35":0,"36":0,"37":0,"38":0,"39":0,"40":0,"41":0,"42":0,"43":0,"44":0,"45":0,"46":0,"47":0,"48":0,"49":0,"50":0,"51":0,"52":0},"b":{"1":[0,0],"2":[0,0],"3":[0,0],"4":[0,0],"5":[0,0,0,0],"6":[0,0],"7":[0,0],"8":[0,0]},"f":{"1":0,"2":0,"3":0,"4":0,"5":0,"6":0,"7":0,"8":0},"l":{"10":0,"11":0,"15":0,"16":0,"21":0,"31":0,"33":0,"34":0,"38":0,"40":0,"41":0,"42":0,"43":0,"45":0,"46":0,"47":0,"48":0,"49":0,"50":0,"51":0,"52":0,"53":0,"54":0,"55":0,"56":0,"59":0,"62":0,"64":0,"66":0,"69":0,"71":0,"76":0,"77":0,"78":0,"79":0,"80":0,"87":0,"92":0,"93":0,"94":0,"96":0,"104":0,"105":0,"106":0,"107":0,"115":0,"116":0,"120":0}},
"../../vscode-fortran-support/src/features/hover-provider.ts":{"path":"../../vscode-fortran-support/src/features/hover-provider.ts","statementMap":{"1":{"start":{"line":1,"column":0},"end":{"line":1,"column":74}},"2":{"start":{"line":5,"column":0},"end":{"line":5,"column":59}},"3":{"start":{"line":13,"column":4},"end":{"line":13,"column":62}},"4":{"start":{"line":14,"column":4},"end":{"line":14,"column":43}},"5":{"start":{"line":16,"column":4},"end":{"line":18,"column":5}},"6":{"start":{"line":17,"column":6},"end":{"line":17,"column":44}},"7":{"start":{"line":7,"column":0},"end":{"line":20,"column":1}}},"fnMap":{"1":{"name":"(anonymous_1)","line":8,"loc":{"start":{"line":8,"column":21},"end":{"line":11,"column":28}}}},"branchMap":{"1":{"line":16,"type":"if","locations":[{"start":{"line":16,"column":4},"end":{"line":16,"column":3}},{"start":{"line":16,"column":4},"end":{"line":16,"column":3}}]}},"s":{"1":0,"2":0,"3":0,"4":0,"5":0,"6":0,"7":0},"b":{"1":[0,0]},"f":{"1":0},"l":{"1":0,"5":0,"7":0,"13":0,"14":0,"16":0,"17":0}},
"../../vscode-fortran-support/src/features/linter-provider.ts":{"path":"../../vscode-fortran-support/src/features/linter-provider.ts","statementMap":{"1":{"start":{"line":3,"column":0},"end":{"line":3,"column":29}},"2":{"start":{"line":4,"column":0},"end":{"line":4,"column":36}},"3":{"start":{"line":6,"column":0},"end":{"line":6,"column":62}},"4":{"start":{"line":8,"column":0},"end":{"line":8,"column":33}},"5":{"start":{"line":16,"column":4},"end":{"line":16,"column":128}},"6":{"start":{"line":18,"column":4},"end":{"line":20,"column":5}},"7":{"start":{"line":19,"column":6},"end":{"line":19,"column":13}},"8":{"start":{"line":21,"column":4},"end":{"line":21,"column":21}},"9":{"start":{"line":22,"column":4},"end":{"line":22,"column":46}},"10":{"start":{"line":23,"column":4},"end":{"line":23,"column":41}},"11":{"start":{"line":24,"column":4},"end":{"line":24,"column":59}},"12":{"start":{"line":26,"column":4},"end":{"line":26,"column":57}},"13":{"start":{"line":27,"column":4},"end":{"line":27,"column":69}},"14":{"start":{"line":29,"column":4},"end":{"line":69,"column":5}},"15":{"start":{"line":30,"column":6},"end":{"line":32,"column":9}},"16":{"start":{"line":31,"column":8},"end":{"line":31,"column":24}},"17":{"start":{"line":33,"column":6},"end":{"line":35,"column":9}},"18":{"start":{"line":34,"column":8},"end":{"line":34,"column":24}},"19":{"start":{"line":36,"column":6},"end":{"line":57,"column":9}},"20":{"start":{"line":37,"column":8},"end":{"line":37,"column":35}},"21":{"start":{"line":38,"column":8},"end":{"line":54,"column":9}},"22":{"start":{"line":39,"column":10},"end":{"line":39,"column":57}},"23":{"start":{"line":40,"column":10},"end":{"line":40,"column":48}},"24":{"start":{"line":41,"column":10},"end":{"line":41,"column":50}},"25":{"start":{"line":42,"column":10},"end":{"line":42,"column":33}},"26":{"start":{"line":43,"column":10},"end":{"line":46,"column":48}},"27":{"start":{"line":47,"column":10},"end":{"line":47,"column":36}},"28":{"start":{"line":48,"column":10},"end":{"line":51,"column":12}},"29":{"start":{"line":52,"column":10},"end":{"line":52,"column":75}},"30":{"start":{"line":53,"column":10},"end":{"line":53,"column":39}},"31":{"start":{"line":56,"column":8},"end":{"line":56,"column":69}},"32":{"start":{"line":58,"column":6},"end":{"line":60,"column":9}},"33":{"start":{"line":59,"column":8},"end":{"line":59,"column":62}},"34":{"start":{"line":62,"column":6},"end":{"line":68,"column":9}},"35":{"start":{"line":63,"column":8},"end":{"line":67,"column":9}},"36":{"start":{"line":64,"column":10},"end":{"line":66,"column":12}},"37":{"start":{"line":73,"column":4},"end":{"line":75,"column":18}},"38":{"start":{"line":76,"column":4},"end":{"line":81,"column":6}},"39":{"start":{"line":82,"column":4},"end":{"line":82,"column":46}},"40":{"start":{"line":84,"column":4},"end":{"line":84,"column":64}},"41":{"start":{"line":85,"column":4},"end":{"line":88,"column":6}},"42":{"start":{"line":89,"column":4},"end":{"line":94,"column":6}},"43":{"start":{"line":96,"column":4},"end":{"line":96,"column":68}},"44":{"start":{"line":96,"column":30},"end":{"line":96,"column":40}},"45":{"start":{"line":96,"column":56},"end":{"line":96,"column":66}},"46":{"start":{"line":107,"column":4},"end":{"line":107,"column":11}},"47":{"start":{"line":119,"column":4},"end":{"line":119,"column":78}},"48":{"start":{"line":121,"column":4},"end":{"line":125,"column":6}},"49":{"start":{"line":126,"column":4},"end":{"line":132,"column":6}},"50":{"start":{"line":128,"column":8},"end":{"line":128,"column":59}},"51":{"start":{"line":134,"column":4},"end":{"line":134,"column":75}},"52":{"start":{"line":137,"column":4},"end":{"line":137,"column":75}},"53":{"start":{"line":141,"column":4},"end":{"line":141,"column":38}},"54":{"start":{"line":142,"column":4},"end":{"line":142,"column":40}},"55":{"start":{"line":143,"column":4},"end":{"line":143,"column":27}},"56":{"start":{"line":147,"column":4},"end":{"line":147,"column":62}},"57":{"start":{"line":148,"column":4},"end":{"line":148,"column":64}},"58":{"start":{"line":150,"column":4},"end":{"line":150,"column":24}},"59":{"start":{"line":153,"column":4},"end":{"line":153,"column":62}},"60":{"start":{"line":154,"column":4},"end":{"line":154,"column":56}},"61":{"start":{"line":157,"column":4},"end":{"line":157,"column":62}},"62":{"start":{"line":158,"column":4},"end":{"line":158,"column":52}},"63":{"start":{"line":99,"column":17},"end":{"line":99,"column":66}},"64":{"start":{"line":10,"column":0},"end":{"line":160,"column":1}}},"fnMap":{"1":{"name":"(anonymous_1)","line":11,"loc":{"start":{"line":11,"column":2},"end":{"line":11,"column":16}}},"2":{"name":"(anonymous_2)","line":15,"loc":{"start":{"line":15,"column":29},"end":{"line":15,"column":63}}},"3":{"name":"(anonymous_3)","line":72,"loc":{"start":{"line":72,"column":31},"end":{"line":72,"column":65}}},"4":{"name":"(anonymous_4)","line":101,"loc":{"start":{"line":101,"column":27},"end":{"line":105,"column":35}}},"5":{"name":"(anonymous_5)","line":118,"loc":{"start":{"line":118,"column":17},"end":{"line":118,"column":52}}},"6":{"name":"(anonymous_6)","line":140,"loc":{"start":{"line":140,"column":16},"end":{"line":null,"column":-1}}},"7":{"name":"(anonymous_7)","line":146,"loc":{"start":{"line":146,"column":25},"end":{"line":null,"column":-1}}},"8":{"name":"(anonymous_8)","line":152,"loc":{"start":{"line":152,"column":25},"end":{"line":null,"column":-1}}},"9":{"name":"(anonymous_9)","line":156,"loc":{"start":{"line":156,"column":28},"end":{"line":null,"column":-1}}}},"branchMap":{"1":{"line":18,"type":"if","locations":[{"start":{"line":18,"column":4},"end":{"line":18,"column":3}},{"start":{"line":18,"column":4},"end":{"line":18,"column":3}}]},"2":{"line":29,"type":"if","locations":[{"start":{"line":29,"column":4},"end":{"line":29,"column":3}},{"start":{"line":29,"column":4},"end":{"line":29,"column":3}}]},"3":{"line":45,"type":"cond-expr","locations":[{"start":{"line":45,"column":16},"end":{"line":45,"column":49}},{"start":{"line":46,"column":16},"end":{"line":46,"column":47}}]},"4":{"line":63,"type":"if","locations":[{"start":{"line":63,"column":8},"end":{"line":63,"column":7}},{"start":{"line":63,"column":8},"end":{"line":63,"column":7}}]},"5":{"line":74,"type":"cond-expr","locations":[{"start":{"line":74,"column":8},"end":{"line":74,"column":42}},{"start":{"line":75,"column":8},"end":{"line":75,"column":17}}]}},"s":{"1":0,"2":0,"3":0,"4":0,"5":0,"6":0,"7":0,"8":0,"9":0,"10":0,"11":0,"12":0,"13":0,"14":0,"15":0,"16":0,"17":0,"18":0,"19":0,"20":0,"21":0,"22":0,"23":0,"24":0,"25":0,"26":0,"27":0,"28":0,"29":0,"30":0,"31":0,"32":0,"33":0,"34":0,"35":0,"36":0,"37":0,"38":0,"39":0,"40":0,"41":0,"42":0,"43":0,"44":0,"45":0,"46":0,"47":0,"48":0,"49":0,"50":0,"51":0,"52":0,"53":0,"54":0,"55":0,"56":0,"57":0,"58":0,"59":0,"60":0,"61":0,"62":0,"63":0,"64":0},"b":{"1":[0,0],"2":[0,0],"3":[0,0],"4":[0,0],"5":[0,0]},"f":{"1":0,"2":0,"3":0,"4":0,"5":0,"6":0,"7":0,"8":0,"9":0},"l":{"3":0,"4":0,"6":0,"8":0,"10":0,"16":0,"18":0,"19":0,"21":0,"22":0,"23":0,"24":0,"26":0,"27":0,"29":0,"30":0,"31":0,"33":0,"34":0,"36":0,"37":0,"38":0,"39":0,"40":0,"41":0,"42":0,"43":0,"47":0,"48":0,"52":0,"53":0,"56":0,"58":0,"59":0,"62":0,"63":0,"64":0,"73":0,"76":0,"82":0,"84":0,"85":0,"89":0,"96":0,"99":0,"107":0,"119":0,"121":0,"126":0,"128":0,"134":0,"137":0,"141":0,"142":0,"143":0,"147":0,"148":0,"150":0,"153":0,"154":0,"157":0,"158":0}},
"../../vscode-fortran-support/src/lib/helper.ts":{"path":"../../vscode-fortran-support/src/lib/helper.ts","statementMap":{"1":{"start":{"line":2,"column":0},"end":{"line":2,"column":25}},"2":{"start":{"line":7,"column":13},"end":{"line":7,"column":39}},"3":{"start":{"line":10,"column":13},"end":{"line":23,"column":195}},"4":{"start":{"line":26,"column":13},"end":{"line":26,"column":135}},"5":{"start":{"line":28,"column":13},"end":{"line":30,"column":1}},"6":{"start":{"line":29,"column":4},"end":{"line":29,"column":89}},"7":{"start":{"line":29,"column":45},"end":{"line":29,"column":80}},"8":{"start":{"line":39,"column":13},"end":{"line":46,"column":1}},"9":{"start":{"line":40,"column":4},"end":{"line":40,"column":36}},"10":{"start":{"line":41,"column":4},"end":{"line":41,"column":63}},"11":{"start":{"line":42,"column":4},"end":{"line":42,"column":54}},"12":{"start":{"line":43,"column":4},"end":{"line":43,"column":38}},"13":{"start":{"line":44,"column":4},"end":{"line":44,"column":22}},"14":{"start":{"line":47,"column":13},"end":{"line":82,"column":1}},"15":{"start":{"line":49,"column":4},"end":{"line":49,"column":36}},"16":{"start":{"line":51,"column":4},"end":{"line":51,"column":96}},"17":{"start":{"line":52,"column":4},"end":{"line":52,"column":45}},"18":{"start":{"line":53,"column":4},"end":{"line":53,"column":48}},"19":{"start":{"line":54,"column":4},"end":{"line":54,"column":42}},"20":{"start":{"line":55,"column":4},"end":{"line":55,"column":75}},"21":{"start":{"line":56,"column":4},"end":{"line":56,"column":64}},"22":{"start":{"line":57,"column":4},"end":{"line":57,"column":92}},"23":{"start":{"line":58,"column":4},"end":{"line":58,"column":54}},"24":{"start":{"line":59,"column":4},"end":{"line":59,"column":76}},"25":{"start":{"line":61,"column":4},"end":{"line":78,"column":11}},"26":{"start":{"line":62,"column":8},"end":{"line":62,"column":32}},"27":{"start":{"line":63,"column":43},"end":{"line":63,"column":54}},"28":{"start":{"line":64,"column":54},"end":{"line":64,"column":77}},"29":{"start":{"line":65,"column":52},"end":{"line":65,"column":80}},"30":{"start":{"line":66,"column":71},"end":{"line":66,"column":83}},"31":{"start":{"line":67,"column":71},"end":{"line":67,"column":82}},"32":{"start":{"line":68,"column":77},"end":{"line":68,"column":81}},"33":{"start":{"line":69,"column":46},"end":{"line":69,"column":50}},"34":{"start":{"line":71,"column":12},"end":{"line":71,"column":36}},"35":{"start":{"line":75,"column":12},"end":{"line":75,"column":50}},"36":{"start":{"line":76,"column":12},"end":{"line":76,"column":49}},"37":{"start":{"line":77,"column":12},"end":{"line":77,"column":41}},"38":{"start":{"line":79,"column":4},"end":{"line":79,"column":75}},"39":{"start":{"line":80,"column":4},"end":{"line":80,"column":25}},"40":{"start":{"line":81,"column":4},"end":{"line":81,"column":19}},"41":{"start":{"line":84,"column":13},"end":{"line":89,"column":2}},"42":{"start":{"line":85,"column":4},"end":{"line":87,"column":5}},"43":{"start":{"line":86,"column":8},"end":{"line":86,"column":18}},"44":{"start":{"line":88,"column":4},"end":{"line":88,"column":35}},"45":{"start":{"line":93,"column":0},"end":{"line":103,"column":1}},"46":{"start":{"line":94,"column":4},"end":{"line":94,"column":55}},"47":{"start":{"line":95,"column":4},"end":{"line":95,"column":73}},"48":{"start":{"line":98,"column":4},"end":{"line":98,"column":78}},"49":{"start":{"line":99,"column":4},"end":{"line":99,"column":87}},"50":{"start":{"line":101,"column":4},"end":{"line":101,"column":46}},"51":{"start":{"line":102,"column":4},"end":{"line":102,"column":37}},"52":{"start":{"line":106,"column":0},"end":{"line":113,"column":2}},"53":{"start":{"line":107,"column":4},"end":{"line":107,"column":38}},"54":{"start":{"line":108,"column":4},"end":{"line":108,"column":74}},"55":{"start":{"line":109,"column":4},"end":{"line":112,"column":7}},"56":{"start":{"line":110,"column":8},"end":{"line":110,"column":27}},"57":{"start":{"line":110,"column":17},"end":{"line":110,"column":27}},"58":{"start":{"line":111,"column":8},"end":{"line":111,"column":30}}},"fnMap":{"1":{"name":"isPositionInString","line":93,"loc":{"start":{"line":93,"column":0},"end":{"line":93,"column":91}}},"2":{"name":"(anonymous_2)","line":109,"loc":{"start":{"line":109,"column":62},"end":{"line":109,"column":75}}}},"branchMap":{"1":{"line":85,"type":"if","locations":[{"start":{"line":85,"column":4},"end":{"line":85,"column":3}},{"start":{"line":85,"column":4},"end":{"line":85,"column":3}}]},"2":{"line":98,"type":"binary-expr","locations":[{"start":{"line":98,"column":27},"end":{"line":98,"column":63}},{"start":{"line":98,"column":67},"end":{"line":98,"column":69}}]},"3":{"line":99,"type":"binary-expr","locations":[{"start":{"line":99,"column":34},"end":{"line":99,"column":72}},{"start":{"line":99,"column":76},"end":{"line":99,"column":78}}]},"4":{"line":110,"type":"if","locations":[{"start":{"line":110,"column":8},"end":{"line":110,"column":7}},{"start":{"line":110,"column":8},"end":{"line":110,"column":7}}]}},"s":{"1":0,"2":0,"3":0,"4":0,"5":0,"6":0,"7":0,"8":0,"9":0,"10":0,"11":0,"12":0,"13":0,"14":0,"15":0,"16":0,"17":0,"18":0,"19":0,"20":0,"21":0,"22":0,"23":0,"24":0,"25":0,"26":0,"27":0,"28":0,"29":0,"30":0,"31":0,"32":0,"33":0,"34":0,"35":0,"36":0,"37":0,"38":0,"39":0,"40":0,"41":0,"42":0,"43":0,"44":0,"45":0,"46":0,"47":0,"48":0,"49":0,"50":0,"51":0,"52":0,"53":0,"54":0,"55":0,"56":0,"57":0,"58":0},"b":{"1":[0,0],"2":[0,0],"3":[0,0],"4":[0,0]},"f":{"1":0,"2":0},"l":{"2":0,"7":0,"10":0,"26":0,"28":0,"29":0,"39":0,"40":0,"41":0,"42":0,"43":0,"44":0,"47":0,"49":0,"51":0,"52":0,"53":0,"54":0,"55":0,"56":0,"57":0,"58":0,"59":0,"61":0,"62":0,"63":0,"64":0,"65":0,"66":0,"67":0,"68":0,"69":0,"71":0,"75":0,"76":0,"77":0,"79":0,"80":0,"81":0,"84":0,"85":0,"86":0,"88":0,"93":0,"94":0,"95":0,"98":0,"99":0,"101":0,"102":0,"106":0,"107":0,"108":0,"109":0,"110":0,"111":0}},
"../../vscode-fortran-support/src/lib/parsers/functions.ts":{"path":"../../vscode-fortran-support/src/lib/parsers/functions.ts","statementMap":{"1":{"start":{"line":30,"column":0},"end":{"line":33,"column":1}},"2":{"start":{"line":31,"column":2},"end":{"line":31,"column":12}},"3":{"start":{"line":32,"column":2},"end":{"line":32,"column":10}},"4":{"start":{"line":35,"column":0},"end":{"line":50,"column":1}},"5":{"start":{"line":38,"column":2},"end":{"line":38,"column":33}},"6":{"start":{"line":39,"column":2},"end":{"line":39,"column":17}},"7":{"start":{"line":41,"column":2},"end":{"line":48,"column":3}},"8":{"start":{"line":42,"column":4},"end":{"line":42,"column":51}},"9":{"start":{"line":43,"column":4},"end":{"line":43,"column":43}},"10":{"start":{"line":43,"column":34},"end":{"line":43,"column":43}},"11":{"start":{"line":44,"column":4},"end":{"line":44,"column":38}},"12":{"start":{"line":45,"column":4},"end":{"line":47,"column":5}},"13":{"start":{"line":46,"column":6},"end":{"line":46,"column":26}},"14":{"start":{"line":49,"column":2},"end":{"line":49,"column":15}},"15":{"start":{"line":52,"column":0},"end":{"line":67,"column":1}},"16":{"start":{"line":55,"column":2},"end":{"line":55,"column":33}},"17":{"start":{"line":56,"column":2},"end":{"line":56,"column":23}},"18":{"start":{"line":58,"column":2},"end":{"line":65,"column":3}},"19":{"start":{"line":59,"column":4},"end":{"line":59,"column":51}},"20":{"start":{"line":60,"column":4},"end":{"line":60,"column":43}},"21":{"start":{"line":60,"column":34},"end":{"line":60,"column":43}},"22":{"start":{"line":61,"column":4},"end":{"line":61,"column":46}},"23":{"start":{"line":62,"column":4},"end":{"line":64,"column":5}},"24":{"start":{"line":63,"column":6},"end":{"line":63,"column":38}},"25":{"start":{"line":66,"column":2},"end":{"line":66,"column":21}},"26":{"start":{"line":69,"column":13},"end":{"line":71,"column":2}},"27":{"start":{"line":70,"column":2},"end":{"line":70,"column":43}},"28":{"start":{"line":73,"column":13},"end":{"line":75,"column":2}},"29":{"start":{"line":74,"column":2},"end":{"line":74,"column":45}},"30":{"start":{"line":76,"column":13},"end":{"line":106,"column":2}},"31":{"start":{"line":77,"column":2},"end":{"line":77,"column":151}},"32":{"start":{"line":78,"column":2},"end":{"line":78,"column":98}},"33":{"start":{"line":79,"column":2},"end":{"line":80,"column":69}},"34":{"start":{"line":82,"column":2},"end":{"line":83,"column":11}},"35":{"start":{"line":83,"column":4},"end":{"line":83,"column":11}},"36":{"start":{"line":84,"column":2},"end":{"line":84,"column":94}},"37":{"start":{"line":84,"column":87},"end":{"line":84,"column":94}},"38":{"start":{"line":85,"column":2},"end":{"line":85,"column":45}},"39":{"start":{"line":86,"column":2},"end":{"line":105,"column":3}},"40":{"start":{"line":87,"column":4},"end":{"line":90,"column":6}},"41":{"start":{"line":91,"column":4},"end":{"line":91,"column":49}},"42":{"start":{"line":92,"column":4},"end":{"line":96,"column":6}},"43":{"start":{"line":97,"column":9},"end":{"line":105,"column":3}},"44":{"start":{"line":98,"column":4},"end":{"line":98,"column":48}},"45":{"start":{"line":99,"column":4},"end":{"line":99,"column":49}},"46":{"start":{"line":100,"column":4},"end":{"line":104,"column":6}},"47":{"start":{"line":108,"column":13},"end":{"line":116,"column":2}},"48":{"start":{"line":109,"column":2},"end":{"line":109,"column":39}},"49":{"start":{"line":110,"column":2},"end":{"line":114,"column":7}},"50":{"start":{"line":111,"column":20},"end":{"line":111,"column":43}},"51":{"start":{"line":113,"column":6},"end":{"line":113,"column":28}},"52":{"start":{"line":115,"column":2},"end":{"line":115,"column":19}},"53":{"start":{"line":118,"column":13},"end":{"line":120,"column":2}},"54":{"start":{"line":119,"column":2},"end":{"line":119,"column":64}}},"fnMap":{"1":{"name":"(anonymous_1)","line":30,"loc":{"start":{"line":30,"column":0},"end":{"line":30,"column":22}}},"2":{"name":"getDeclaredFunctions","line":35,"loc":{"start":{"line":35,"column":0},"end":{"line":36,"column":31}}},"3":{"name":"getDeclaredSubroutines","line":52,"loc":{"start":{"line":52,"column":0},"end":{"line":53,"column":31}}}},"branchMap":{"1":{"line":30,"type":"binary-expr","locations":[{"start":{"line":30,"column":12},"end":{"line":30,"column":22}},{"start":{"line":30,"column":12},"end":{"line":30,"column":22}}]},"2":{"line":43,"type":"if","locations":[{"start":{"line":43,"column":4},"end":{"line":43,"column":3}},{"start":{"line":43,"column":4},"end":{"line":43,"column":3}}]},"3":{"line":45,"type":"if","locations":[{"start":{"line":45,"column":4},"end":{"line":45,"column":3}},{"start":{"line":45,"column":4},"end":{"line":45,"column":3}}]},"4":{"line":60,"type":"if","locations":[{"start":{"line":60,"column":4},"end":{"line":60,"column":3}},{"start":{"line":60,"column":4},"end":{"line":60,"column":3}}]},"5":{"line":62,"type":"if","locations":[{"start":{"line":62,"column":4},"end":{"line":62,"column":3}},{"start":{"line":62,"column":4},"end":{"line":62,"column":3}}]},"6":{"line":80,"type":"cond-expr","locations":[{"start":{"line":80,"column":37},"end":{"line":80,"column":52}},{"start":{"line":80,"column":55},"end":{"line":80,"column":68}}]},"7":{"line":82,"type":"if","locations":[{"start":{"line":82,"column":2},"end":{"line":82,"column":1}},{"start":{"line":82,"column":2},"end":{"line":82,"column":1}}]},"8":{"line":82,"type":"binary-expr","locations":[{"start":{"line":82,"column":6},"end":{"line":82,"column":36}},{"start":{"line":82,"column":40},"end":{"line":82,"column":89}}]},"9":{"line":84,"type":"if","locations":[{"start":{"line":84,"column":2},"end":{"line":84,"column":1}},{"start":{"line":84,"column":2},"end":{"line":84,"column":1}}]},"10":{"line":84,"type":"binary-expr","locations":[{"start":{"line":84,"column":6},"end":{"line":84,"column":34}},{"start":{"line":84,"column":38},"end":{"line":84,"column":85}}]},"11":{"line":86,"type":"if","locations":[{"start":{"line":86,"column":2},"end":{"line":86,"column":1}},{"start":{"line":86,"column":2},"end":{"line":86,"column":1}}]},"12":{"line":86,"type":"binary-expr","locations":[{"start":{"line":86,"column":6},"end":{"line":86,"column":18}},{"start":{"line":86,"column":22},"end":{"line":86,"column":50}}]},"13":{"line":91,"type":"cond-expr","locations":[{"start":{"line":91,"column":25},"end":{"line":91,"column":43}},{"start":{"line":91,"column":46},"end":{"line":91,"column":48}}]},"14":{"line":97,"type":"if","locations":[{"start":{"line":97,"column":9},"end":{"line":97,"column":8}},{"start":{"line":97,"column":9},"end":{"line":97,"column":8}}]},"15":{"line":97,"type":"binary-expr","locations":[{"start":{"line":97,"column":13},"end":{"line":97,"column":25}},{"start":{"line":97,"column":29},"end":{"line":97,"column":59}}]},"16":{"line":99,"type":"cond-expr","locations":[{"start":{"line":99,"column":25},"end":{"line":99,"column":43}},{"start":{"line":99,"column":46},"end":{"line":99,"column":48}}]}},"s":{"1":0,"2":0,"3":0,"4":0,"5":0,"6":0,"7":0,"8":0,"9":0,"10":0,"11":0,"12":0,"13":0,"14":0,"15":0,"16":0,"17":0,"18":0,"19":0,"20":0,"21":0,"22":0,"23":0,"24":0,"25":0,"26":0,"27":0,"28":0,"29":0,"30":0,"31":0,"32":0,"33":0,"34":0,"35":0,"36":0,"37":0,"38":0,"39":0,"40":0,"41":0,"42":0,"43":0,"44":0,"45":0,"46":0,"47":0,"48":0,"49":0,"50":0,"51":0,"52":0,"53":0,"54":0},"b":{"1":[0,0],"2":[0,0],"3":[0,0],"4":[0,0],"5":[0,0],"6":[0,0],"7":[0,0],"8":[0,0],"9":[0,0],"10":[0,0],"11":[0,0],"12":[0,0],"13":[0,0],"14":[0,0],"15":[0,0],"16":[0,0]},"f":{"1":0,"2":0,"3":0},"l":{"30":0,"31":0,"32":0,"35":0,"38":0,"39":0,"41":0,"42":0,"43":0,"44":0,"45":0,"46":0,"49":0,"52":0,"55":0,"56":0,"58":0,"59":0,"60":0,"61":0,"62":0,"63":0,"66":0,"69":0,"70":0,"73":0,"74":0,"76":0,"77":0,"78":0,"79":0,"82":0,"83":0,"84":0,"85":0,"86":0,"87":0,"91":0,"92":0,"97":0,"98":0,"99":0,"100":0,"108":0,"109":0,"110":0,"111":0,"113":0,"115":0,"118":0,"119":0}},
"../../vscode-fortran-support/src/lib/parsers/variables.ts":{"path":"../../vscode-fortran-support/src/lib/parsers/variables.ts","statementMap":{"1":{"start":{"line":5,"column":0},"end":{"line":5,"column":118}},"2":{"start":{"line":7,"column":0},"end":{"line":20,"column":1}},"3":{"start":{"line":8,"column":2},"end":{"line":8,"column":33}},"4":{"start":{"line":9,"column":2},"end":{"line":9,"column":16}},"5":{"start":{"line":11,"column":2},"end":{"line":18,"column":3}},"6":{"start":{"line":12,"column":4},"end":{"line":12,"column":51}},"7":{"start":{"line":13,"column":4},"end":{"line":13,"column":43}},"8":{"start":{"line":13,"column":34},"end":{"line":13,"column":43}},"9":{"start":{"line":14,"column":4},"end":{"line":14,"column":33}},"10":{"start":{"line":15,"column":4},"end":{"line":17,"column":5}},"11":{"start":{"line":16,"column":6},"end":{"line":16,"column":46}},"12":{"start":{"line":19,"column":2},"end":{"line":19,"column":14}},"13":{"start":{"line":22,"column":13},"end":{"line":27,"column":2}},"14":{"start":{"line":23,"column":2},"end":{"line":26,"column":3}},"15":{"start":{"line":24,"column":4},"end":{"line":24,"column":78}},"16":{"start":{"line":25,"column":4},"end":{"line":25,"column":38}}},"fnMap":{"1":{"name":"getDeclaredVars","line":7,"loc":{"start":{"line":7,"column":0},"end":{"line":7,"column":61}}}},"branchMap":{"1":{"line":13,"type":"if","locations":[{"start":{"line":13,"column":4},"end":{"line":13,"column":3}},{"start":{"line":13,"column":4},"end":{"line":13,"column":3}}]},"2":{"line":15,"type":"if","locations":[{"start":{"line":15,"column":4},"end":{"line":15,"column":3}},{"start":{"line":15,"column":4},"end":{"line":15,"column":3}}]},"3":{"line":23,"type":"if","locations":[{"start":{"line":23,"column":2},"end":{"line":23,"column":1}},{"start":{"line":23,"column":2},"end":{"line":23,"column":1}}]}},"s":{"1":0,"2":0,"3":0,"4":0,"5":0,"6":0,"7":0,"8":0,"9":0,"10":0,"11":0,"12":0,"13":0,"14":0,"15":0,"16":0},"b":{"1":[0,0],"2":[0,0],"3":[0,0]},"f":{"1":0},"l":{"5":0,"7":0,"8":0,"9":0,"11":0,"12":0,"13":0,"14":0,"15":0,"16":0,"19":0,"22":0,"23":0,"24":0,"25":0}},
"../../vscode-fortran-support/src/lib/TagParser.ts":{"path":"../../vscode-fortran-support/src/lib/TagParser.ts","statementMap":{"1":{"start":{"line":1,"column":0},"end":{"line":7,"column":16}},"2":{"start":{"line":8,"column":0},"end":{"line":8,"column":33}},"3":{"start":{"line":9,"column":0},"end":{"line":12,"column":29}},"4":{"start":{"line":13,"column":0},"end":{"line":13,"column":66}},"5":{"start":{"line":18,"column":0},"end":{"line":18,"column":64}},"6":{"start":{"line":20,"column":13},"end":{"line":53,"column":2}},"7":{"start":{"line":20,"column":57},"end":{"line":53,"column":1}},"8":{"start":{"line":21,"column":2},"end":{"line":21,"column":33}},"9":{"start":{"line":22,"column":2},"end":{"line":22,"column":19}},"10":{"start":{"line":23,"column":2},"end":{"line":23,"column":39}},"11":{"start":{"line":25,"column":2},"end":{"line":38,"column":3}},"12":{"start":{"line":26,"column":4},"end":{"line":26,"column":44}},"13":{"start":{"line":27,"column":4},"end":{"line":27,"column":47}},"14":{"start":{"line":28,"column":4},"end":{"line":28,"column":43}},"15":{"start":{"line":28,"column":34},"end":{"line":28,"column":43}},"16":{"start":{"line":29,"column":4},"end":{"line":29,"column":54}},"17":{"start":{"line":30,"column":4},"end":{"line":30,"column":71}},"18":{"start":{"line":30,"column":62},"end":{"line":30,"column":71}},"19":{"start":{"line":31,"column":4},"end":{"line":34,"column":41}},"20":{"start":{"line":32,"column":19},"end":{"line":32,"column":41}},"21":{"start":{"line":33,"column":17},"end":{"line":33,"column":25}},"22":{"start":{"line":34,"column":22},"end":{"line":34,"column":39}},"23":{"start":{"line":35,"column":4},"end":{"line":37,"column":5}},"24":{"start":{"line":36,"column":6},"end":{"line":36,"column":46}},"25":{"start":{"line":40,"column":2},"end":{"line":51,"column":3}},"26":{"start":{"line":42,"column":4},"end":{"line":50,"column":6}},"27":{"start":{"line":44,"column":8},"end":{"line":49,"column":9}},"28":{"start":{"line":52,"column":2},"end":{"line":52,"column":17}},"29":{"start":{"line":55,"column":0},"end":{"line":66,"column":1}},"30":{"start":{"line":56,"column":2},"end":{"line":65,"column":3}},"31":{"start":{"line":58,"column":6},"end":{"line":58,"column":39}},"32":{"start":{"line":60,"column":6},"end":{"line":60,"column":37}},"33":{"start":{"line":62,"column":6},"end":{"line":62,"column":37}},"34":{"start":{"line":64,"column":6},"end":{"line":64,"column":29}},"35":{"start":{"line":64,"column":19},"end":{"line":64,"column":28}},"36":{"start":{"line":68,"column":0},"end":{"line":75,"column":1}},"37":{"start":{"line":69,"column":2},"end":{"line":69,"column":53}},"38":{"start":{"line":70,"column":2},"end":{"line":73,"column":5}},"39":{"start":{"line":74,"column":2},"end":{"line":74,"column":21}},"40":{"start":{"line":77,"column":0},"end":{"line":91,"column":1}},"41":{"start":{"line":78,"column":2},"end":{"line":90,"column":3}},"42":{"start":{"line":79,"column":4},"end":{"line":79,"column":44}},"43":{"start":{"line":80,"column":4},"end":{"line":87,"column":5}},"44":{"start":{"line":81,"column":6},"end":{"line":81,"column":69}},"45":{"start":{"line":82,"column":6},"end":{"line":86,"column":8}},"46":{"start":{"line":89,"column":4},"end":{"line":89,"column":21}},"47":{"start":{"line":93,"column":0},"end":{"line":104,"column":1}},"48":{"start":{"line":94,"column":2},"end":{"line":94,"column":47}},"49":{"start":{"line":95,"column":2},"end":{"line":103,"column":3}},"50":{"start":{"line":96,"column":4},"end":{"line":96,"column":67}},"51":{"start":{"line":98,"column":4},"end":{"line":102,"column":6}},"52":{"start":{"line":105,"column":0},"end":{"line":115,"column":1}},"53":{"start":{"line":106,"column":2},"end":{"line":106,"column":40}},"54":{"start":{"line":107,"column":2},"end":{"line":114,"column":3}},"55":{"start":{"line":108,"column":4},"end":{"line":108,"column":67}},"56":{"start":{"line":109,"column":4},"end":{"line":113,"column":6}},"57":{"start":{"line":117,"column":0},"end":{"line":133,"column":1}},"58":{"start":{"line":118,"column":2},"end":{"line":128,"column":9}},"59":{"start":{"line":121,"column":4},"end":{"line":123,"column":7}},"60":{"start":{"line":122,"column":6},"end":{"line":122,"column":37}},"61":{"start":{"line":124,"column":4},"end":{"line":126,"column":5}},"62":{"start":{"line":125,"column":6},"end":{"line":125,"column":46}},"63":{"start":{"line":127,"column":4},"end":{"line":127,"column":28}},"64":{"start":{"line":130,"column":2},"end":{"line":132,"column":4}},"65":{"start":{"line":131,"column":24},"end":{"line":131,"column":49}}},"fnMap":{"1":{"name":"(anonymous_7)","line":20,"loc":{"start":{"line":20,"column":57},"end":{"line":null,"column":-1}}},"2":{"name":"getSymbolsOfType","line":55,"loc":{"start":{"line":55,"column":0},"end":{"line":55,"column":42}}},"3":{"name":"getSymbolTypes","line":68,"loc":{"start":{"line":68,"column":0},"end":{"line":null,"column":-1}}},"4":{"name":"parseSubroutineDefinition","line":77,"loc":{"start":{"line":77,"column":0},"end":{"line":77,"column":49}}},"5":{"name":"parseFunctionDefinition","line":93,"loc":{"start":{"line":93,"column":0},"end":{"line":93,"column":47}}},"6":{"name":"parseVariableDefinition","line":105,"loc":{"start":{"line":105,"column":0},"end":{"line":105,"column":47}}},"7":{"name":"getLocationsForTag","line":117,"loc":{"start":{"line":117,"column":0},"end":{"line":117,"column":50}}}},"branchMap":{"1":{"line":28,"type":"if","locations":[{"start":{"line":28,"column":4},"end":{"line":28,"column":3}},{"start":{"line":28,"column":4},"end":{"line":28,"column":3}}]},"2":{"line":30,"type":"if","locations":[{"start":{"line":30,"column":4},"end":{"line":30,"column":3}},{"start":{"line":30,"column":4},"end":{"line":30,"column":3}}]},"3":{"line":30,"type":"binary-expr","locations":[{"start":{"line":30,"column":8},"end":{"line":30,"column":32}},{"start":{"line":30,"column":36},"end":{"line":30,"column":60}}]},"4":{"line":35,"type":"if","locations":[{"start":{"line":35,"column":4},"end":{"line":35,"column":3}},{"start":{"line":35,"column":4},"end":{"line":35,"column":3}}]},"5":{"line":40,"type":"if","locations":[{"start":{"line":40,"column":2},"end":{"line":40,"column":1}},{"start":{"line":40,"column":2},"end":{"line":40,"column":1}}]},"6":{"line":40,"type":"binary-expr","locations":[{"start":{"line":40,"column":6},"end":{"line":40,"column":26}},{"start":{"line":40,"column":30},"end":{"line":40,"column":60}}]},"7":{"line":57,"type":"switch","locations":[{"start":{"line":57,"column":4},"end":{"line":58,"column":39}},{"start":{"line":59,"column":4},"end":{"line":60,"column":37}},{"start":{"line":61,"column":4},"end":{"line":62,"column":37}},{"start":{"line":63,"column":4},"end":{"line":64,"column":29}}]},"8":{"line":80,"type":"if","locations":[{"start":{"line":80,"column":4},"end":{"line":80,"column":3}},{"start":{"line":80,"column":4},"end":{"line":80,"column":3}}]},"9":{"line":95,"type":"if","locations":[{"start":{"line":95,"column":2},"end":{"line":95,"column":1}},{"start":{"line":95,"column":2},"end":{"line":95,"column":1}}]},"10":{"line":107,"type":"if","locations":[{"start":{"line":107,"column":2},"end":{"line":107,"column":1}},{"start":{"line":107,"column":2},"end":{"line":107,"column":1}}]},"11":{"line":124,"type":"if","locations":[{"start":{"line":124,"column":4},"end":{"line":124,"column":3}},{"start":{"line":124,"column":4},"end":{"line":124,"column":3}}]}},"s":{"1":0,"2":0,"3":0,"4":0,"5":0,"6":0,"7":0,"8":0,"9":0,"10":0,"11":0,"12":0,"13":0,"14":0,"15":0,"16":0,"17":0,"18":0,"19":0,"20":0,"21":0,"22":0,"23":0,"24":0,"25":0,"26":0,"27":0,"28":0,"29":0,"30":0,"31":0,"32":0,"33":0,"34":0,"35":0,"36":0,"37":0,"38":0,"39":0,"40":0,"41":0,"42":0,"43":0,"44":0,"45":0,"46":0,"47":0,"48":0,"49":0,"50":0,"51":0,"52":0,"53":0,"54":0,"55":0,"56":0,"57":0,"58":0,"59":0,"60":0,"61":0,"62":0,"63":0,"64":0,"65":0},"b":{"1":[0,0],"2":[0,0],"3":[0,0],"4":[0,0],"5":[0,0],"6":[0,0],"7":[0,0,0,0],"8":[0,0],"9":[0,0],"10":[0,0],"11":[0,0]},"f":{"1":0,"2":0,"3":0,"4":0,"5":0,"6":0,"7":0},"l":{"1":0,"8":0,"9":0,"13":0,"18":0,"20":0,"21":0,"22":0,"23":0,"25":0,"26":0,"27":0,"28":0,"29":0,"30":0,"31":0,"32":0,"33":0,"34":0,"35":0,"36":0,"40":0,"42":0,"44":0,"52":0,"55":0,"56":0,"58":0,"60":0,"62":0,"64":0,"68":0,"69":0,"70":0,"74":0,"77":0,"78":0,"79":0,"80":0,"81":0,"82":0,"89":0,"93":0,"94":0,"95":0,"96":0,"98":0,"105":0,"106":0,"107":0,"108":0,"109":0,"117":0,"118":0,"121":0,"122":0,"124":0,"125":0,"127":0,"130":0,"131":0}},
"../../vscode-fortran-support/src/lib/variables.ts":{"path":"../../vscode-fortran-support/src/lib/variables.ts","statementMap":{"1":{"start":{"line":5,"column":0},"end":{"line":5,"column":118}},"2":{"start":{"line":7,"column":0},"end":{"line":20,"column":1}},"3":{"start":{"line":8,"column":2},"end":{"line":8,"column":33}},"4":{"start":{"line":9,"column":2},"end":{"line":9,"column":16}},"5":{"start":{"line":11,"column":2},"end":{"line":18,"column":3}},"6":{"start":{"line":12,"column":4},"end":{"line":12,"column":51}},"7":{"start":{"line":13,"column":4},"end":{"line":13,"column":43}},"8":{"start":{"line":13,"column":34},"end":{"line":13,"column":43}},"9":{"start":{"line":14,"column":4},"end":{"line":14,"column":33}},"10":{"start":{"line":15,"column":4},"end":{"line":17,"column":5}},"11":{"start":{"line":16,"column":6},"end":{"line":16,"column":46}},"12":{"start":{"line":19,"column":2},"end":{"line":19,"column":14}},"13":{"start":{"line":22,"column":13},"end":{"line":27,"column":2}},"14":{"start":{"line":23,"column":2},"end":{"line":26,"column":3}},"15":{"start":{"line":24,"column":4},"end":{"line":24,"column":78}},"16":{"start":{"line":25,"column":4},"end":{"line":25,"column":38}}},"fnMap":{"1":{"name":"getDeclaredVars","line":7,"loc":{"start":{"line":7,"column":0},"end":{"line":7,"column":61}}}},"branchMap":{"1":{"line":13,"type":"if","locations":[{"start":{"line":13,"column":4},"end":{"line":13,"column":3}},{"start":{"line":13,"column":4},"end":{"line":13,"column":3}}]},"2":{"line":15,"type":"if","locations":[{"start":{"line":15,"column":4},"end":{"line":15,"column":3}},{"start":{"line":15,"column":4},"end":{"line":15,"column":3}}]},"3":{"line":23,"type":"if","locations":[{"start":{"line":23,"column":2},"end":{"line":23,"column":1}},{"start":{"line":23,"column":2},"end":{"line":23,"column":1}}]}},"s":{"1":0,"2":0,"3":0,"4":0,"5":0,"6":0,"7":0,"8":0,"9":0,"10":0,"11":0,"12":0,"13":0,"14":0,"15":0,"16":0},"b":{"1":[0,0],"2":[0,0],"3":[0,0]},"f":{"1":0},"l":{"5":0,"7":0,"8":0,"9":0,"11":0,"12":0,"13":0,"14":0,"15":0,"16":0,"19":0,"22":0,"23":0,"24":0,"25":0}}}
