{"/Users/carvajal/Code/vscode-fortran-support/out/src/lib/functions.js":{"path":"/Users/carvajal/Code/vscode-fortran-support/out/src/lib/functions.js","s":{"1":1,"2":1,"3":1,"4":1,"5":1,"6":1,"7":0,"8":0,"9":0,"10":0,"11":0,"12":0,"13":0,"14":0,"15":0,"16":0,"17":1,"18":1,"19":0,"20":0,"21":0,"22":0,"23":0,"24":0,"25":0,"26":0,"27":0,"28":0,"29":1,"30":1,"31":0,"32":1,"33":0,"34":1,"35":0,"36":0,"37":0,"38":0,"39":0,"40":0,"41":0,"42":0,"43":0,"44":0,"45":0,"46":0,"47":0,"48":0,"49":0,"50":0,"51":1,"52":3,"53":3,"54":5,"55":4,"56":3,"57":1,"58":9},"b":{"1":[1,1],"2":[0,0],"3":[0,0],"4":[0,0],"5":[0,0],"6":[0,0],"7":[0,0],"8":[0,0],"9":[0,0],"10":[0,0],"11":[0,0],"12":[0,0],"13":[0,0],"14":[0,0],"15":[0,0],"16":[0,0]},"f":{"1":1,"2":0,"3":0},"fnMap":{"1":{"name":"(anonymous_1)","line":4,"loc":{"start":{"line":4,"column":1},"end":{"line":4,"column":23}}},"2":{"name":"getDeclaredFunctions","line":8,"loc":{"start":{"line":8,"column":0},"end":{"line":8,"column":40}}},"3":{"name":"getDeclaredSubroutines","line":23,"loc":{"start":{"line":23,"column":0},"end":{"line":23,"column":42}}}},"statementMap":{"1":{"start":{"line":2,"column":0},"end":{"line":2,"column":62}},"2":{"start":{"line":3,"column":0},"end":{"line":3,"column":15}},"3":{"start":{"line":4,"column":0},"end":{"line":7,"column":65}},"4":{"start":{"line":5,"column":4},"end":{"line":5,"column":60}},"5":{"start":{"line":6,"column":4},"end":{"line":6,"column":56}},"6":{"start":{"line":8,"column":0},"end":{"line":21,"column":1}},"7":{"start":{"line":9,"column":4},"end":{"line":9,"column":35}},"8":{"start":{"line":10,"column":4},"end":{"line":10,"column":19}},"9":{"start":{"line":11,"column":4},"end":{"line":19,"column":5}},"10":{"start":{"line":12,"column":8},"end":{"line":12,"column":38}},"11":{"start":{"line":13,"column":8},"end":{"line":14,"column":21}},"12":{"start":{"line":14,"column":12},"end":{"line":14,"column":21}},"13":{"start":{"line":15,"column":8},"end":{"line":15,"column":50}},"14":{"start":{"line":16,"column":8},"end":{"line":18,"column":9}},"15":{"start":{"line":17,"column":12},"end":{"line":17,"column":32}},"16":{"start":{"line":20,"column":4},"end":{"line":20,"column":17}},"17":{"start":{"line":22,"column":0},"end":{"line":22,"column":52}},"18":{"start":{"line":23,"column":0},"end":{"line":36,"column":1}},"19":{"start":{"line":24,"column":4},"end":{"line":24,"column":35}},"20":{"start":{"line":25,"column":4},"end":{"line":25,"column":25}},"21":{"start":{"line":26,"column":4},"end":{"line":34,"column":5}},"22":{"start":{"line":27,"column":8},"end":{"line":27,"column":38}},"23":{"start":{"line":28,"column":8},"end":{"line":29,"column":21}},"24":{"start":{"line":29,"column":12},"end":{"line":29,"column":21}},"25":{"start":{"line":30,"column":8},"end":{"line":30,"column":58}},"26":{"start":{"line":31,"column":8},"end":{"line":33,"column":9}},"27":{"start":{"line":32,"column":12},"end":{"line":32,"column":44}},"28":{"start":{"line":35,"column":4},"end":{"line":35,"column":23}},"29":{"start":{"line":37,"column":0},"end":{"line":37,"column":56}},"30":{"start":{"line":38,"column":0},"end":{"line":40,"column":2}},"31":{"start":{"line":39,"column":4},"end":{"line":39,"column":53}},"32":{"start":{"line":41,"column":0},"end":{"line":43,"column":2}},"33":{"start":{"line":42,"column":4},"end":{"line":42,"column":55}},"34":{"start":{"line":44,"column":0},"end":{"line":71,"column":2}},"35":{"start":{"line":45,"column":4},"end":{"line":45,"column":153}},"36":{"start":{"line":46,"column":4},"end":{"line":46,"column":100}},"37":{"start":{"line":47,"column":4},"end":{"line":47,"column":83}},"38":{"start":{"line":48,"column":4},"end":{"line":49,"column":15}},"39":{"start":{"line":49,"column":8},"end":{"line":49,"column":15}},"40":{"start":{"line":50,"column":4},"end":{"line":51,"column":15}},"41":{"start":{"line":51,"column":8},"end":{"line":51,"column":15}},"42":{"start":{"line":52,"column":4},"end":{"line":52,"column":47}},"43":{"start":{"line":53,"column":4},"end":{"line":70,"column":5}},"44":{"start":{"line":54,"column":8},"end":{"line":54,"column":86}},"45":{"start":{"line":55,"column":8},"end":{"line":55,"column":61}},"46":{"start":{"line":56,"column":8},"end":{"line":60,"column":10}},"47":{"start":{"line":62,"column":9},"end":{"line":70,"column":5}},"48":{"start":{"line":63,"column":8},"end":{"line":63,"column":52}},"49":{"start":{"line":64,"column":8},"end":{"line":64,"column":61}},"50":{"start":{"line":65,"column":8},"end":{"line":69,"column":10}},"51":{"start":{"line":72,"column":0},"end":{"line":80,"column":2}},"52":{"start":{"line":73,"column":4},"end":{"line":73,"column":41}},"53":{"start":{"line":74,"column":4},"end":{"line":78,"column":7}},"54":{"start":{"line":75,"column":24},"end":{"line":75,"column":55}},"55":{"start":{"line":77,"column":8},"end":{"line":77,"column":30}},"56":{"start":{"line":79,"column":4},"end":{"line":79,"column":21}},"57":{"start":{"line":81,"column":0},"end":{"line":83,"column":2}},"58":{"start":{"line":82,"column":4},"end":{"line":82,"column":66}}},"branchMap":{"1":{"line":7,"type":"binary-expr","locations":[{"start":{"line":7,"column":16},"end":{"line":7,"column":34}},{"start":{"line":7,"column":39},"end":{"line":7,"column":62}}]},"2":{"line":13,"type":"if","locations":[{"start":{"line":13,"column":8},"end":{"line":13,"column":8}},{"start":{"line":13,"column":8},"end":{"line":13,"column":8}}]},"3":{"line":16,"type":"if","locations":[{"start":{"line":16,"column":8},"end":{"line":16,"column":8}},{"start":{"line":16,"column":8},"end":{"line":16,"column":8}}]},"4":{"line":28,"type":"if","locations":[{"start":{"line":28,"column":8},"end":{"line":28,"column":8}},{"start":{"line":28,"column":8},"end":{"line":28,"column":8}}]},"5":{"line":31,"type":"if","locations":[{"start":{"line":31,"column":8},"end":{"line":31,"column":8}},{"start":{"line":31,"column":8},"end":{"line":31,"column":8}}]},"6":{"line":47,"type":"cond-expr","locations":[{"start":{"line":47,"column":51},"end":{"line":47,"column":66}},{"start":{"line":47,"column":69},"end":{"line":47,"column":82}}]},"7":{"line":48,"type":"if","locations":[{"start":{"line":48,"column":4},"end":{"line":48,"column":4}},{"start":{"line":48,"column":4},"end":{"line":48,"column":4}}]},"8":{"line":48,"type":"binary-expr","locations":[{"start":{"line":48,"column":8},"end":{"line":48,"column":38}},{"start":{"line":48,"column":42},"end":{"line":48,"column":91}}]},"9":{"line":50,"type":"if","locations":[{"start":{"line":50,"column":4},"end":{"line":50,"column":4}},{"start":{"line":50,"column":4},"end":{"line":50,"column":4}}]},"10":{"line":50,"type":"binary-expr","locations":[{"start":{"line":50,"column":8},"end":{"line":50,"column":36}},{"start":{"line":50,"column":40},"end":{"line":50,"column":87}}]},"11":{"line":53,"type":"if","locations":[{"start":{"line":53,"column":4},"end":{"line":53,"column":4}},{"start":{"line":53,"column":4},"end":{"line":53,"column":4}}]},"12":{"line":53,"type":"binary-expr","locations":[{"start":{"line":53,"column":8},"end":{"line":53,"column":20}},{"start":{"line":53,"column":24},"end":{"line":53,"column":52}}]},"13":{"line":55,"type":"cond-expr","locations":[{"start":{"line":55,"column":29},"end":{"line":55,"column":55}},{"start":{"line":55,"column":58},"end":{"line":55,"column":60}}]},"14":{"line":62,"type":"if","locations":[{"start":{"line":62,"column":9},"end":{"line":62,"column":9}},{"start":{"line":62,"column":9},"end":{"line":62,"column":9}}]},"15":{"line":62,"type":"binary-expr","locations":[{"start":{"line":62,"column":13},"end":{"line":62,"column":25}},{"start":{"line":62,"column":29},"end":{"line":62,"column":59}}]},"16":{"line":64,"type":"cond-expr","locations":[{"start":{"line":64,"column":29},"end":{"line":64,"column":55}},{"start":{"line":64,"column":58},"end":{"line":64,"column":60}}]}}},"/Users/carvajal/Code/vscode-fortran-support/out/src/lib/tokenizer.js":{"path":"/Users/carvajal/Code/vscode-fortran-support/out/src/lib/tokenizer.js","s":{"1":1,"2":1,"3":1,"4":1,"5":1,"6":1,"7":1,"8":1,"9":1,"10":1,"11":1,"12":1,"13":1,"14":1,"15":1,"16":1,"17":11,"18":1,"19":1,"20":11,"21":11,"22":77,"23":77,"24":77,"25":11,"26":11,"27":11,"28":11,"29":1},"b":{"1":[1,1],"2":[11,66],"3":[77,11]},"f":{"1":1,"2":1,"3":11,"4":1},"fnMap":{"1":{"name":"(anonymous_1)","line":4,"loc":{"start":{"line":4,"column":1},"end":{"line":4,"column":22}}},"2":{"name":"(anonymous_2)","line":18,"loc":{"start":{"line":18,"column":15},"end":{"line":18,"column":18}}},"3":{"name":"(anonymous_3)","line":22,"loc":{"start":{"line":22,"column":7},"end":{"line":22,"column":22}}},"4":{"name":"(anonymous_4)","line":25,"loc":{"start":{"line":25,"column":12},"end":{"line":25,"column":25}}}},"statementMap":{"1":{"start":{"line":2,"column":0},"end":{"line":2,"column":62}},"2":{"start":{"line":3,"column":0},"end":{"line":3,"column":14}},"3":{"start":{"line":4,"column":0},"end":{"line":16,"column":62}},"4":{"start":{"line":5,"column":4},"end":{"line":5,"column":54}},"5":{"start":{"line":6,"column":4},"end":{"line":6,"column":58}},"6":{"start":{"line":7,"column":4},"end":{"line":7,"column":50}},"7":{"start":{"line":8,"column":4},"end":{"line":8,"column":54}},"8":{"start":{"line":9,"column":4},"end":{"line":9,"column":44}},"9":{"start":{"line":10,"column":4},"end":{"line":10,"column":42}},"10":{"start":{"line":11,"column":4},"end":{"line":11,"column":42}},"11":{"start":{"line":12,"column":4},"end":{"line":12,"column":68}},"12":{"start":{"line":13,"column":4},"end":{"line":13,"column":70}},"13":{"start":{"line":14,"column":4},"end":{"line":14,"column":48}},"14":{"start":{"line":15,"column":4},"end":{"line":15,"column":69}},"15":{"start":{"line":19,"column":8},"end":{"line":19,"column":29}},"16":{"start":{"line":20,"column":8},"end":{"line":20,"column":25}},"17":{"start":{"line":23,"column":8},"end":{"line":23,"column":63}},"18":{"start":{"line":26,"column":8},"end":{"line":26,"column":25}},"19":{"start":{"line":27,"column":8},"end":{"line":39,"column":9}},"20":{"start":{"line":28,"column":12},"end":{"line":28,"column":30}},"21":{"start":{"line":29,"column":12},"end":{"line":38,"column":13}},"22":{"start":{"line":30,"column":16},"end":{"line":30,"column":46}},"23":{"start":{"line":31,"column":16},"end":{"line":31,"column":59}},"24":{"start":{"line":32,"column":16},"end":{"line":37,"column":17}},"25":{"start":{"line":33,"column":20},"end":{"line":33,"column":33}},"26":{"start":{"line":34,"column":20},"end":{"line":34,"column":88}},"27":{"start":{"line":35,"column":20},"end":{"line":35,"column":70}},"28":{"start":{"line":36,"column":20},"end":{"line":36,"column":26}},"29":{"start":{"line":42,"column":0},"end":{"line":42,"column":30}}},"branchMap":{"1":{"line":16,"type":"binary-expr","locations":[{"start":{"line":16,"column":15},"end":{"line":16,"column":32}},{"start":{"line":16,"column":37},"end":{"line":16,"column":59}}]},"2":{"line":32,"type":"if","locations":[{"start":{"line":32,"column":16},"end":{"line":32,"column":16}},{"start":{"line":32,"column":16},"end":{"line":32,"column":16}}]},"3":{"line":32,"type":"binary-expr","locations":[{"start":{"line":32,"column":20},"end":{"line":32,"column":26}},{"start":{"line":32,"column":30},"end":{"line":32,"column":47}}]}}},"/Users/carvajal/Code/vscode-fortran-support/out/src/extension.js":{"path":"/Users/carvajal/Code/vscode-fortran-support/out/src/extension.js","s":{"1":0,"2":0,"3":0,"4":0,"5":0,"6":0,"7":0,"8":0,"9":0,"10":0,"11":0,"12":0,"13":0,"14":0,"15":0,"16":0,"17":0,"18":0,"19":0},"b":{"1":[0,0]},"f":{"1":0},"fnMap":{"1":{"name":"activate","line":10,"loc":{"start":{"line":10,"column":0},"end":{"line":10,"column":27}}}},"statementMap":{"1":{"start":{"line":2,"column":0},"end":{"line":2,"column":62}},"2":{"start":{"line":4,"column":0},"end":{"line":4,"column":33}},"3":{"start":{"line":5,"column":0},"end":{"line":5,"column":64}},"4":{"start":{"line":6,"column":0},"end":{"line":6,"column":62}},"5":{"start":{"line":7,"column":0},"end":{"line":7,"column":72}},"6":{"start":{"line":8,"column":0},"end":{"line":8,"column":82}},"7":{"start":{"line":9,"column":0},"end":{"line":9,"column":49}},"8":{"start":{"line":10,"column":0},"end":{"line":22,"column":1}},"9":{"start":{"line":11,"column":4},"end":{"line":11,"column":55}},"10":{"start":{"line":12,"column":4},"end":{"line":12,"column":83}},"11":{"start":{"line":13,"column":4},"end":{"line":13,"column":88}},"12":{"start":{"line":14,"column":4},"end":{"line":18,"column":5}},"13":{"start":{"line":15,"column":8},"end":{"line":15,"column":53}},"14":{"start":{"line":16,"column":8},"end":{"line":16,"column":47}},"15":{"start":{"line":17,"column":8},"end":{"line":17,"column":83}},"16":{"start":{"line":19,"column":4},"end":{"line":19,"column":94}},"17":{"start":{"line":20,"column":4},"end":{"line":20,"column":80}},"18":{"start":{"line":21,"column":4},"end":{"line":21,"column":90}},"19":{"start":{"line":23,"column":0},"end":{"line":23,"column":28}}},"branchMap":{"1":{"line":14,"type":"if","locations":[{"start":{"line":14,"column":4},"end":{"line":14,"column":4}},{"start":{"line":14,"column":4},"end":{"line":14,"column":4}}]}}},"/Users/carvajal/Code/vscode-fortran-support/out/src/features/completion-provider.js":{"path":"/Users/carvajal/Code/vscode-fortran-support/out/src/features/completion-provider.js","s":{"1":0,"2":0,"3":0,"4":0,"5":0,"6":0,"7":0,"8":0,"9":0,"10":0,"11":0,"12":0,"13":0,"14":0,"15":0,"16":0,"17":0,"18":0,"19":0,"20":0,"21":0,"22":0,"23":0,"24":0,"25":0,"26":0,"27":0,"28":0,"29":0,"30":0,"31":0,"32":0,"33":0,"34":0,"35":0},"b":{"1":[0,0],"2":[0,0],"3":[0,0],"4":[0,0],"5":[0,0],"6":[0,0],"7":[0,0],"8":[0,0],"9":[0,0]},"f":{"1":0,"2":0},"fnMap":{"1":{"name":"(anonymous_1)","line":7,"loc":{"start":{"line":7,"column":26},"end":{"line":7,"column":54}}},"2":{"name":"(anonymous_2)","line":10,"loc":{"start":{"line":10,"column":34},"end":{"line":10,"column":70}}}},"statementMap":{"1":{"start":{"line":2,"column":0},"end":{"line":2,"column":62}},"2":{"start":{"line":3,"column":0},"end":{"line":3,"column":33}},"3":{"start":{"line":4,"column":0},"end":{"line":4,"column":42}},"4":{"start":{"line":5,"column":0},"end":{"line":5,"column":48}},"5":{"start":{"line":8,"column":8},"end":{"line":8,"column":119}},"6":{"start":{"line":11,"column":8},"end":{"line":56,"column":11}},"7":{"start":{"line":12,"column":12},"end":{"line":12,"column":45}},"8":{"start":{"line":13,"column":12},"end":{"line":13,"column":63}},"9":{"start":{"line":14,"column":12},"end":{"line":14,"column":81}},"10":{"start":{"line":16,"column":12},"end":{"line":18,"column":13}},"11":{"start":{"line":17,"column":16},"end":{"line":17,"column":35}},"12":{"start":{"line":19,"column":12},"end":{"line":19,"column":75}},"13":{"start":{"line":20,"column":12},"end":{"line":23,"column":13}},"14":{"start":{"line":22,"column":16},"end":{"line":22,"column":35}},"15":{"start":{"line":25,"column":12},"end":{"line":25,"column":75}},"16":{"start":{"line":26,"column":12},"end":{"line":26,"column":33}},"17":{"start":{"line":27,"column":12},"end":{"line":31,"column":13}},"18":{"start":{"line":29,"column":16},"end":{"line":29,"column":60}},"19":{"start":{"line":30,"column":16},"end":{"line":30,"column":98}},"20":{"start":{"line":32,"column":12},"end":{"line":35,"column":13}},"21":{"start":{"line":34,"column":16},"end":{"line":34,"column":35}},"22":{"start":{"line":36,"column":12},"end":{"line":36,"column":33}},"23":{"start":{"line":37,"column":12},"end":{"line":49,"column":13}},"24":{"start":{"line":38,"column":16},"end":{"line":42,"column":19}},"25":{"start":{"line":39,"column":20},"end":{"line":41,"column":21}},"26":{"start":{"line":40,"column":24},"end":{"line":40,"column":113}},"27":{"start":{"line":44,"column":16},"end":{"line":48,"column":19}},"28":{"start":{"line":45,"column":20},"end":{"line":47,"column":21}},"29":{"start":{"line":46,"column":24},"end":{"line":46,"column":126}},"30":{"start":{"line":50,"column":12},"end":{"line":50,"column":73}},"31":{"start":{"line":52,"column":12},"end":{"line":54,"column":15}},"32":{"start":{"line":52,"column":36},"end":{"line":52,"column":68}},"33":{"start":{"line":53,"column":16},"end":{"line":53,"column":106}},"34":{"start":{"line":55,"column":12},"end":{"line":55,"column":40}},"35":{"start":{"line":59,"column":0},"end":{"line":59,"column":62}}},"branchMap":{"1":{"line":16,"type":"if","locations":[{"start":{"line":16,"column":12},"end":{"line":16,"column":12}},{"start":{"line":16,"column":12},"end":{"line":16,"column":12}}]},"2":{"line":20,"type":"if","locations":[{"start":{"line":20,"column":12},"end":{"line":20,"column":12}},{"start":{"line":20,"column":12},"end":{"line":20,"column":12}}]},"3":{"line":20,"type":"binary-expr","locations":[{"start":{"line":20,"column":16},"end":{"line":20,"column":25}},{"start":{"line":20,"column":29},"end":{"line":20,"column":66}}]},"4":{"line":27,"type":"if","locations":[{"start":{"line":27,"column":12},"end":{"line":27,"column":12}},{"start":{"line":27,"column":12},"end":{"line":27,"column":12}}]},"5":{"line":27,"type":"binary-expr","locations":[{"start":{"line":27,"column":16},"end":{"line":27,"column":30}},{"start":{"line":28,"column":16},"end":{"line":28,"column":67}}]},"6":{"line":32,"type":"if","locations":[{"start":{"line":32,"column":12},"end":{"line":32,"column":12}},{"start":{"line":32,"column":12},"end":{"line":32,"column":12}}]},"7":{"line":37,"type":"if","locations":[{"start":{"line":37,"column":12},"end":{"line":37,"column":12}},{"start":{"line":37,"column":12},"end":{"line":37,"column":12}}]},"8":{"line":39,"type":"if","locations":[{"start":{"line":39,"column":20},"end":{"line":39,"column":20}},{"start":{"line":39,"column":20},"end":{"line":39,"column":20}}]},"9":{"line":45,"type":"if","locations":[{"start":{"line":45,"column":20},"end":{"line":45,"column":20}},{"start":{"line":45,"column":20},"end":{"line":45,"column":20}}]}}},"/Users/carvajal/Code/vscode-fortran-support/out/src/features/definition-provider.js":{"path":"/Users/carvajal/Code/vscode-fortran-support/out/src/features/definition-provider.js","s":{"1":0,"2":0,"3":0,"4":0,"5":0,"6":0,"7":0,"8":0,"9":0,"10":0,"11":0,"12":0,"13":0,"14":0},"b":{"1":[0,0],"2":[0,0],"3":[0,0]},"f":{"1":0},"fnMap":{"1":{"name":"(anonymous_1)","line":5,"loc":{"start":{"line":5,"column":21},"end":{"line":5,"column":49}}}},"statementMap":{"1":{"start":{"line":2,"column":0},"end":{"line":2,"column":62}},"2":{"start":{"line":3,"column":0},"end":{"line":3,"column":48}},"3":{"start":{"line":6,"column":8},"end":{"line":7,"column":19}},"4":{"start":{"line":7,"column":12},"end":{"line":7,"column":19}},"5":{"start":{"line":8,"column":8},"end":{"line":8,"column":64}},"6":{"start":{"line":9,"column":8},"end":{"line":12,"column":9}},"7":{"start":{"line":10,"column":12},"end":{"line":10,"column":102}},"8":{"start":{"line":11,"column":12},"end":{"line":11,"column":51}},"9":{"start":{"line":13,"column":8},"end":{"line":13,"column":48}},"10":{"start":{"line":14,"column":8},"end":{"line":16,"column":9}},"11":{"start":{"line":15,"column":12},"end":{"line":15,"column":60}},"12":{"start":{"line":17,"column":8},"end":{"line":17,"column":72}},"13":{"start":{"line":18,"column":8},"end":{"line":18,"column":48}},"14":{"start":{"line":21,"column":0},"end":{"line":21,"column":44}}},"branchMap":{"1":{"line":6,"type":"if","locations":[{"start":{"line":6,"column":8},"end":{"line":6,"column":8}},{"start":{"line":6,"column":8},"end":{"line":6,"column":8}}]},"2":{"line":9,"type":"if","locations":[{"start":{"line":9,"column":8},"end":{"line":9,"column":8}},{"start":{"line":9,"column":8},"end":{"line":9,"column":8}}]},"3":{"line":14,"type":"if","locations":[{"start":{"line":14,"column":8},"end":{"line":14,"column":8}},{"start":{"line":14,"column":8},"end":{"line":14,"column":8}}]}}},"/Users/carvajal/Code/vscode-fortran-support/out/src/features/document-symbol-provider.js":{"path":"/Users/carvajal/Code/vscode-fortran-support/out/src/features/document-symbol-provider.js","s":{"1":0,"2":0,"3":0,"4":0,"5":0,"6":0,"7":0,"8":0,"9":0,"10":0,"11":0,"12":0,"13":0,"14":0,"15":0,"16":0,"17":0,"18":0,"19":0,"20":0,"21":0,"22":0,"23":0,"24":0,"25":0,"26":0,"27":0,"28":0,"29":0,"30":0,"31":0,"32":0,"33":0,"34":0,"35":0,"36":0,"37":0,"38":0,"39":0,"40":0,"41":0,"42":0,"43":0,"44":0,"45":0,"46":0,"47":0,"48":0,"49":0,"50":0,"51":0,"52":0,"53":0,"54":0,"55":0,"56":0,"57":0,"58":0,"59":0,"60":0,"61":0,"62":0,"63":0,"64":0,"65":0,"66":0,"67":0},"b":{"1":[0,0,0],"2":[0,0],"3":[0,0],"4":[0,0],"5":[0,0],"6":[0,0],"7":[0,0],"8":[0,0],"9":[0,0,0,0],"10":[0,0],"11":[0,0],"12":[0,0]},"f":{"1":0,"2":0,"3":0,"4":0,"5":0,"6":0,"7":0,"8":0,"9":0,"10":0,"11":0,"12":0,"13":0,"14":0},"fnMap":{"1":{"name":"(anonymous_1)","line":2,"loc":{"start":{"line":2,"column":44},"end":{"line":2,"column":89}}},"2":{"name":"(anonymous_2)","line":3,"loc":{"start":{"line":3,"column":36},"end":{"line":3,"column":63}}},"3":{"name":"fulfilled","line":4,"loc":{"start":{"line":4,"column":8},"end":{"line":4,"column":34}}},"4":{"name":"rejected","line":5,"loc":{"start":{"line":5,"column":8},"end":{"line":5,"column":33}}},"5":{"name":"step","line":6,"loc":{"start":{"line":6,"column":8},"end":{"line":6,"column":30}}},"6":{"name":"(anonymous_6)","line":6,"loc":{"start":{"line":6,"column":76},"end":{"line":6,"column":95}}},"7":{"name":"(anonymous_7)","line":16,"loc":{"start":{"line":16,"column":15},"end":{"line":16,"column":18}}},"8":{"name":"(anonymous_8)","line":17,"loc":{"start":{"line":17,"column":70},"end":{"line":17,"column":83}}},"9":{"name":"(anonymous_9)","line":40,"loc":{"start":{"line":40,"column":26},"end":{"line":40,"column":44}}},"10":{"name":"(anonymous_10)","line":48,"loc":{"start":{"line":48,"column":20},"end":{"line":48,"column":27}}},"11":{"name":"(anonymous_11)","line":60,"loc":{"start":{"line":60,"column":29},"end":{"line":60,"column":36}}},"12":{"name":"(anonymous_12)","line":72,"loc":{"start":{"line":72,"column":27},"end":{"line":72,"column":34}}},"13":{"name":"(anonymous_13)","line":79,"loc":{"start":{"line":79,"column":27},"end":{"line":79,"column":34}}},"14":{"name":"(anonymous_14)","line":86,"loc":{"start":{"line":86,"column":18},"end":{"line":86,"column":21}}}},"statementMap":{"1":{"start":{"line":2,"column":0},"end":{"line":9,"column":2}},"2":{"start":{"line":3,"column":4},"end":{"line":8,"column":7}},"3":{"start":{"line":4,"column":8},"end":{"line":4,"column":99}},"4":{"start":{"line":4,"column":36},"end":{"line":4,"column":97}},"5":{"start":{"line":4,"column":42},"end":{"line":4,"column":70}},"6":{"start":{"line":4,"column":85},"end":{"line":4,"column":95}},"7":{"start":{"line":5,"column":8},"end":{"line":5,"column":102}},"8":{"start":{"line":5,"column":35},"end":{"line":5,"column":100}},"9":{"start":{"line":5,"column":41},"end":{"line":5,"column":73}},"10":{"start":{"line":5,"column":88},"end":{"line":5,"column":98}},"11":{"start":{"line":6,"column":8},"end":{"line":6,"column":151}},"12":{"start":{"line":6,"column":32},"end":{"line":6,"column":149}},"13":{"start":{"line":6,"column":97},"end":{"line":6,"column":119}},"14":{"start":{"line":7,"column":8},"end":{"line":7,"column":78}},"15":{"start":{"line":10,"column":0},"end":{"line":10,"column":62}},"16":{"start":{"line":11,"column":0},"end":{"line":11,"column":33}},"17":{"start":{"line":12,"column":0},"end":{"line":12,"column":48}},"18":{"start":{"line":13,"column":0},"end":{"line":13,"column":48}},"19":{"start":{"line":14,"column":0},"end":{"line":14,"column":31}},"20":{"start":{"line":17,"column":8},"end":{"line":38,"column":11}},"21":{"start":{"line":17,"column":38},"end":{"line":38,"column":10}},"22":{"start":{"line":18,"column":12},"end":{"line":18,"column":43}},"23":{"start":{"line":19,"column":12},"end":{"line":19,"column":29}},"24":{"start":{"line":20,"column":12},"end":{"line":20,"column":54}},"25":{"start":{"line":21,"column":12},"end":{"line":36,"column":13}},"26":{"start":{"line":22,"column":16},"end":{"line":22,"column":46}},"27":{"start":{"line":23,"column":16},"end":{"line":23,"column":75}},"28":{"start":{"line":24,"column":16},"end":{"line":25,"column":29}},"29":{"start":{"line":25,"column":20},"end":{"line":25,"column":29}},"30":{"start":{"line":26,"column":16},"end":{"line":26,"column":66}},"31":{"start":{"line":27,"column":16},"end":{"line":28,"column":29}},"32":{"start":{"line":28,"column":20},"end":{"line":28,"column":29}},"33":{"start":{"line":29,"column":16},"end":{"line":32,"column":55}},"34":{"start":{"line":30,"column":33},"end":{"line":30,"column":60}},"35":{"start":{"line":31,"column":31},"end":{"line":31,"column":39}},"36":{"start":{"line":32,"column":36},"end":{"line":32,"column":53}},"37":{"start":{"line":33,"column":16},"end":{"line":35,"column":17}},"38":{"start":{"line":34,"column":20},"end":{"line":34,"column":60}},"39":{"start":{"line":37,"column":12},"end":{"line":37,"column":27}},"40":{"start":{"line":41,"column":8},"end":{"line":45,"column":11}},"41":{"start":{"line":42,"column":12},"end":{"line":44,"column":15}},"42":{"start":{"line":43,"column":16},"end":{"line":43,"column":37}},"43":{"start":{"line":46,"column":8},"end":{"line":46,"column":63}},"44":{"start":{"line":49,"column":8},"end":{"line":58,"column":9}},"45":{"start":{"line":51,"column":16},"end":{"line":51,"column":54}},"46":{"start":{"line":53,"column":16},"end":{"line":53,"column":52}},"47":{"start":{"line":55,"column":16},"end":{"line":55,"column":52}},"48":{"start":{"line":57,"column":16},"end":{"line":57,"column":39}},"49":{"start":{"line":57,"column":29},"end":{"line":57,"column":38}},"50":{"start":{"line":61,"column":8},"end":{"line":70,"column":9}},"51":{"start":{"line":62,"column":12},"end":{"line":62,"column":58}},"52":{"start":{"line":63,"column":12},"end":{"line":66,"column":13}},"53":{"start":{"line":64,"column":16},"end":{"line":64,"column":79}},"54":{"start":{"line":65,"column":16},"end":{"line":65,"column":95}},"55":{"start":{"line":69,"column":12},"end":{"line":69,"column":29}},"56":{"start":{"line":73,"column":8},"end":{"line":73,"column":59}},"57":{"start":{"line":74,"column":8},"end":{"line":77,"column":9}},"58":{"start":{"line":75,"column":12},"end":{"line":75,"column":75}},"59":{"start":{"line":76,"column":12},"end":{"line":76,"column":100}},"60":{"start":{"line":80,"column":8},"end":{"line":80,"column":53}},"61":{"start":{"line":81,"column":8},"end":{"line":84,"column":9}},"62":{"start":{"line":82,"column":12},"end":{"line":82,"column":75}},"63":{"start":{"line":83,"column":12},"end":{"line":83,"column":98}},"64":{"start":{"line":87,"column":8},"end":{"line":87,"column":66}},"65":{"start":{"line":88,"column":8},"end":{"line":91,"column":11}},"66":{"start":{"line":92,"column":8},"end":{"line":92,"column":27}},"67":{"start":{"line":95,"column":0},"end":{"line":95,"column":70}}},"branchMap":{"1":{"line":2,"type":"binary-expr","locations":[{"start":{"line":2,"column":17},"end":{"line":2,"column":21}},{"start":{"line":2,"column":25},"end":{"line":2,"column":39}},{"start":{"line":2,"column":44},"end":{"line":9,"column":1}}]},"2":{"line":3,"type":"binary-expr","locations":[{"start":{"line":3,"column":16},"end":{"line":3,"column":17}},{"start":{"line":3,"column":22},"end":{"line":3,"column":33}}]},"3":{"line":6,"type":"cond-expr","locations":[{"start":{"line":6,"column":46},"end":{"line":6,"column":67}},{"start":{"line":6,"column":70},"end":{"line":6,"column":148}}]},"4":{"line":7,"type":"binary-expr","locations":[{"start":{"line":7,"column":51},"end":{"line":7,"column":61}},{"start":{"line":7,"column":65},"end":{"line":7,"column":67}}]},"5":{"line":24,"type":"if","locations":[{"start":{"line":24,"column":16},"end":{"line":24,"column":16}},{"start":{"line":24,"column":16},"end":{"line":24,"column":16}}]},"6":{"line":27,"type":"if","locations":[{"start":{"line":27,"column":16},"end":{"line":27,"column":16}},{"start":{"line":27,"column":16},"end":{"line":27,"column":16}}]},"7":{"line":27,"type":"binary-expr","locations":[{"start":{"line":27,"column":20},"end":{"line":27,"column":44}},{"start":{"line":27,"column":48},"end":{"line":27,"column":72}}]},"8":{"line":33,"type":"if","locations":[{"start":{"line":33,"column":16},"end":{"line":33,"column":16}},{"start":{"line":33,"column":16},"end":{"line":33,"column":16}}]},"9":{"line":49,"type":"switch","locations":[{"start":{"line":50,"column":12},"end":{"line":51,"column":54}},{"start":{"line":52,"column":12},"end":{"line":53,"column":52}},{"start":{"line":54,"column":12},"end":{"line":55,"column":52}},{"start":{"line":56,"column":12},"end":{"line":57,"column":39}}]},"10":{"line":63,"type":"if","locations":[{"start":{"line":63,"column":12},"end":{"line":63,"column":12}},{"start":{"line":63,"column":12},"end":{"line":63,"column":12}}]},"11":{"line":74,"type":"if","locations":[{"start":{"line":74,"column":8},"end":{"line":74,"column":8}},{"start":{"line":74,"column":8},"end":{"line":74,"column":8}}]},"12":{"line":81,"type":"if","locations":[{"start":{"line":81,"column":8},"end":{"line":81,"column":8}},{"start":{"line":81,"column":8},"end":{"line":81,"column":8}}]}}},"/Users/carvajal/Code/vscode-fortran-support/out/src/features/hover-provider.js":{"path":"/Users/carvajal/Code/vscode-fortran-support/out/src/features/hover-provider.js","s":{"1":0,"2":0,"3":0,"4":0,"5":0,"6":0,"7":0,"8":0},"b":{"1":[0,0]},"f":{"1":0},"fnMap":{"1":{"name":"(anonymous_1)","line":6,"loc":{"start":{"line":6,"column":16},"end":{"line":6,"column":44}}}},"statementMap":{"1":{"start":{"line":2,"column":0},"end":{"line":2,"column":62}},"2":{"start":{"line":3,"column":0},"end":{"line":3,"column":35}},"3":{"start":{"line":4,"column":0},"end":{"line":4,"column":42}},"4":{"start":{"line":7,"column":8},"end":{"line":7,"column":66}},"5":{"start":{"line":8,"column":8},"end":{"line":8,"column":47}},"6":{"start":{"line":9,"column":8},"end":{"line":11,"column":9}},"7":{"start":{"line":10,"column":12},"end":{"line":10,"column":68}},"8":{"start":{"line":14,"column":0},"end":{"line":14,"column":39}}},"branchMap":{"1":{"line":9,"type":"if","locations":[{"start":{"line":9,"column":8},"end":{"line":9,"column":8}},{"start":{"line":9,"column":8},"end":{"line":9,"column":8}}]}}},"/Users/carvajal/Code/vscode-fortran-support/out/src/features/linter-provider.js":{"path":"/Users/carvajal/Code/vscode-fortran-support/out/src/features/linter-provider.js","s":{"1":0,"2":0,"3":0,"4":0,"5":0,"6":0,"7":0,"8":0,"9":0,"10":0,"11":0,"12":0,"13":0,"14":0,"15":0,"16":0,"17":0,"18":0,"19":0,"20":0,"21":0,"22":0,"23":0,"24":0,"25":0,"26":0,"27":0,"28":0,"29":0,"30":0,"31":0,"32":0,"33":0,"34":0,"35":0,"36":0,"37":0,"38":0,"39":0,"40":0,"41":0,"42":0,"43":0,"44":0,"45":0,"46":0,"47":0,"48":0,"49":0,"50":0,"51":0,"52":0,"53":0,"54":0,"55":0,"56":0,"57":0,"58":0,"59":0,"60":0,"61":0,"62":0,"63":0,"64":0,"65":0},"b":{"1":[0,0],"2":[0,0],"3":[0,0],"4":[0,0],"5":[0,0]},"f":{"1":0,"2":0,"3":0,"4":0,"5":0,"6":0,"7":0,"8":0,"9":0},"fnMap":{"1":{"name":"(anonymous_1)","line":8,"loc":{"start":{"line":8,"column":15},"end":{"line":8,"column":18}}},"2":{"name":"(anonymous_2)","line":9,"loc":{"start":{"line":9,"column":23},"end":{"line":9,"column":38}}},"3":{"name":"(anonymous_3)","line":56,"loc":{"start":{"line":56,"column":25},"end":{"line":56,"column":40}}},"4":{"name":"(anonymous_4)","line":77,"loc":{"start":{"line":77,"column":22},"end":{"line":77,"column":56}}},"5":{"name":"(anonymous_5)","line":86,"loc":{"start":{"line":86,"column":12},"end":{"line":86,"column":28}}},"6":{"name":"(anonymous_6)","line":96,"loc":{"start":{"line":96,"column":11},"end":{"line":96,"column":14}}},"7":{"name":"(anonymous_7)","line":101,"loc":{"start":{"line":101,"column":19},"end":{"line":101,"column":22}}},"8":{"name":"(anonymous_8)","line":106,"loc":{"start":{"line":106,"column":19},"end":{"line":106,"column":22}}},"9":{"name":"(anonymous_9)","line":110,"loc":{"start":{"line":110,"column":22},"end":{"line":110,"column":25}}}},"statementMap":{"1":{"start":{"line":2,"column":0},"end":{"line":2,"column":62}},"2":{"start":{"line":3,"column":0},"end":{"line":3,"column":29}},"3":{"start":{"line":4,"column":0},"end":{"line":4,"column":36}},"4":{"start":{"line":5,"column":0},"end":{"line":5,"column":42}},"5":{"start":{"line":6,"column":0},"end":{"line":6,"column":33}},"6":{"start":{"line":10,"column":8},"end":{"line":10,"column":124}},"7":{"start":{"line":11,"column":8},"end":{"line":13,"column":9}},"8":{"start":{"line":12,"column":12},"end":{"line":12,"column":19}},"9":{"start":{"line":14,"column":8},"end":{"line":14,"column":25}},"10":{"start":{"line":15,"column":8},"end":{"line":15,"column":29}},"11":{"start":{"line":16,"column":8},"end":{"line":16,"column":45}},"12":{"start":{"line":17,"column":8},"end":{"line":17,"column":63}},"13":{"start":{"line":18,"column":8},"end":{"line":18,"column":61}},"14":{"start":{"line":19,"column":8},"end":{"line":19,"column":73}},"15":{"start":{"line":20,"column":8},"end":{"line":54,"column":9}},"16":{"start":{"line":21,"column":12},"end":{"line":23,"column":15}},"17":{"start":{"line":22,"column":16},"end":{"line":22,"column":32}},"18":{"start":{"line":24,"column":12},"end":{"line":26,"column":15}},"19":{"start":{"line":25,"column":16},"end":{"line":25,"column":32}},"20":{"start":{"line":27,"column":12},"end":{"line":43,"column":15}},"21":{"start":{"line":28,"column":16},"end":{"line":28,"column":33}},"22":{"start":{"line":29,"column":16},"end":{"line":41,"column":17}},"23":{"start":{"line":30,"column":20},"end":{"line":30,"column":57}},"24":{"start":{"line":31,"column":20},"end":{"line":31,"column":58}},"25":{"start":{"line":32,"column":20},"end":{"line":32,"column":60}},"26":{"start":{"line":33,"column":20},"end":{"line":33,"column":43}},"27":{"start":{"line":34,"column":20},"end":{"line":36,"column":58}},"28":{"start":{"line":37,"column":20},"end":{"line":37,"column":46}},"29":{"start":{"line":38,"column":20},"end":{"line":38,"column":147}},"30":{"start":{"line":39,"column":20},"end":{"line":39,"column":85}},"31":{"start":{"line":40,"column":20},"end":{"line":40,"column":49}},"32":{"start":{"line":42,"column":16},"end":{"line":42,"column":77}},"33":{"start":{"line":44,"column":12},"end":{"line":46,"column":15}},"34":{"start":{"line":45,"column":16},"end":{"line":45,"column":70}},"35":{"start":{"line":49,"column":12},"end":{"line":53,"column":15}},"36":{"start":{"line":50,"column":16},"end":{"line":52,"column":17}},"37":{"start":{"line":51,"column":20},"end":{"line":51,"column":147}},"38":{"start":{"line":57,"column":8},"end":{"line":59,"column":24}},"39":{"start":{"line":60,"column":8},"end":{"line":65,"column":10}},"40":{"start":{"line":66,"column":8},"end":{"line":66,"column":50}},"41":{"start":{"line":67,"column":8},"end":{"line":67,"column":68}},"42":{"start":{"line":68,"column":8},"end":{"line":68,"column":90}},"43":{"start":{"line":69,"column":8},"end":{"line":74,"column":10}},"44":{"start":{"line":75,"column":8},"end":{"line":75,"column":72}},"45":{"start":{"line":75,"column":34},"end":{"line":75,"column":44}},"46":{"start":{"line":75,"column":60},"end":{"line":75,"column":70}},"47":{"start":{"line":78,"column":8},"end":{"line":78,"column":15}},"48":{"start":{"line":87,"column":8},"end":{"line":87,"column":82}},"49":{"start":{"line":88,"column":8},"end":{"line":88,"column":94}},"50":{"start":{"line":89,"column":8},"end":{"line":91,"column":32}},"51":{"start":{"line":90,"column":12},"end":{"line":90,"column":63}},"52":{"start":{"line":92,"column":8},"end":{"line":92,"column":79}},"53":{"start":{"line":94,"column":8},"end":{"line":94,"column":79}},"54":{"start":{"line":97,"column":8},"end":{"line":97,"column":42}},"55":{"start":{"line":98,"column":8},"end":{"line":98,"column":44}},"56":{"start":{"line":99,"column":8},"end":{"line":99,"column":31}},"57":{"start":{"line":102,"column":8},"end":{"line":102,"column":66}},"58":{"start":{"line":103,"column":8},"end":{"line":103,"column":58}},"59":{"start":{"line":104,"column":8},"end":{"line":104,"column":28}},"60":{"start":{"line":107,"column":8},"end":{"line":107,"column":66}},"61":{"start":{"line":108,"column":8},"end":{"line":108,"column":60}},"62":{"start":{"line":111,"column":8},"end":{"line":111,"column":66}},"63":{"start":{"line":112,"column":8},"end":{"line":112,"column":56}},"64":{"start":{"line":115,"column":0},"end":{"line":115,"column":64}},"65":{"start":{"line":116,"column":0},"end":{"line":116,"column":41}}},"branchMap":{"1":{"line":11,"type":"if","locations":[{"start":{"line":11,"column":8},"end":{"line":11,"column":8}},{"start":{"line":11,"column":8},"end":{"line":11,"column":8}}]},"2":{"line":20,"type":"if","locations":[{"start":{"line":20,"column":8},"end":{"line":20,"column":8}},{"start":{"line":20,"column":8},"end":{"line":20,"column":8}}]},"3":{"line":34,"type":"cond-expr","locations":[{"start":{"line":35,"column":26},"end":{"line":35,"column":59}},{"start":{"line":36,"column":26},"end":{"line":36,"column":57}}]},"4":{"line":50,"type":"if","locations":[{"start":{"line":50,"column":16},"end":{"line":50,"column":16}},{"start":{"line":50,"column":16},"end":{"line":50,"column":16}}]},"5":{"line":57,"type":"cond-expr","locations":[{"start":{"line":58,"column":14},"end":{"line":58,"column":48}},{"start":{"line":59,"column":14},"end":{"line":59,"column":23}}]}}},"/Users/carvajal/Code/vscode-fortran-support/out/src/lib/helper.js":{"path":"/Users/carvajal/Code/vscode-fortran-support/out/src/lib/helper.js","s":{"1":0,"2":0,"3":0,"4":0,"5":0,"6":0,"7":0,"8":0,"9":0,"10":0,"11":0,"12":0,"13":0,"14":0,"15":0,"16":0,"17":0,"18":0,"19":0,"20":0,"21":0,"22":0,"23":0,"24":0,"25":0,"26":0,"27":0,"28":0,"29":0,"30":0,"31":0,"32":0,"33":0,"34":0,"35":0,"36":0,"37":0,"38":0,"39":0,"40":0,"41":0,"42":0,"43":0,"44":0,"45":0,"46":0,"47":0,"48":0,"49":0,"50":0,"51":0,"52":0,"53":0,"54":0,"55":0,"56":0,"57":0,"58":0,"59":0,"60":0},"b":{"1":[0,0],"2":[0,0],"3":[0,0],"4":[0,0]},"f":{"1":0,"2":0},"fnMap":{"1":{"name":"isPositionInString","line":70,"loc":{"start":{"line":70,"column":0},"end":{"line":70,"column":48}}},"2":{"name":"(anonymous_2)","line":83,"loc":{"start":{"line":83,"column":62},"end":{"line":83,"column":77}}}},"statementMap":{"1":{"start":{"line":2,"column":0},"end":{"line":2,"column":62}},"2":{"start":{"line":3,"column":0},"end":{"line":3,"column":25}},"3":{"start":{"line":4,"column":0},"end":{"line":4,"column":34}},"4":{"start":{"line":5,"column":0},"end":{"line":19,"column":2}},"5":{"start":{"line":20,"column":0},"end":{"line":20,"column":130}},"6":{"start":{"line":21,"column":0},"end":{"line":23,"column":2}},"7":{"start":{"line":22,"column":4},"end":{"line":22,"column":97}},"8":{"start":{"line":22,"column":53},"end":{"line":22,"column":88}},"9":{"start":{"line":24,"column":0},"end":{"line":30,"column":2}},"10":{"start":{"line":25,"column":4},"end":{"line":25,"column":36}},"11":{"start":{"line":26,"column":4},"end":{"line":26,"column":63}},"12":{"start":{"line":27,"column":4},"end":{"line":27,"column":54}},"13":{"start":{"line":28,"column":4},"end":{"line":28,"column":33}},"14":{"start":{"line":29,"column":4},"end":{"line":29,"column":22}},"15":{"start":{"line":31,"column":0},"end":{"line":63,"column":2}},"16":{"start":{"line":32,"column":4},"end":{"line":32,"column":36}},"17":{"start":{"line":33,"column":4},"end":{"line":33,"column":97}},"18":{"start":{"line":34,"column":4},"end":{"line":34,"column":45}},"19":{"start":{"line":35,"column":4},"end":{"line":35,"column":48}},"20":{"start":{"line":36,"column":4},"end":{"line":36,"column":42}},"21":{"start":{"line":37,"column":4},"end":{"line":37,"column":75}},"22":{"start":{"line":38,"column":4},"end":{"line":38,"column":64}},"23":{"start":{"line":39,"column":4},"end":{"line":39,"column":92}},"24":{"start":{"line":40,"column":4},"end":{"line":40,"column":54}},"25":{"start":{"line":41,"column":4},"end":{"line":41,"column":76}},"26":{"start":{"line":42,"column":4},"end":{"line":59,"column":7}},"27":{"start":{"line":43,"column":8},"end":{"line":43,"column":32}},"28":{"start":{"line":44,"column":43},"end":{"line":44,"column":54}},"29":{"start":{"line":45,"column":54},"end":{"line":45,"column":77}},"30":{"start":{"line":46,"column":52},"end":{"line":46,"column":80}},"31":{"start":{"line":47,"column":71},"end":{"line":47,"column":83}},"32":{"start":{"line":48,"column":71},"end":{"line":48,"column":82}},"33":{"start":{"line":49,"column":77},"end":{"line":49,"column":81}},"34":{"start":{"line":50,"column":46},"end":{"line":50,"column":50}},"35":{"start":{"line":52,"column":8},"end":{"line":52,"column":32}},"36":{"start":{"line":56,"column":8},"end":{"line":56,"column":38}},"37":{"start":{"line":57,"column":8},"end":{"line":57,"column":45}},"38":{"start":{"line":58,"column":8},"end":{"line":58,"column":37}},"39":{"start":{"line":60,"column":4},"end":{"line":60,"column":75}},"40":{"start":{"line":61,"column":4},"end":{"line":61,"column":25}},"41":{"start":{"line":62,"column":4},"end":{"line":62,"column":19}},"42":{"start":{"line":64,"column":0},"end":{"line":69,"column":2}},"43":{"start":{"line":65,"column":4},"end":{"line":67,"column":5}},"44":{"start":{"line":66,"column":8},"end":{"line":66,"column":18}},"45":{"start":{"line":68,"column":4},"end":{"line":68,"column":35}},"46":{"start":{"line":70,"column":0},"end":{"line":78,"column":1}},"47":{"start":{"line":71,"column":4},"end":{"line":71,"column":55}},"48":{"start":{"line":72,"column":4},"end":{"line":72,"column":73}},"49":{"start":{"line":74,"column":4},"end":{"line":74,"column":78}},"50":{"start":{"line":75,"column":4},"end":{"line":75,"column":87}},"51":{"start":{"line":76,"column":4},"end":{"line":76,"column":46}},"52":{"start":{"line":77,"column":4},"end":{"line":77,"column":37}},"53":{"start":{"line":79,"column":0},"end":{"line":79,"column":48}},"54":{"start":{"line":80,"column":0},"end":{"line":88,"column":2}},"55":{"start":{"line":81,"column":4},"end":{"line":81,"column":46}},"56":{"start":{"line":82,"column":4},"end":{"line":82,"column":74}},"57":{"start":{"line":83,"column":4},"end":{"line":87,"column":7}},"58":{"start":{"line":84,"column":8},"end":{"line":85,"column":22}},"59":{"start":{"line":85,"column":12},"end":{"line":85,"column":22}},"60":{"start":{"line":86,"column":8},"end":{"line":86,"column":30}}},"branchMap":{"1":{"line":65,"type":"if","locations":[{"start":{"line":65,"column":4},"end":{"line":65,"column":4}},{"start":{"line":65,"column":4},"end":{"line":65,"column":4}}]},"2":{"line":74,"type":"binary-expr","locations":[{"start":{"line":74,"column":27},"end":{"line":74,"column":63}},{"start":{"line":74,"column":67},"end":{"line":74,"column":69}}]},"3":{"line":75,"type":"binary-expr","locations":[{"start":{"line":75,"column":34},"end":{"line":75,"column":72}},{"start":{"line":75,"column":76},"end":{"line":75,"column":78}}]},"4":{"line":84,"type":"if","locations":[{"start":{"line":84,"column":8},"end":{"line":84,"column":8}},{"start":{"line":84,"column":8},"end":{"line":84,"column":8}}]}}},"/Users/carvajal/Code/vscode-fortran-support/out/src/lib/linter.js":{"path":"/Users/carvajal/Code/vscode-fortran-support/out/src/lib/linter.js","s":{},"b":{},"f":{},"fnMap":{},"statementMap":{},"branchMap":{}},"/Users/carvajal/Code/vscode-fortran-support/out/src/lib/parsers/functions.js":{"path":"/Users/carvajal/Code/vscode-fortran-support/out/src/lib/parsers/functions.js","s":{"1":0,"2":0,"3":0,"4":0,"5":0,"6":0,"7":0,"8":0,"9":0,"10":0,"11":0,"12":0,"13":0,"14":0,"15":0,"16":0,"17":0,"18":0,"19":0,"20":0,"21":0,"22":0,"23":0,"24":0,"25":0,"26":0,"27":0,"28":0,"29":0,"30":0,"31":0,"32":0,"33":0,"34":0,"35":0,"36":0,"37":0,"38":0,"39":0,"40":0,"41":0,"42":0,"43":0,"44":0,"45":0,"46":0,"47":0,"48":0,"49":0,"50":0,"51":0,"52":0,"53":0,"54":0,"55":0,"56":0,"57":0,"58":0},"b":{"1":[0,0],"2":[0,0],"3":[0,0],"4":[0,0],"5":[0,0],"6":[0,0],"7":[0,0],"8":[0,0],"9":[0,0],"10":[0,0],"11":[0,0],"12":[0,0],"13":[0,0],"14":[0,0],"15":[0,0],"16":[0,0]},"f":{"1":0,"2":0,"3":0},"fnMap":{"1":{"name":"(anonymous_1)","line":4,"loc":{"start":{"line":4,"column":1},"end":{"line":4,"column":23}}},"2":{"name":"getDeclaredFunctions","line":8,"loc":{"start":{"line":8,"column":0},"end":{"line":8,"column":40}}},"3":{"name":"getDeclaredSubroutines","line":23,"loc":{"start":{"line":23,"column":0},"end":{"line":23,"column":42}}}},"statementMap":{"1":{"start":{"line":2,"column":0},"end":{"line":2,"column":62}},"2":{"start":{"line":3,"column":0},"end":{"line":3,"column":15}},"3":{"start":{"line":4,"column":0},"end":{"line":7,"column":65}},"4":{"start":{"line":5,"column":4},"end":{"line":5,"column":60}},"5":{"start":{"line":6,"column":4},"end":{"line":6,"column":56}},"6":{"start":{"line":8,"column":0},"end":{"line":21,"column":1}},"7":{"start":{"line":9,"column":4},"end":{"line":9,"column":35}},"8":{"start":{"line":10,"column":4},"end":{"line":10,"column":19}},"9":{"start":{"line":11,"column":4},"end":{"line":19,"column":5}},"10":{"start":{"line":12,"column":8},"end":{"line":12,"column":38}},"11":{"start":{"line":13,"column":8},"end":{"line":14,"column":21}},"12":{"start":{"line":14,"column":12},"end":{"line":14,"column":21}},"13":{"start":{"line":15,"column":8},"end":{"line":15,"column":50}},"14":{"start":{"line":16,"column":8},"end":{"line":18,"column":9}},"15":{"start":{"line":17,"column":12},"end":{"line":17,"column":32}},"16":{"start":{"line":20,"column":4},"end":{"line":20,"column":17}},"17":{"start":{"line":22,"column":0},"end":{"line":22,"column":52}},"18":{"start":{"line":23,"column":0},"end":{"line":36,"column":1}},"19":{"start":{"line":24,"column":4},"end":{"line":24,"column":35}},"20":{"start":{"line":25,"column":4},"end":{"line":25,"column":25}},"21":{"start":{"line":26,"column":4},"end":{"line":34,"column":5}},"22":{"start":{"line":27,"column":8},"end":{"line":27,"column":38}},"23":{"start":{"line":28,"column":8},"end":{"line":29,"column":21}},"24":{"start":{"line":29,"column":12},"end":{"line":29,"column":21}},"25":{"start":{"line":30,"column":8},"end":{"line":30,"column":58}},"26":{"start":{"line":31,"column":8},"end":{"line":33,"column":9}},"27":{"start":{"line":32,"column":12},"end":{"line":32,"column":44}},"28":{"start":{"line":35,"column":4},"end":{"line":35,"column":23}},"29":{"start":{"line":37,"column":0},"end":{"line":37,"column":56}},"30":{"start":{"line":38,"column":0},"end":{"line":40,"column":2}},"31":{"start":{"line":39,"column":4},"end":{"line":39,"column":53}},"32":{"start":{"line":41,"column":0},"end":{"line":43,"column":2}},"33":{"start":{"line":42,"column":4},"end":{"line":42,"column":55}},"34":{"start":{"line":44,"column":0},"end":{"line":71,"column":2}},"35":{"start":{"line":45,"column":4},"end":{"line":45,"column":153}},"36":{"start":{"line":46,"column":4},"end":{"line":46,"column":100}},"37":{"start":{"line":47,"column":4},"end":{"line":47,"column":83}},"38":{"start":{"line":48,"column":4},"end":{"line":49,"column":15}},"39":{"start":{"line":49,"column":8},"end":{"line":49,"column":15}},"40":{"start":{"line":50,"column":4},"end":{"line":51,"column":15}},"41":{"start":{"line":51,"column":8},"end":{"line":51,"column":15}},"42":{"start":{"line":52,"column":4},"end":{"line":52,"column":47}},"43":{"start":{"line":53,"column":4},"end":{"line":70,"column":5}},"44":{"start":{"line":54,"column":8},"end":{"line":54,"column":86}},"45":{"start":{"line":55,"column":8},"end":{"line":55,"column":61}},"46":{"start":{"line":56,"column":8},"end":{"line":60,"column":10}},"47":{"start":{"line":62,"column":9},"end":{"line":70,"column":5}},"48":{"start":{"line":63,"column":8},"end":{"line":63,"column":52}},"49":{"start":{"line":64,"column":8},"end":{"line":64,"column":61}},"50":{"start":{"line":65,"column":8},"end":{"line":69,"column":10}},"51":{"start":{"line":72,"column":0},"end":{"line":80,"column":2}},"52":{"start":{"line":73,"column":4},"end":{"line":73,"column":41}},"53":{"start":{"line":74,"column":4},"end":{"line":78,"column":7}},"54":{"start":{"line":75,"column":24},"end":{"line":75,"column":55}},"55":{"start":{"line":77,"column":8},"end":{"line":77,"column":30}},"56":{"start":{"line":79,"column":4},"end":{"line":79,"column":21}},"57":{"start":{"line":81,"column":0},"end":{"line":83,"column":2}},"58":{"start":{"line":82,"column":4},"end":{"line":82,"column":66}}},"branchMap":{"1":{"line":7,"type":"binary-expr","locations":[{"start":{"line":7,"column":16},"end":{"line":7,"column":34}},{"start":{"line":7,"column":39},"end":{"line":7,"column":62}}]},"2":{"line":13,"type":"if","locations":[{"start":{"line":13,"column":8},"end":{"line":13,"column":8}},{"start":{"line":13,"column":8},"end":{"line":13,"column":8}}]},"3":{"line":16,"type":"if","locations":[{"start":{"line":16,"column":8},"end":{"line":16,"column":8}},{"start":{"line":16,"column":8},"end":{"line":16,"column":8}}]},"4":{"line":28,"type":"if","locations":[{"start":{"line":28,"column":8},"end":{"line":28,"column":8}},{"start":{"line":28,"column":8},"end":{"line":28,"column":8}}]},"5":{"line":31,"type":"if","locations":[{"start":{"line":31,"column":8},"end":{"line":31,"column":8}},{"start":{"line":31,"column":8},"end":{"line":31,"column":8}}]},"6":{"line":47,"type":"cond-expr","locations":[{"start":{"line":47,"column":51},"end":{"line":47,"column":66}},{"start":{"line":47,"column":69},"end":{"line":47,"column":82}}]},"7":{"line":48,"type":"if","locations":[{"start":{"line":48,"column":4},"end":{"line":48,"column":4}},{"start":{"line":48,"column":4},"end":{"line":48,"column":4}}]},"8":{"line":48,"type":"binary-expr","locations":[{"start":{"line":48,"column":8},"end":{"line":48,"column":38}},{"start":{"line":48,"column":42},"end":{"line":48,"column":91}}]},"9":{"line":50,"type":"if","locations":[{"start":{"line":50,"column":4},"end":{"line":50,"column":4}},{"start":{"line":50,"column":4},"end":{"line":50,"column":4}}]},"10":{"line":50,"type":"binary-expr","locations":[{"start":{"line":50,"column":8},"end":{"line":50,"column":36}},{"start":{"line":50,"column":40},"end":{"line":50,"column":87}}]},"11":{"line":53,"type":"if","locations":[{"start":{"line":53,"column":4},"end":{"line":53,"column":4}},{"start":{"line":53,"column":4},"end":{"line":53,"column":4}}]},"12":{"line":53,"type":"binary-expr","locations":[{"start":{"line":53,"column":8},"end":{"line":53,"column":20}},{"start":{"line":53,"column":24},"end":{"line":53,"column":52}}]},"13":{"line":55,"type":"cond-expr","locations":[{"start":{"line":55,"column":29},"end":{"line":55,"column":55}},{"start":{"line":55,"column":58},"end":{"line":55,"column":60}}]},"14":{"line":62,"type":"if","locations":[{"start":{"line":62,"column":9},"end":{"line":62,"column":9}},{"start":{"line":62,"column":9},"end":{"line":62,"column":9}}]},"15":{"line":62,"type":"binary-expr","locations":[{"start":{"line":62,"column":13},"end":{"line":62,"column":25}},{"start":{"line":62,"column":29},"end":{"line":62,"column":59}}]},"16":{"line":64,"type":"cond-expr","locations":[{"start":{"line":64,"column":29},"end":{"line":64,"column":55}},{"start":{"line":64,"column":58},"end":{"line":64,"column":60}}]}}},"/Users/carvajal/Code/vscode-fortran-support/out/src/lib/parsers/variables.js":{"path":"/Users/carvajal/Code/vscode-fortran-support/out/src/lib/parsers/variables.js","s":{"1":0,"2":0,"3":0,"4":0,"5":0,"6":0,"7":0,"8":0,"9":0,"10":0,"11":0,"12":0,"13":0,"14":0,"15":0,"16":0,"17":0,"18":0},"b":{"1":[0,0],"2":[0,0],"3":[0,0]},"f":{"1":0},"fnMap":{"1":{"name":"getDeclaredVars","line":4,"loc":{"start":{"line":4,"column":0},"end":{"line":4,"column":35}}}},"statementMap":{"1":{"start":{"line":2,"column":0},"end":{"line":2,"column":62}},"2":{"start":{"line":3,"column":0},"end":{"line":3,"column":118}},"3":{"start":{"line":4,"column":0},"end":{"line":17,"column":1}},"4":{"start":{"line":5,"column":4},"end":{"line":5,"column":35}},"5":{"start":{"line":6,"column":4},"end":{"line":6,"column":18}},"6":{"start":{"line":7,"column":4},"end":{"line":15,"column":5}},"7":{"start":{"line":8,"column":8},"end":{"line":8,"column":38}},"8":{"start":{"line":9,"column":8},"end":{"line":10,"column":21}},"9":{"start":{"line":10,"column":12},"end":{"line":10,"column":21}},"10":{"start":{"line":11,"column":8},"end":{"line":11,"column":45}},"11":{"start":{"line":12,"column":8},"end":{"line":14,"column":9}},"12":{"start":{"line":13,"column":12},"end":{"line":13,"column":68}},"13":{"start":{"line":16,"column":4},"end":{"line":16,"column":16}},"14":{"start":{"line":18,"column":0},"end":{"line":18,"column":42}},"15":{"start":{"line":19,"column":0},"end":{"line":24,"column":2}},"16":{"start":{"line":20,"column":4},"end":{"line":23,"column":5}},"17":{"start":{"line":21,"column":8},"end":{"line":21,"column":82}},"18":{"start":{"line":22,"column":8},"end":{"line":22,"column":42}}},"branchMap":{"1":{"line":9,"type":"if","locations":[{"start":{"line":9,"column":8},"end":{"line":9,"column":8}},{"start":{"line":9,"column":8},"end":{"line":9,"column":8}}]},"2":{"line":12,"type":"if","locations":[{"start":{"line":12,"column":8},"end":{"line":12,"column":8}},{"start":{"line":12,"column":8},"end":{"line":12,"column":8}}]},"3":{"line":20,"type":"if","locations":[{"start":{"line":20,"column":4},"end":{"line":20,"column":4}},{"start":{"line":20,"column":4},"end":{"line":20,"column":4}}]}}},"/Users/carvajal/Code/vscode-fortran-support/out/src/lib/TagParser.js":{"path":"/Users/carvajal/Code/vscode-fortran-support/out/src/lib/TagParser.js","s":{"1":0,"2":0,"3":0,"4":0,"5":0,"6":0,"7":0,"8":0,"9":0,"10":0,"11":0,"12":0,"13":0,"14":0,"15":0,"16":0,"17":0,"18":0,"19":0,"20":0,"21":0,"22":0,"23":0,"24":0,"25":0,"26":0,"27":0,"28":0,"29":0,"30":0,"31":0,"32":0,"33":0,"34":0,"35":0,"36":0,"37":0,"38":0,"39":0,"40":0,"41":0,"42":0,"43":0,"44":0,"45":0,"46":0,"47":0,"48":0,"49":0,"50":0,"51":0,"52":0,"53":0,"54":0,"55":0,"56":0,"57":0,"58":0,"59":0,"60":0,"61":0,"62":0,"63":0,"64":0,"65":0,"66":0,"67":0,"68":0,"69":0,"70":0,"71":0,"72":0,"73":0,"74":0,"75":0,"76":0,"77":0,"78":0,"79":0,"80":0,"81":0},"b":{"1":[0,0,0],"2":[0,0],"3":[0,0],"4":[0,0],"5":[0,0],"6":[0,0],"7":[0,0],"8":[0,0],"9":[0,0],"10":[0,0],"11":[0,0,0,0],"12":[0,0],"13":[0,0],"14":[0,0],"15":[0,0]},"f":{"1":0,"2":0,"3":0,"4":0,"5":0,"6":0,"7":0,"8":0,"9":0,"10":0,"11":0,"12":0,"13":0},"fnMap":{"1":{"name":"(anonymous_1)","line":2,"loc":{"start":{"line":2,"column":44},"end":{"line":2,"column":89}}},"2":{"name":"(anonymous_2)","line":3,"loc":{"start":{"line":3,"column":36},"end":{"line":3,"column":63}}},"3":{"name":"fulfilled","line":4,"loc":{"start":{"line":4,"column":8},"end":{"line":4,"column":34}}},"4":{"name":"rejected","line":5,"loc":{"start":{"line":5,"column":8},"end":{"line":5,"column":33}}},"5":{"name":"step","line":6,"loc":{"start":{"line":6,"column":8},"end":{"line":6,"column":30}}},"6":{"name":"(anonymous_6)","line":6,"loc":{"start":{"line":6,"column":76},"end":{"line":6,"column":95}}},"7":{"name":"(anonymous_7)","line":16,"loc":{"start":{"line":16,"column":65},"end":{"line":16,"column":78}}},"8":{"name":"getSymbolsOfType","line":42,"loc":{"start":{"line":42,"column":0},"end":{"line":42,"column":32}}},"9":{"name":"getSymbolTypes","line":54,"loc":{"start":{"line":54,"column":0},"end":{"line":54,"column":26}}},"10":{"name":"parseSubroutineDefinition","line":62,"loc":{"start":{"line":62,"column":0},"end":{"line":62,"column":41}}},"11":{"name":"parseFunctionDefinition","line":74,"loc":{"start":{"line":74,"column":0},"end":{"line":74,"column":39}}},"12":{"name":"parseVariableDefinition","line":81,"loc":{"start":{"line":81,"column":0},"end":{"line":81,"column":39}}},"13":{"name":"getLocationsForTag","line":88,"loc":{"start":{"line":88,"column":0},"end":{"line":88,"column":37}}}},"statementMap":{"1":{"start":{"line":2,"column":0},"end":{"line":9,"column":2}},"2":{"start":{"line":3,"column":4},"end":{"line":8,"column":7}},"3":{"start":{"line":4,"column":8},"end":{"line":4,"column":99}},"4":{"start":{"line":4,"column":36},"end":{"line":4,"column":97}},"5":{"start":{"line":4,"column":42},"end":{"line":4,"column":70}},"6":{"start":{"line":4,"column":85},"end":{"line":4,"column":95}},"7":{"start":{"line":5,"column":8},"end":{"line":5,"column":102}},"8":{"start":{"line":5,"column":35},"end":{"line":5,"column":100}},"9":{"start":{"line":5,"column":41},"end":{"line":5,"column":73}},"10":{"start":{"line":5,"column":88},"end":{"line":5,"column":98}},"11":{"start":{"line":6,"column":8},"end":{"line":6,"column":151}},"12":{"start":{"line":6,"column":32},"end":{"line":6,"column":149}},"13":{"start":{"line":6,"column":97},"end":{"line":6,"column":119}},"14":{"start":{"line":7,"column":8},"end":{"line":7,"column":78}},"15":{"start":{"line":10,"column":0},"end":{"line":10,"column":62}},"16":{"start":{"line":11,"column":0},"end":{"line":11,"column":35}},"17":{"start":{"line":12,"column":0},"end":{"line":12,"column":33}},"18":{"start":{"line":13,"column":0},"end":{"line":13,"column":51}},"19":{"start":{"line":14,"column":0},"end":{"line":14,"column":51}},"20":{"start":{"line":15,"column":0},"end":{"line":15,"column":24}},"21":{"start":{"line":16,"column":0},"end":{"line":41,"column":3}},"22":{"start":{"line":16,"column":33},"end":{"line":41,"column":2}},"23":{"start":{"line":17,"column":4},"end":{"line":17,"column":35}},"24":{"start":{"line":18,"column":4},"end":{"line":18,"column":21}},"25":{"start":{"line":19,"column":4},"end":{"line":19,"column":41}},"26":{"start":{"line":20,"column":4},"end":{"line":35,"column":5}},"27":{"start":{"line":21,"column":8},"end":{"line":21,"column":38}},"28":{"start":{"line":22,"column":8},"end":{"line":22,"column":67}},"29":{"start":{"line":23,"column":8},"end":{"line":24,"column":21}},"30":{"start":{"line":24,"column":12},"end":{"line":24,"column":21}},"31":{"start":{"line":25,"column":8},"end":{"line":25,"column":58}},"32":{"start":{"line":26,"column":8},"end":{"line":27,"column":21}},"33":{"start":{"line":27,"column":12},"end":{"line":27,"column":21}},"34":{"start":{"line":28,"column":8},"end":{"line":31,"column":47}},"35":{"start":{"line":29,"column":25},"end":{"line":29,"column":47}},"36":{"start":{"line":30,"column":23},"end":{"line":30,"column":31}},"37":{"start":{"line":31,"column":28},"end":{"line":31,"column":45}},"38":{"start":{"line":32,"column":8},"end":{"line":34,"column":9}},"39":{"start":{"line":33,"column":12},"end":{"line":33,"column":52}},"40":{"start":{"line":36,"column":4},"end":{"line":39,"column":5}},"41":{"start":{"line":38,"column":8},"end":{"line":38,"column":163}},"42":{"start":{"line":38,"column":68},"end":{"line":38,"column":161}},"43":{"start":{"line":40,"column":4},"end":{"line":40,"column":19}},"44":{"start":{"line":42,"column":0},"end":{"line":53,"column":1}},"45":{"start":{"line":43,"column":4},"end":{"line":52,"column":5}},"46":{"start":{"line":45,"column":12},"end":{"line":45,"column":45}},"47":{"start":{"line":47,"column":12},"end":{"line":47,"column":43}},"48":{"start":{"line":49,"column":12},"end":{"line":49,"column":43}},"49":{"start":{"line":51,"column":12},"end":{"line":51,"column":35}},"50":{"start":{"line":51,"column":25},"end":{"line":51,"column":34}},"51":{"start":{"line":54,"column":0},"end":{"line":61,"column":1}},"52":{"start":{"line":55,"column":4},"end":{"line":55,"column":64}},"53":{"start":{"line":56,"column":4},"end":{"line":59,"column":7}},"54":{"start":{"line":60,"column":4},"end":{"line":60,"column":23}},"55":{"start":{"line":62,"column":0},"end":{"line":73,"column":1}},"56":{"start":{"line":63,"column":4},"end":{"line":72,"column":5}},"57":{"start":{"line":64,"column":8},"end":{"line":64,"column":54}},"58":{"start":{"line":65,"column":8},"end":{"line":68,"column":9}},"59":{"start":{"line":66,"column":12},"end":{"line":66,"column":75}},"60":{"start":{"line":67,"column":12},"end":{"line":67,"column":91}},"61":{"start":{"line":71,"column":8},"end":{"line":71,"column":25}},"62":{"start":{"line":74,"column":0},"end":{"line":80,"column":1}},"63":{"start":{"line":75,"column":4},"end":{"line":75,"column":55}},"64":{"start":{"line":76,"column":4},"end":{"line":79,"column":5}},"65":{"start":{"line":77,"column":8},"end":{"line":77,"column":71}},"66":{"start":{"line":78,"column":8},"end":{"line":78,"column":96}},"67":{"start":{"line":81,"column":0},"end":{"line":87,"column":1}},"68":{"start":{"line":82,"column":4},"end":{"line":82,"column":49}},"69":{"start":{"line":83,"column":4},"end":{"line":86,"column":5}},"70":{"start":{"line":84,"column":8},"end":{"line":84,"column":71}},"71":{"start":{"line":85,"column":8},"end":{"line":85,"column":94}},"72":{"start":{"line":88,"column":0},"end":{"line":99,"column":1}},"73":{"start":{"line":89,"column":4},"end":{"line":97,"column":11}},"74":{"start":{"line":90,"column":8},"end":{"line":92,"column":11}},"75":{"start":{"line":91,"column":12},"end":{"line":91,"column":43}},"76":{"start":{"line":93,"column":8},"end":{"line":95,"column":9}},"77":{"start":{"line":94,"column":12},"end":{"line":94,"column":52}},"78":{"start":{"line":96,"column":8},"end":{"line":96,"column":32}},"79":{"start":{"line":98,"column":4},"end":{"line":98,"column":88}},"80":{"start":{"line":98,"column":61},"end":{"line":98,"column":86}},"81":{"start":{"line":100,"column":0},"end":{"line":100,"column":48}}},"branchMap":{"1":{"line":2,"type":"binary-expr","locations":[{"start":{"line":2,"column":17},"end":{"line":2,"column":21}},{"start":{"line":2,"column":25},"end":{"line":2,"column":39}},{"start":{"line":2,"column":44},"end":{"line":9,"column":1}}]},"2":{"line":3,"type":"binary-expr","locations":[{"start":{"line":3,"column":16},"end":{"line":3,"column":17}},{"start":{"line":3,"column":22},"end":{"line":3,"column":33}}]},"3":{"line":6,"type":"cond-expr","locations":[{"start":{"line":6,"column":46},"end":{"line":6,"column":67}},{"start":{"line":6,"column":70},"end":{"line":6,"column":148}}]},"4":{"line":7,"type":"binary-expr","locations":[{"start":{"line":7,"column":51},"end":{"line":7,"column":61}},{"start":{"line":7,"column":65},"end":{"line":7,"column":67}}]},"5":{"line":23,"type":"if","locations":[{"start":{"line":23,"column":8},"end":{"line":23,"column":8}},{"start":{"line":23,"column":8},"end":{"line":23,"column":8}}]},"6":{"line":26,"type":"if","locations":[{"start":{"line":26,"column":8},"end":{"line":26,"column":8}},{"start":{"line":26,"column":8},"end":{"line":26,"column":8}}]},"7":{"line":26,"type":"binary-expr","locations":[{"start":{"line":26,"column":12},"end":{"line":26,"column":36}},{"start":{"line":26,"column":40},"end":{"line":26,"column":64}}]},"8":{"line":32,"type":"if","locations":[{"start":{"line":32,"column":8},"end":{"line":32,"column":8}},{"start":{"line":32,"column":8},"end":{"line":32,"column":8}}]},"9":{"line":36,"type":"if","locations":[{"start":{"line":36,"column":4},"end":{"line":36,"column":4}},{"start":{"line":36,"column":4},"end":{"line":36,"column":4}}]},"10":{"line":36,"type":"binary-expr","locations":[{"start":{"line":36,"column":8},"end":{"line":36,"column":28}},{"start":{"line":36,"column":32},"end":{"line":36,"column":62}}]},"11":{"line":43,"type":"switch","locations":[{"start":{"line":44,"column":8},"end":{"line":45,"column":45}},{"start":{"line":46,"column":8},"end":{"line":47,"column":43}},{"start":{"line":48,"column":8},"end":{"line":49,"column":43}},{"start":{"line":50,"column":8},"end":{"line":51,"column":35}}]},"12":{"line":65,"type":"if","locations":[{"start":{"line":65,"column":8},"end":{"line":65,"column":8}},{"start":{"line":65,"column":8},"end":{"line":65,"column":8}}]},"13":{"line":76,"type":"if","locations":[{"start":{"line":76,"column":4},"end":{"line":76,"column":4}},{"start":{"line":76,"column":4},"end":{"line":76,"column":4}}]},"14":{"line":83,"type":"if","locations":[{"start":{"line":83,"column":4},"end":{"line":83,"column":4}},{"start":{"line":83,"column":4},"end":{"line":83,"column":4}}]},"15":{"line":93,"type":"if","locations":[{"start":{"line":93,"column":8},"end":{"line":93,"column":8}},{"start":{"line":93,"column":8},"end":{"line":93,"column":8}}]}}},"/Users/carvajal/Code/vscode-fortran-support/out/src/lib/variables.js":{"path":"/Users/carvajal/Code/vscode-fortran-support/out/src/lib/variables.js","s":{"1":0,"2":0,"3":0,"4":0,"5":0,"6":0,"7":0,"8":0,"9":0,"10":0,"11":0,"12":0,"13":0,"14":0,"15":0,"16":0,"17":0,"18":0},"b":{"1":[0,0],"2":[0,0],"3":[0,0]},"f":{"1":0},"fnMap":{"1":{"name":"getDeclaredVars","line":4,"loc":{"start":{"line":4,"column":0},"end":{"line":4,"column":35}}}},"statementMap":{"1":{"start":{"line":2,"column":0},"end":{"line":2,"column":62}},"2":{"start":{"line":3,"column":0},"end":{"line":3,"column":118}},"3":{"start":{"line":4,"column":0},"end":{"line":17,"column":1}},"4":{"start":{"line":5,"column":4},"end":{"line":5,"column":35}},"5":{"start":{"line":6,"column":4},"end":{"line":6,"column":18}},"6":{"start":{"line":7,"column":4},"end":{"line":15,"column":5}},"7":{"start":{"line":8,"column":8},"end":{"line":8,"column":38}},"8":{"start":{"line":9,"column":8},"end":{"line":10,"column":21}},"9":{"start":{"line":10,"column":12},"end":{"line":10,"column":21}},"10":{"start":{"line":11,"column":8},"end":{"line":11,"column":45}},"11":{"start":{"line":12,"column":8},"end":{"line":14,"column":9}},"12":{"start":{"line":13,"column":12},"end":{"line":13,"column":68}},"13":{"start":{"line":16,"column":4},"end":{"line":16,"column":16}},"14":{"start":{"line":18,"column":0},"end":{"line":18,"column":42}},"15":{"start":{"line":19,"column":0},"end":{"line":24,"column":2}},"16":{"start":{"line":20,"column":4},"end":{"line":23,"column":5}},"17":{"start":{"line":21,"column":8},"end":{"line":21,"column":82}},"18":{"start":{"line":22,"column":8},"end":{"line":22,"column":42}}},"branchMap":{"1":{"line":9,"type":"if","locations":[{"start":{"line":9,"column":8},"end":{"line":9,"column":8}},{"start":{"line":9,"column":8},"end":{"line":9,"column":8}}]},"2":{"line":12,"type":"if","locations":[{"start":{"line":12,"column":8},"end":{"line":12,"column":8}},{"start":{"line":12,"column":8},"end":{"line":12,"column":8}}]},"3":{"line":20,"type":"if","locations":[{"start":{"line":20,"column":4},"end":{"line":20,"column":4}},{"start":{"line":20,"column":4},"end":{"line":20,"column":4}}]}}}}