{
"src/lib/functions.ts":{"path":"src/lib/functions.ts","statementMap":{"1":{"start":{"line":24,"column":0},"end":{"line":27,"column":1}},"2":{"start":{"line":25,"column":4},"end":{"line":25,"column":14}},"3":{"start":{"line":26,"column":4},"end":{"line":26,"column":12}},"4":{"start":{"line":31,"column":0},"end":{"line":45,"column":1}},"5":{"start":{"line":33,"column":4},"end":{"line":33,"column":35}},"6":{"start":{"line":34,"column":4},"end":{"line":34,"column":19}},"7":{"start":{"line":36,"column":4},"end":{"line":43,"column":5}},"8":{"start":{"line":37,"column":8},"end":{"line":37,"column":55}},"9":{"start":{"line":38,"column":8},"end":{"line":38,"column":47}},"10":{"start":{"line":38,"column":38},"end":{"line":38,"column":47}},"11":{"start":{"line":39,"column":8},"end":{"line":39,"column":46}},"12":{"start":{"line":40,"column":8},"end":{"line":42,"column":9}},"13":{"start":{"line":41,"column":12},"end":{"line":41,"column":53}},"14":{"start":{"line":44,"column":4},"end":{"line":44,"column":17}},"15":{"start":{"line":47,"column":0},"end":{"line":61,"column":1}},"16":{"start":{"line":49,"column":4},"end":{"line":49,"column":35}},"17":{"start":{"line":50,"column":4},"end":{"line":50,"column":25}},"18":{"start":{"line":52,"column":4},"end":{"line":59,"column":5}},"19":{"start":{"line":53,"column":8},"end":{"line":53,"column":55}},"20":{"start":{"line":54,"column":8},"end":{"line":54,"column":47}},"21":{"start":{"line":54,"column":38},"end":{"line":54,"column":47}},"22":{"start":{"line":55,"column":8},"end":{"line":55,"column":54}},"23":{"start":{"line":56,"column":8},"end":{"line":58,"column":9}},"24":{"start":{"line":57,"column":12},"end":{"line":57,"column":65}},"25":{"start":{"line":60,"column":4},"end":{"line":60,"column":23}},"26":{"start":{"line":65,"column":13},"end":{"line":68,"column":1}},"27":{"start":{"line":67,"column":4},"end":{"line":67,"column":45}},"28":{"start":{"line":70,"column":13},"end":{"line":73,"column":1}},"29":{"start":{"line":72,"column":4},"end":{"line":72,"column":47}},"30":{"start":{"line":74,"column":13},"end":{"line":95,"column":1}},"31":{"start":{"line":76,"column":4},"end":{"line":76,"column":165}},"32":{"start":{"line":77,"column":4},"end":{"line":77,"column":108}},"33":{"start":{"line":78,"column":4},"end":{"line":78,"column":85}},"34":{"start":{"line":79,"column":4},"end":{"line":93,"column":5}},"35":{"start":{"line":80,"column":8},"end":{"line":80,"column":90}},"36":{"start":{"line":81,"column":8},"end":{"line":81,"column":55}},"37":{"start":{"line":82,"column":8},"end":{"line":85,"column":10}},"38":{"start":{"line":86,"column":11},"end":{"line":93,"column":5}},"39":{"start":{"line":87,"column":8},"end":{"line":87,"column":56}},"40":{"start":{"line":88,"column":8},"end":{"line":88,"column":55}},"41":{"start":{"line":89,"column":8},"end":{"line":92,"column":10}},"42":{"start":{"line":100,"column":13},"end":{"line":107,"column":1}},"43":{"start":{"line":101,"column":4},"end":{"line":101,"column":41}},"44":{"start":{"line":102,"column":4},"end":{"line":105,"column":11}},"45":{"start":{"line":102,"column":52},"end":{"line":102,"column":75}},"46":{"start":{"line":104,"column":12},"end":{"line":104,"column":34}},"47":{"start":{"line":106,"column":4},"end":{"line":106,"column":21}},"48":{"start":{"line":109,"column":13},"end":{"line":111,"column":1}},"49":{"start":{"line":110,"column":4},"end":{"line":110,"column":66}}},"fnMap":{"1":{"name":"(anonymous_1)","line":24,"loc":{"start":{"line":24,"column":0},"end":{"line":24,"column":22}}},"2":{"name":"getDeclaredFunctions","line":31,"loc":{"start":{"line":31,"column":0},"end":{"line":31,"column":66}}},"3":{"name":"getDeclaredSubroutines","line":47,"loc":{"start":{"line":47,"column":0},"end":{"line":47,"column":68}}}},"branchMap":{"1":{"line":24,"type":"binary-expr","locations":[{"start":{"line":24,"column":12},"end":{"line":24,"column":22}},{"start":{"line":24,"column":12},"end":{"line":24,"column":22}}]},"2":{"line":38,"type":"if","locations":[{"start":{"line":38,"column":8},"end":{"line":38,"column":7}},{"start":{"line":38,"column":8},"end":{"line":38,"column":7}}]},"3":{"line":40,"type":"if","locations":[{"start":{"line":40,"column":8},"end":{"line":40,"column":7}},{"start":{"line":40,"column":8},"end":{"line":40,"column":7}}]},"4":{"line":54,"type":"if","locations":[{"start":{"line":54,"column":8},"end":{"line":54,"column":7}},{"start":{"line":54,"column":8},"end":{"line":54,"column":7}}]},"5":{"line":56,"type":"if","locations":[{"start":{"line":56,"column":8},"end":{"line":56,"column":7}},{"start":{"line":56,"column":8},"end":{"line":56,"column":7}}]},"6":{"line":78,"type":"cond-expr","locations":[{"start":{"line":78,"column":53},"end":{"line":78,"column":68}},{"start":{"line":78,"column":71},"end":{"line":78,"column":84}}]},"7":{"line":79,"type":"if","locations":[{"start":{"line":79,"column":4},"end":{"line":79,"column":3}},{"start":{"line":79,"column":4},"end":{"line":79,"column":3}}]},"8":{"line":79,"type":"binary-expr","locations":[{"start":{"line":79,"column":8},"end":{"line":79,"column":25}},{"start":{"line":79,"column":29},"end":{"line":79,"column":57}}]},"9":{"line":81,"type":"cond-expr","locations":[{"start":{"line":81,"column":31},"end":{"line":81,"column":49}},{"start":{"line":81,"column":52},"end":{"line":81,"column":54}}]},"10":{"line":86,"type":"if","locations":[{"start":{"line":86,"column":11},"end":{"line":86,"column":10}},{"start":{"line":86,"column":11},"end":{"line":86,"column":10}}]},"11":{"line":86,"type":"binary-expr","locations":[{"start":{"line":86,"column":15},"end":{"line":86,"column":32}},{"start":{"line":86,"column":36},"end":{"line":86,"column":66}}]},"12":{"line":88,"type":"cond-expr","locations":[{"start":{"line":88,"column":31},"end":{"line":88,"column":49}},{"start":{"line":88,"column":52},"end":{"line":88,"column":54}}]}},"s":{"1":2,"2":1,"3":1,"4":2,"5":0,"6":0,"7":0,"8":0,"9":0,"10":0,"11":0,"12":0,"13":0,"14":0,"15":2,"16":0,"17":0,"18":0,"19":0,"20":0,"21":0,"22":0,"23":0,"24":0,"25":0,"26":1,"27":4,"28":1,"29":0,"30":1,"31":4,"32":4,"33":4,"34":4,"35":2,"36":2,"37":2,"38":2,"39":0,"40":0,"41":0,"42":1,"43":4,"44":4,"45":7,"46":6,"47":4,"48":1,"49":11},"b":{"1":[1,1],"2":[0,0],"3":[0,0],"4":[0,0],"5":[0,0],"6":[0,4],"7":[2,2],"8":[4,2],"9":[1,1],"10":[0,2],"11":[2,0],"12":[0,0]},"f":{"1":1,"2":0,"3":0},"l":{"24":2,"25":1,"26":1,"31":2,"33":0,"34":0,"36":0,"37":0,"38":0,"39":0,"40":0,"41":0,"44":0,"47":2,"49":0,"50":0,"52":0,"53":0,"54":0,"55":0,"56":0,"57":0,"60":0,"65":1,"67":4,"70":1,"72":0,"74":1,"76":4,"77":4,"78":4,"79":4,"80":2,"81":2,"82":2,"86":2,"87":0,"88":0,"89":0,"100":1,"101":4,"102":7,"104":6,"106":4,"109":1,"110":11}},
"src/lib/tokenizer.ts":{"path":"src/lib/tokenizer.ts","statementMap":{"1":{"start":{"line":4,"column":0},"end":{"line":16,"column":1}},"2":{"start":{"line":5,"column":4},"end":{"line":5,"column":12}},"3":{"start":{"line":6,"column":4},"end":{"line":6,"column":14}},"4":{"start":{"line":7,"column":4},"end":{"line":7,"column":10}},"5":{"start":{"line":8,"column":4},"end":{"line":8,"column":12}},"6":{"start":{"line":9,"column":4},"end":{"line":9,"column":7}},"7":{"start":{"line":10,"column":4},"end":{"line":10,"column":6}},"8":{"start":{"line":11,"column":4},"end":{"line":11,"column":6}},"9":{"start":{"line":12,"column":4},"end":{"line":12,"column":19}},"10":{"start":{"line":13,"column":4},"end":{"line":13,"column":20}},"11":{"start":{"line":14,"column":4},"end":{"line":14,"column":9}},"12":{"start":{"line":15,"column":4},"end":{"line":15,"column":19}},"13":{"start":{"line":35,"column":8},"end":{"line":35,"column":29}},"14":{"start":{"line":36,"column":8},"end":{"line":36,"column":25}},"15":{"start":{"line":39,"column":8},"end":{"line":39,"column":60}},"16":{"start":{"line":42,"column":8},"end":{"line":42,"column":25}},"17":{"start":{"line":43,"column":8},"end":{"line":56,"column":9}},"18":{"start":{"line":44,"column":12},"end":{"line":44,"column":30}},"19":{"start":{"line":45,"column":12},"end":{"line":55,"column":13}},"20":{"start":{"line":46,"column":16},"end":{"line":46,"column":46}},"21":{"start":{"line":47,"column":16},"end":{"line":47,"column":59}},"22":{"start":{"line":48,"column":16},"end":{"line":48,"column":40}},"23":{"start":{"line":49,"column":16},"end":{"line":54,"column":17}},"24":{"start":{"line":50,"column":20},"end":{"line":50,"column":33}},"25":{"start":{"line":51,"column":20},"end":{"line":51,"column":86}},"26":{"start":{"line":52,"column":20},"end":{"line":52,"column":69}},"27":{"start":{"line":53,"column":20},"end":{"line":53,"column":26}},"28":{"start":{"line":30,"column":0},"end":{"line":60,"column":1}}},"fnMap":{"1":{"name":"(anonymous_1)","line":4,"loc":{"start":{"line":4,"column":0},"end":{"line":4,"column":21}}},"2":{"name":"(anonymous_2)","line":34,"loc":{"start":{"line":34,"column":4},"end":{"line":null,"column":-1}}},"3":{"name":"(anonymous_3)","line":38,"loc":{"start":{"line":38,"column":14},"end":{"line":38,"column":27}}},"4":{"name":"(anonymous_4)","line":41,"loc":{"start":{"line":41,"column":19},"end":{"line":41,"column":37}}}},"branchMap":{"1":{"line":4,"type":"binary-expr","locations":[{"start":{"line":4,"column":12},"end":{"line":4,"column":21}},{"start":{"line":4,"column":12},"end":{"line":4,"column":21}}]},"2":{"line":49,"type":"if","locations":[{"start":{"line":49,"column":16},"end":{"line":49,"column":15}},{"start":{"line":49,"column":16},"end":{"line":49,"column":15}}]},"3":{"line":49,"type":"binary-expr","locations":[{"start":{"line":49,"column":19},"end":{"line":49,"column":25}},{"start":{"line":49,"column":29},"end":{"line":49,"column":46}}]}},"s":{"1":2,"2":1,"3":1,"4":1,"5":1,"6":1,"7":1,"8":1,"9":1,"10":1,"11":1,"12":1,"13":1,"14":1,"15":11,"16":1,"17":1,"18":11,"19":11,"20":77,"21":77,"22":77,"23":77,"24":11,"25":11,"26":11,"27":11,"28":1},"b":{"1":[1,1],"2":[11,66],"3":[77,11]},"f":{"1":1,"2":1,"3":11,"4":1},"l":{"4":2,"5":1,"6":1,"7":1,"8":1,"9":1,"10":1,"11":1,"12":1,"13":1,"14":1,"15":1,"30":1,"35":1,"36":1,"39":11,"42":1,"43":1,"44":11,"45":11,"46":77,"47":77,"48":77,"49":77,"50":11,"51":11,"52":11,"53":11}},
"src/extension.ts":{"path":"src/extension.ts","statementMap":{"1":{"start":{"line":2,"column":0},"end":{"line":2,"column":33}},"2":{"start":{"line":4,"column":0},"end":{"line":4,"column":64}},"3":{"start":{"line":5,"column":0},"end":{"line":5,"column":61}},"4":{"start":{"line":6,"column":0},"end":{"line":6,"column":75}},"5":{"start":{"line":7,"column":0},"end":{"line":7,"column":84}},"6":{"start":{"line":9,"column":0},"end":{"line":25,"column":1}},"7":{"start":{"line":11,"column":4},"end":{"line":11,"column":51}},"8":{"start":{"line":12,"column":4},"end":{"line":12,"column":61}},"9":{"start":{"line":13,"column":4},"end":{"line":13,"column":61}},"10":{"start":{"line":15,"column":4},"end":{"line":20,"column":5}},"11":{"start":{"line":17,"column":8},"end":{"line":17,"column":50}},"12":{"start":{"line":18,"column":8},"end":{"line":18,"column":47}},"13":{"start":{"line":19,"column":8},"end":{"line":19,"column":74}},"14":{"start":{"line":22,"column":4},"end":{"line":22,"column":85}},"15":{"start":{"line":23,"column":4},"end":{"line":23,"column":71}},"16":{"start":{"line":24,"column":4},"end":{"line":24,"column":81}}},"fnMap":{"1":{"name":"activate","line":9,"loc":{"start":{"line":9,"column":0},"end":{"line":9,"column":57}}}},"branchMap":{"1":{"line":15,"type":"if","locations":[{"start":{"line":15,"column":4},"end":{"line":15,"column":3}},{"start":{"line":15,"column":4},"end":{"line":15,"column":3}}]}},"s":{"1":0,"2":0,"3":0,"4":0,"5":0,"6":0,"7":0,"8":0,"9":0,"10":0,"11":0,"12":0,"13":0,"14":0,"15":0,"16":0},"b":{"1":[0,0]},"f":{"1":0},"l":{"2":0,"4":0,"5":0,"6":0,"7":0,"9":0,"11":0,"12":0,"13":0,"15":0,"17":0,"18":0,"19":0,"22":0,"23":0,"24":0}},
"src/features/completion-provider.ts":{"path":"src/features/completion-provider.ts","statementMap":{"1":{"start":{"line":5,"column":0},"end":{"line":5,"column":33}},"2":{"start":{"line":6,"column":0},"end":{"line":6,"column":81}},"3":{"start":{"line":7,"column":0},"end":{"line":7,"column":56}},"4":{"start":{"line":13,"column":8},"end":{"line":13,"column":119}},"5":{"start":{"line":16,"column":8},"end":{"line":68,"column":10}},"6":{"start":{"line":17,"column":12},"end":{"line":17,"column":45}},"7":{"start":{"line":18,"column":12},"end":{"line":18,"column":63}},"8":{"start":{"line":19,"column":12},"end":{"line":19,"column":81}},"9":{"start":{"line":21,"column":12},"end":{"line":23,"column":13}},"10":{"start":{"line":22,"column":16},"end":{"line":22,"column":35}},"11":{"start":{"line":25,"column":12},"end":{"line":25,"column":66}},"12":{"start":{"line":26,"column":12},"end":{"line":28,"column":13}},"13":{"start":{"line":27,"column":16},"end":{"line":27,"column":35}},"14":{"start":{"line":31,"column":12},"end":{"line":31,"column":75}},"15":{"start":{"line":32,"column":12},"end":{"line":32,"column":33}},"16":{"start":{"line":33,"column":12},"end":{"line":36,"column":13}},"17":{"start":{"line":34,"column":16},"end":{"line":34,"column":60}},"18":{"start":{"line":35,"column":16},"end":{"line":35,"column":98}},"19":{"start":{"line":38,"column":12},"end":{"line":40,"column":13}},"20":{"start":{"line":39,"column":16},"end":{"line":39,"column":35}},"21":{"start":{"line":42,"column":12},"end":{"line":42,"column":33}},"22":{"start":{"line":44,"column":12},"end":{"line":57,"column":13}},"23":{"start":{"line":45,"column":16},"end":{"line":49,"column":19}},"24":{"start":{"line":46,"column":20},"end":{"line":48,"column":21}},"25":{"start":{"line":47,"column":24},"end":{"line":47,"column":113}},"26":{"start":{"line":52,"column":15},"end":{"line":56,"column":19}},"27":{"start":{"line":53,"column":20},"end":{"line":55,"column":21}},"28":{"start":{"line":54,"column":24},"end":{"line":54,"column":126}},"29":{"start":{"line":58,"column":12},"end":{"line":58,"column":61}},"30":{"start":{"line":60,"column":12},"end":{"line":63,"column":15}},"31":{"start":{"line":60,"column":36},"end":{"line":60,"column":68}},"32":{"start":{"line":62,"column":16},"end":{"line":62,"column":106}},"33":{"start":{"line":66,"column":12},"end":{"line":66,"column":40}},"34":{"start":{"line":10,"column":0},"end":{"line":71,"column":1}}},"fnMap":{"1":{"name":"(anonymous_1)","line":12,"loc":{"start":{"line":12,"column":33},"end":{"line":12,"column":123}}},"2":{"name":"(anonymous_2)","line":15,"loc":{"start":{"line":15,"column":41},"end":{"line":15,"column":170}}}},"branchMap":{"1":{"line":21,"type":"if","locations":[{"start":{"line":21,"column":12},"end":{"line":21,"column":11}},{"start":{"line":21,"column":12},"end":{"line":21,"column":11}}]},"2":{"line":26,"type":"if","locations":[{"start":{"line":26,"column":12},"end":{"line":26,"column":11}},{"start":{"line":26,"column":12},"end":{"line":26,"column":11}}]},"3":{"line":26,"type":"binary-expr","locations":[{"start":{"line":26,"column":16},"end":{"line":26,"column":25}},{"start":{"line":26,"column":29},"end":{"line":26,"column":67}}]},"4":{"line":33,"type":"if","locations":[{"start":{"line":33,"column":12},"end":{"line":33,"column":11}},{"start":{"line":33,"column":12},"end":{"line":33,"column":11}}]},"5":{"line":33,"type":"binary-expr","locations":[{"start":{"line":33,"column":16},"end":{"line":33,"column":30}},{"start":{"line":33,"column":34},"end":{"line":33,"column":85}}]},"6":{"line":38,"type":"if","locations":[{"start":{"line":38,"column":12},"end":{"line":38,"column":11}},{"start":{"line":38,"column":12},"end":{"line":38,"column":11}}]},"7":{"line":44,"type":"if","locations":[{"start":{"line":44,"column":12},"end":{"line":44,"column":11}},{"start":{"line":44,"column":12},"end":{"line":44,"column":11}}]},"8":{"line":46,"type":"if","locations":[{"start":{"line":46,"column":20},"end":{"line":46,"column":19}},{"start":{"line":46,"column":20},"end":{"line":46,"column":19}}]},"9":{"line":53,"type":"if","locations":[{"start":{"line":53,"column":20},"end":{"line":53,"column":19}},{"start":{"line":53,"column":20},"end":{"line":53,"column":19}}]}},"s":{"1":0,"2":0,"3":0,"4":0,"5":0,"6":0,"7":0,"8":0,"9":0,"10":0,"11":0,"12":0,"13":0,"14":0,"15":0,"16":0,"17":0,"18":0,"19":0,"20":0,"21":0,"22":0,"23":0,"24":0,"25":0,"26":0,"27":0,"28":0,"29":0,"30":0,"31":0,"32":0,"33":0,"34":0},"b":{"1":[0,0],"2":[0,0],"3":[0,0],"4":[0,0],"5":[0,0],"6":[0,0],"7":[0,0],"8":[0,0],"9":[0,0]},"f":{"1":0,"2":0},"l":{"5":0,"6":0,"7":0,"10":0,"13":0,"16":0,"17":0,"18":0,"19":0,"21":0,"22":0,"25":0,"26":0,"27":0,"31":0,"32":0,"33":0,"34":0,"35":0,"38":0,"39":0,"42":0,"44":0,"45":0,"46":0,"47":0,"52":0,"53":0,"54":0,"58":0,"60":0,"62":0,"66":0}},
"src/features/document-symbol-provider.ts":{"path":"src/features/document-symbol-provider.ts","statementMap":{"1":{"start":{"line":5,"column":0},"end":{"line":5,"column":33}},"2":{"start":{"line":6,"column":0},"end":{"line":6,"column":79}},"3":{"start":{"line":7,"column":0},"end":{"line":7,"column":51}},"4":{"start":{"line":13,"column":8},"end":{"line":17,"column":11}},"5":{"start":{"line":15,"column":12},"end":{"line":15,"column":81}},"6":{"start":{"line":16,"column":12},"end":{"line":16,"column":94}},"7":{"start":{"line":18,"column":8},"end":{"line":22,"column":11}},"8":{"start":{"line":20,"column":12},"end":{"line":20,"column":81}},"9":{"start":{"line":21,"column":12},"end":{"line":21,"column":94}},"10":{"start":{"line":23,"column":8},"end":{"line":26,"column":11}},"11":{"start":{"line":24,"column":12},"end":{"line":24,"column":91}},"12":{"start":{"line":25,"column":12},"end":{"line":25,"column":99}},"13":{"start":{"line":28,"column":8},"end":{"line":28,"column":55}},"14":{"start":{"line":9,"column":0},"end":{"line":31,"column":1}}},"fnMap":{"1":{"name":"(anonymous_1)","line":11,"loc":{"start":{"line":11,"column":33},"end":{"line":11,"column":82}}}},"branchMap":{},"s":{"1":0,"2":0,"3":0,"4":0,"5":0,"6":0,"7":0,"8":0,"9":0,"10":0,"11":0,"12":0,"13":0,"14":0},"b":{},"f":{"1":0},"l":{"5":0,"6":0,"7":0,"9":0,"13":0,"15":0,"16":0,"18":0,"20":0,"21":0,"23":0,"24":0,"25":0,"28":0}},
"src/features/hover-provider.ts":{"path":"src/features/hover-provider.ts","statementMap":{"1":{"start":{"line":3,"column":0},"end":{"line":3,"column":74}},"2":{"start":{"line":7,"column":0},"end":{"line":7,"column":59}},"3":{"start":{"line":12,"column":8},"end":{"line":12,"column":66}},"4":{"start":{"line":13,"column":8},"end":{"line":13,"column":47}},"5":{"start":{"line":15,"column":8},"end":{"line":17,"column":9}},"6":{"start":{"line":16,"column":12},"end":{"line":16,"column":51}},"7":{"start":{"line":9,"column":0},"end":{"line":21,"column":1}}},"fnMap":{"1":{"name":"(anonymous_1)","line":11,"loc":{"start":{"line":11,"column":23},"end":{"line":11,"column":92}}}},"branchMap":{"1":{"line":15,"type":"if","locations":[{"start":{"line":15,"column":8},"end":{"line":15,"column":7}},{"start":{"line":15,"column":8},"end":{"line":15,"column":7}}]}},"s":{"1":0,"2":0,"3":0,"4":0,"5":0,"6":0,"7":0},"b":{"1":[0,0]},"f":{"1":0},"l":{"3":0,"7":0,"9":0,"12":0,"13":0,"15":0,"16":0}},
"src/features/linter-provider.ts":{"path":"src/features/linter-provider.ts","statementMap":{"1":{"start":{"line":3,"column":0},"end":{"line":3,"column":29}},"2":{"start":{"line":4,"column":0},"end":{"line":4,"column":36}},"3":{"start":{"line":6,"column":0},"end":{"line":6,"column":62}},"4":{"start":{"line":8,"column":0},"end":{"line":8,"column":33}},"5":{"start":{"line":22,"column":8},"end":{"line":22,"column":126}},"6":{"start":{"line":24,"column":8},"end":{"line":26,"column":9}},"7":{"start":{"line":25,"column":12},"end":{"line":25,"column":19}},"8":{"start":{"line":27,"column":8},"end":{"line":27,"column":25}},"9":{"start":{"line":28,"column":8},"end":{"line":28,"column":50}},"10":{"start":{"line":29,"column":8},"end":{"line":29,"column":45}},"11":{"start":{"line":30,"column":8},"end":{"line":30,"column":63}},"12":{"start":{"line":32,"column":8},"end":{"line":32,"column":62}},"13":{"start":{"line":33,"column":8},"end":{"line":33,"column":71}},"14":{"start":{"line":35,"column":8},"end":{"line":70,"column":9}},"15":{"start":{"line":36,"column":12},"end":{"line":38,"column":15}},"16":{"start":{"line":37,"column":16},"end":{"line":37,"column":32}},"17":{"start":{"line":39,"column":12},"end":{"line":41,"column":15}},"18":{"start":{"line":40,"column":16},"end":{"line":40,"column":32}},"19":{"start":{"line":42,"column":12},"end":{"line":59,"column":15}},"20":{"start":{"line":43,"column":16},"end":{"line":43,"column":43}},"21":{"start":{"line":44,"column":16},"end":{"line":56,"column":17}},"22":{"start":{"line":46,"column":20},"end":{"line":46,"column":67}},"23":{"start":{"line":47,"column":20},"end":{"line":47,"column":58}},"24":{"start":{"line":48,"column":20},"end":{"line":48,"column":60}},"25":{"start":{"line":49,"column":20},"end":{"line":49,"column":43}},"26":{"start":{"line":50,"column":20},"end":{"line":50,"column":138}},"27":{"start":{"line":51,"column":20},"end":{"line":51,"column":46}},"28":{"start":{"line":52,"column":20},"end":{"line":53,"column":73}},"29":{"start":{"line":54,"column":20},"end":{"line":54,"column":85}},"30":{"start":{"line":55,"column":20},"end":{"line":55,"column":49}},"31":{"start":{"line":58,"column":16},"end":{"line":58,"column":77}},"32":{"start":{"line":60,"column":12},"end":{"line":62,"column":15}},"33":{"start":{"line":61,"column":16},"end":{"line":61,"column":70}},"34":{"start":{"line":64,"column":12},"end":{"line":69,"column":15}},"35":{"start":{"line":65,"column":16},"end":{"line":67,"column":17}},"36":{"start":{"line":66,"column":20},"end":{"line":66,"column":147}},"37":{"start":{"line":76,"column":8},"end":{"line":76,"column":97}},"38":{"start":{"line":77,"column":8},"end":{"line":77,"column":106}},"39":{"start":{"line":78,"column":8},"end":{"line":78,"column":50}},"40":{"start":{"line":80,"column":8},"end":{"line":80,"column":68}},"41":{"start":{"line":81,"column":8},"end":{"line":81,"column":89}},"42":{"start":{"line":82,"column":8},"end":{"line":87,"column":10}},"43":{"start":{"line":89,"column":8},"end":{"line":89,"column":72}},"44":{"start":{"line":89,"column":34},"end":{"line":89,"column":44}},"45":{"start":{"line":89,"column":60},"end":{"line":89,"column":70}},"46":{"start":{"line":95,"column":8},"end":{"line":95,"column":15}},"47":{"start":{"line":109,"column":8},"end":{"line":109,"column":82}},"48":{"start":{"line":111,"column":8},"end":{"line":111,"column":94}},"49":{"start":{"line":112,"column":8},"end":{"line":114,"column":32}},"50":{"start":{"line":113,"column":12},"end":{"line":113,"column":63}},"51":{"start":{"line":116,"column":8},"end":{"line":116,"column":79}},"52":{"start":{"line":119,"column":8},"end":{"line":119,"column":79}},"53":{"start":{"line":123,"column":8},"end":{"line":123,"column":42}},"54":{"start":{"line":124,"column":8},"end":{"line":124,"column":44}},"55":{"start":{"line":125,"column":8},"end":{"line":125,"column":31}},"56":{"start":{"line":129,"column":8},"end":{"line":129,"column":66}},"57":{"start":{"line":130,"column":8},"end":{"line":130,"column":68}},"58":{"start":{"line":132,"column":8},"end":{"line":132,"column":28}},"59":{"start":{"line":135,"column":8},"end":{"line":135,"column":66}},"60":{"start":{"line":136,"column":8},"end":{"line":136,"column":60}},"61":{"start":{"line":139,"column":8},"end":{"line":139,"column":66}},"62":{"start":{"line":140,"column":8},"end":{"line":140,"column":56}},"63":{"start":{"line":92,"column":19},"end":{"line":92,"column":68}},"64":{"start":{"line":10,"column":0},"end":{"line":143,"column":1}}},"fnMap":{"1":{"name":"(anonymous_1)","line":12,"loc":{"start":{"line":12,"column":4},"end":{"line":null,"column":-1}}},"2":{"name":"(anonymous_2)","line":19,"loc":{"start":{"line":19,"column":31},"end":{"line":19,"column":65}}},"3":{"name":"(anonymous_3)","line":74,"loc":{"start":{"line":74,"column":33},"end":{"line":74,"column":66}}},"4":{"name":"(anonymous_4)","line":94,"loc":{"start":{"line":94,"column":29},"end":{"line":94,"column":148}}},"5":{"name":"(anonymous_5)","line":106,"loc":{"start":{"line":106,"column":19},"end":{"line":106,"column":54}}},"6":{"name":"(anonymous_6)","line":122,"loc":{"start":{"line":122,"column":18},"end":{"line":null,"column":-1}}},"7":{"name":"(anonymous_7)","line":128,"loc":{"start":{"line":128,"column":27},"end":{"line":null,"column":-1}}},"8":{"name":"(anonymous_8)","line":134,"loc":{"start":{"line":134,"column":27},"end":{"line":null,"column":-1}}},"9":{"name":"(anonymous_9)","line":138,"loc":{"start":{"line":138,"column":30},"end":{"line":null,"column":-1}}}},"branchMap":{"1":{"line":24,"type":"if","locations":[{"start":{"line":24,"column":8},"end":{"line":24,"column":7}},{"start":{"line":24,"column":8},"end":{"line":24,"column":7}}]},"2":{"line":35,"type":"if","locations":[{"start":{"line":35,"column":8},"end":{"line":35,"column":7}},{"start":{"line":35,"column":8},"end":{"line":35,"column":7}}]},"3":{"line":50,"type":"cond-expr","locations":[{"start":{"line":50,"column":70},"end":{"line":50,"column":103}},{"start":{"line":50,"column":106},"end":{"line":50,"column":137}}]},"4":{"line":65,"type":"if","locations":[{"start":{"line":65,"column":16},"end":{"line":65,"column":15}},{"start":{"line":65,"column":16},"end":{"line":65,"column":15}}]},"5":{"line":76,"type":"cond-expr","locations":[{"start":{"line":76,"column":50},"end":{"line":76,"column":84}},{"start":{"line":76,"column":87},"end":{"line":76,"column":96}}]}},"s":{"1":0,"2":0,"3":0,"4":0,"5":0,"6":0,"7":0,"8":0,"9":0,"10":0,"11":0,"12":0,"13":0,"14":0,"15":0,"16":0,"17":0,"18":0,"19":0,"20":0,"21":0,"22":0,"23":0,"24":0,"25":0,"26":0,"27":0,"28":0,"29":0,"30":0,"31":0,"32":0,"33":0,"34":0,"35":0,"36":0,"37":0,"38":0,"39":0,"40":0,"41":0,"42":0,"43":0,"44":0,"45":0,"46":0,"47":0,"48":0,"49":0,"50":0,"51":0,"52":0,"53":0,"54":0,"55":0,"56":0,"57":0,"58":0,"59":0,"60":0,"61":0,"62":0,"63":0,"64":0},"b":{"1":[0,0],"2":[0,0],"3":[0,0],"4":[0,0],"5":[0,0]},"f":{"1":0,"2":0,"3":0,"4":0,"5":0,"6":0,"7":0,"8":0,"9":0},"l":{"3":0,"4":0,"6":0,"8":0,"10":0,"22":0,"24":0,"25":0,"27":0,"28":0,"29":0,"30":0,"32":0,"33":0,"35":0,"36":0,"37":0,"39":0,"40":0,"42":0,"43":0,"44":0,"46":0,"47":0,"48":0,"49":0,"50":0,"51":0,"52":0,"54":0,"55":0,"58":0,"60":0,"61":0,"64":0,"65":0,"66":0,"76":0,"77":0,"78":0,"80":0,"81":0,"82":0,"89":0,"92":0,"95":0,"109":0,"111":0,"112":0,"113":0,"116":0,"119":0,"123":0,"124":0,"125":0,"129":0,"130":0,"132":0,"135":0,"136":0,"139":0,"140":0}},
"src/features/linterProvider.ts":{"path":"src/features/linterProvider.ts","statementMap":{"1":{"start":{"line":4,"column":0},"end":{"line":4,"column":36}},"2":{"start":{"line":7,"column":0},"end":{"line":7,"column":33}},"3":{"start":{"line":20,"column":2},"end":{"line":20,"column":95}},"4":{"start":{"line":21,"column":2},"end":{"line":21,"column":39}},"5":{"start":{"line":22,"column":2},"end":{"line":24,"column":3}},"6":{"start":{"line":23,"column":3},"end":{"line":23,"column":10}},"7":{"start":{"line":25,"column":2},"end":{"line":25,"column":19}},"8":{"start":{"line":26,"column":2},"end":{"line":26,"column":44}},"9":{"start":{"line":27,"column":2},"end":{"line":27,"column":91}},"10":{"start":{"line":28,"column":2},"end":{"line":28,"column":41}},"11":{"start":{"line":29,"column":2},"end":{"line":29,"column":129}},"12":{"start":{"line":31,"column":2},"end":{"line":60,"column":3}},"13":{"start":{"line":32,"column":3},"end":{"line":34,"column":6}},"14":{"start":{"line":33,"column":4},"end":{"line":33,"column":20}},"15":{"start":{"line":35,"column":3},"end":{"line":37,"column":6}},"16":{"start":{"line":36,"column":4},"end":{"line":36,"column":20}},"17":{"start":{"line":38,"column":3},"end":{"line":56,"column":6}},"18":{"start":{"line":39,"column":4},"end":{"line":39,"column":35}},"19":{"start":{"line":40,"column":4},"end":{"line":40,"column":25}},"20":{"start":{"line":41,"column":4},"end":{"line":41,"column":16}},"21":{"start":{"line":42,"column":4},"end":{"line":53,"column":5}},"22":{"start":{"line":43,"column":7},"end":{"line":43,"column":49}},"23":{"start":{"line":44,"column":5},"end":{"line":44,"column":44}},"24":{"start":{"line":45,"column":5},"end":{"line":45,"column":44}},"25":{"start":{"line":46,"column":5},"end":{"line":46,"column":28}},"26":{"start":{"line":47,"column":5},"end":{"line":47,"column":123}},"27":{"start":{"line":48,"column":5},"end":{"line":48,"column":31}},"28":{"start":{"line":49,"column":5},"end":{"line":50,"column":55}},"29":{"start":{"line":51,"column":5},"end":{"line":51,"column":70}},"30":{"start":{"line":52,"column":5},"end":{"line":52,"column":33}},"31":{"start":{"line":55,"column":4},"end":{"line":55,"column":65}},"32":{"start":{"line":57,"column":3},"end":{"line":59,"column":6}},"33":{"start":{"line":58,"column":4},"end":{"line":58,"column":58}},"34":{"start":{"line":66,"column":2},"end":{"line":66,"column":61}},"35":{"start":{"line":67,"column":2},"end":{"line":71,"column":5}},"36":{"start":{"line":75,"column":2},"end":{"line":75,"column":48}},"37":{"start":{"line":76,"column":2},"end":{"line":76,"column":78}},"38":{"start":{"line":77,"column":2},"end":{"line":77,"column":26}},"39":{"start":{"line":78,"column":2},"end":{"line":78,"column":61}},"40":{"start":{"line":79,"column":2},"end":{"line":86,"column":3}},"41":{"start":{"line":80,"column":3},"end":{"line":80,"column":48}},"42":{"start":{"line":81,"column":3},"end":{"line":81,"column":41}},"43":{"start":{"line":82,"column":3},"end":{"line":82,"column":46}},"44":{"start":{"line":83,"column":3},"end":{"line":83,"column":43}},"45":{"start":{"line":85,"column":3},"end":{"line":85,"column":146}},"46":{"start":{"line":93,"column":2},"end":{"line":93,"column":109}},"47":{"start":{"line":94,"column":2},"end":{"line":94,"column":27}},"48":{"start":{"line":95,"column":2},"end":{"line":95,"column":76}},"49":{"start":{"line":97,"column":2},"end":{"line":97,"column":88}},"50":{"start":{"line":98,"column":2},"end":{"line":100,"column":26}},"51":{"start":{"line":99,"column":3},"end":{"line":99,"column":54}},"52":{"start":{"line":102,"column":2},"end":{"line":102,"column":73}},"53":{"start":{"line":105,"column":2},"end":{"line":105,"column":73}},"54":{"start":{"line":110,"column":2},"end":{"line":110,"column":36}},"55":{"start":{"line":111,"column":2},"end":{"line":111,"column":38}},"56":{"start":{"line":112,"column":2},"end":{"line":112,"column":25}},"57":{"start":{"line":63,"column":16},"end":{"line":63,"column":65}},"58":{"start":{"line":9,"column":0},"end":{"line":115,"column":1}}},"fnMap":{"1":{"name":"(anonymous_1)","line":12,"loc":{"start":{"line":12,"column":1},"end":{"line":null,"column":-1}}},"2":{"name":"(anonymous_2)","line":19,"loc":{"start":{"line":19,"column":28},"end":{"line":19,"column":62}}},"3":{"name":"(anonymous_3)","line":65,"loc":{"start":{"line":65,"column":26},"end":{"line":65,"column":145}}},"4":{"name":"(anonymous_4)","line":74,"loc":{"start":{"line":74,"column":22},"end":{"line":74,"column":90}}},"5":{"name":"(anonymous_5)","line":91,"loc":{"start":{"line":91,"column":16},"end":{"line":91,"column":51}}},"6":{"name":"(anonymous_6)","line":109,"loc":{"start":{"line":109,"column":15},"end":{"line":null,"column":-1}}}},"branchMap":{"1":{"line":22,"type":"if","locations":[{"start":{"line":22,"column":2},"end":{"line":22,"column":1}},{"start":{"line":22,"column":2},"end":{"line":22,"column":1}}]},"2":{"line":27,"type":"cond-expr","locations":[{"start":{"line":27,"column":44},"end":{"line":27,"column":78}},{"start":{"line":27,"column":81},"end":{"line":27,"column":90}}]},"3":{"line":31,"type":"if","locations":[{"start":{"line":31,"column":2},"end":{"line":31,"column":1}},{"start":{"line":31,"column":2},"end":{"line":31,"column":1}}]},"4":{"line":47,"type":"cond-expr","locations":[{"start":{"line":47,"column":55},"end":{"line":47,"column":88}},{"start":{"line":47,"column":91},"end":{"line":47,"column":122}}]},"5":{"line":79,"type":"if","locations":[{"start":{"line":79,"column":2},"end":{"line":79,"column":1}},{"start":{"line":79,"column":2},"end":{"line":79,"column":1}}]}},"s":{"1":0,"2":0,"3":0,"4":0,"5":0,"6":0,"7":0,"8":0,"9":0,"10":0,"11":0,"12":0,"13":0,"14":0,"15":0,"16":0,"17":0,"18":0,"19":0,"20":0,"21":0,"22":0,"23":0,"24":0,"25":0,"26":0,"27":0,"28":0,"29":0,"30":0,"31":0,"32":0,"33":0,"34":0,"35":0,"36":0,"37":0,"38":0,"39":0,"40":0,"41":0,"42":0,"43":0,"44":0,"45":0,"46":0,"47":0,"48":0,"49":0,"50":0,"51":0,"52":0,"53":0,"54":0,"55":0,"56":0,"57":0,"58":0},"b":{"1":[0,0],"2":[0,0],"3":[0,0],"4":[0,0],"5":[0,0]},"f":{"1":0,"2":0,"3":0,"4":0,"5":0,"6":0},"l":{"4":0,"7":0,"9":0,"20":0,"21":0,"22":0,"23":0,"25":0,"26":0,"27":0,"28":0,"29":0,"31":0,"32":0,"33":0,"35":0,"36":0,"38":0,"39":0,"40":0,"41":0,"42":0,"43":0,"44":0,"45":0,"46":0,"47":0,"48":0,"49":0,"51":0,"52":0,"55":0,"57":0,"58":0,"63":0,"66":0,"67":0,"75":0,"76":0,"77":0,"78":0,"79":0,"80":0,"81":0,"82":0,"83":0,"85":0,"93":0,"94":0,"95":0,"97":0,"98":0,"99":0,"102":0,"105":0,"110":0,"111":0,"112":0}},
"src/lib/helper.ts":{"path":"src/lib/helper.ts","statementMap":{"1":{"start":{"line":2,"column":0},"end":{"line":2,"column":25}},"2":{"start":{"line":7,"column":13},"end":{"line":7,"column":39}},"3":{"start":{"line":10,"column":13},"end":{"line":23,"column":195}},"4":{"start":{"line":26,"column":13},"end":{"line":26,"column":135}},"5":{"start":{"line":28,"column":13},"end":{"line":30,"column":1}},"6":{"start":{"line":29,"column":4},"end":{"line":29,"column":89}},"7":{"start":{"line":29,"column":45},"end":{"line":29,"column":80}},"8":{"start":{"line":39,"column":13},"end":{"line":46,"column":1}},"9":{"start":{"line":40,"column":4},"end":{"line":40,"column":36}},"10":{"start":{"line":41,"column":4},"end":{"line":41,"column":63}},"11":{"start":{"line":42,"column":4},"end":{"line":42,"column":54}},"12":{"start":{"line":43,"column":4},"end":{"line":43,"column":38}},"13":{"start":{"line":44,"column":4},"end":{"line":44,"column":22}},"14":{"start":{"line":47,"column":13},"end":{"line":82,"column":1}},"15":{"start":{"line":49,"column":4},"end":{"line":49,"column":36}},"16":{"start":{"line":51,"column":4},"end":{"line":51,"column":96}},"17":{"start":{"line":52,"column":4},"end":{"line":52,"column":45}},"18":{"start":{"line":53,"column":4},"end":{"line":53,"column":48}},"19":{"start":{"line":54,"column":4},"end":{"line":54,"column":42}},"20":{"start":{"line":55,"column":4},"end":{"line":55,"column":75}},"21":{"start":{"line":56,"column":4},"end":{"line":56,"column":64}},"22":{"start":{"line":57,"column":4},"end":{"line":57,"column":92}},"23":{"start":{"line":58,"column":4},"end":{"line":58,"column":54}},"24":{"start":{"line":59,"column":4},"end":{"line":59,"column":76}},"25":{"start":{"line":61,"column":4},"end":{"line":78,"column":11}},"26":{"start":{"line":62,"column":8},"end":{"line":62,"column":32}},"27":{"start":{"line":63,"column":43},"end":{"line":63,"column":54}},"28":{"start":{"line":64,"column":54},"end":{"line":64,"column":77}},"29":{"start":{"line":65,"column":52},"end":{"line":65,"column":80}},"30":{"start":{"line":66,"column":71},"end":{"line":66,"column":83}},"31":{"start":{"line":67,"column":71},"end":{"line":67,"column":82}},"32":{"start":{"line":68,"column":77},"end":{"line":68,"column":81}},"33":{"start":{"line":69,"column":46},"end":{"line":69,"column":50}},"34":{"start":{"line":71,"column":12},"end":{"line":71,"column":36}},"35":{"start":{"line":75,"column":12},"end":{"line":75,"column":50}},"36":{"start":{"line":76,"column":12},"end":{"line":76,"column":49}},"37":{"start":{"line":77,"column":12},"end":{"line":77,"column":41}},"38":{"start":{"line":79,"column":4},"end":{"line":79,"column":75}},"39":{"start":{"line":80,"column":4},"end":{"line":80,"column":25}},"40":{"start":{"line":81,"column":4},"end":{"line":81,"column":19}},"41":{"start":{"line":84,"column":13},"end":{"line":86,"column":2}},"42":{"start":{"line":85,"column":4},"end":{"line":85,"column":35}},"43":{"start":{"line":90,"column":0},"end":{"line":100,"column":1}},"44":{"start":{"line":91,"column":4},"end":{"line":91,"column":55}},"45":{"start":{"line":92,"column":4},"end":{"line":92,"column":73}},"46":{"start":{"line":95,"column":4},"end":{"line":95,"column":78}},"47":{"start":{"line":96,"column":4},"end":{"line":96,"column":87}},"48":{"start":{"line":98,"column":4},"end":{"line":98,"column":46}},"49":{"start":{"line":99,"column":4},"end":{"line":99,"column":37}},"50":{"start":{"line":103,"column":0},"end":{"line":110,"column":2}},"51":{"start":{"line":104,"column":4},"end":{"line":104,"column":38}},"52":{"start":{"line":105,"column":4},"end":{"line":105,"column":74}},"53":{"start":{"line":106,"column":4},"end":{"line":109,"column":7}},"54":{"start":{"line":107,"column":8},"end":{"line":107,"column":27}},"55":{"start":{"line":107,"column":17},"end":{"line":107,"column":27}},"56":{"start":{"line":108,"column":8},"end":{"line":108,"column":30}}},"fnMap":{"1":{"name":"isPositionInString","line":90,"loc":{"start":{"line":90,"column":0},"end":{"line":90,"column":91}}},"2":{"name":"(anonymous_2)","line":106,"loc":{"start":{"line":106,"column":62},"end":{"line":106,"column":75}}}},"branchMap":{"1":{"line":95,"type":"binary-expr","locations":[{"start":{"line":95,"column":27},"end":{"line":95,"column":63}},{"start":{"line":95,"column":67},"end":{"line":95,"column":69}}]},"2":{"line":96,"type":"binary-expr","locations":[{"start":{"line":96,"column":34},"end":{"line":96,"column":72}},{"start":{"line":96,"column":76},"end":{"line":96,"column":78}}]},"3":{"line":107,"type":"if","locations":[{"start":{"line":107,"column":8},"end":{"line":107,"column":7}},{"start":{"line":107,"column":8},"end":{"line":107,"column":7}}]}},"s":{"1":0,"2":0,"3":0,"4":0,"5":0,"6":0,"7":0,"8":0,"9":0,"10":0,"11":0,"12":0,"13":0,"14":0,"15":0,"16":0,"17":0,"18":0,"19":0,"20":0,"21":0,"22":0,"23":0,"24":0,"25":0,"26":0,"27":0,"28":0,"29":0,"30":0,"31":0,"32":0,"33":0,"34":0,"35":0,"36":0,"37":0,"38":0,"39":0,"40":0,"41":0,"42":0,"43":0,"44":0,"45":0,"46":0,"47":0,"48":0,"49":0,"50":0,"51":0,"52":0,"53":0,"54":0,"55":0,"56":0},"b":{"1":[0,0],"2":[0,0],"3":[0,0]},"f":{"1":0,"2":0},"l":{"2":0,"7":0,"10":0,"26":0,"28":0,"29":0,"39":0,"40":0,"41":0,"42":0,"43":0,"44":0,"47":0,"49":0,"51":0,"52":0,"53":0,"54":0,"55":0,"56":0,"57":0,"58":0,"59":0,"61":0,"62":0,"63":0,"64":0,"65":0,"66":0,"67":0,"68":0,"69":0,"71":0,"75":0,"76":0,"77":0,"79":0,"80":0,"81":0,"84":0,"85":0,"90":0,"91":0,"92":0,"95":0,"96":0,"98":0,"99":0,"103":0,"104":0,"105":0,"106":0,"107":0,"108":0}},
"src/lib/variables.ts":{"path":"src/lib/variables.ts","statementMap":{"1":{"start":{"line":7,"column":0},"end":{"line":7,"column":118}},"2":{"start":{"line":9,"column":0},"end":{"line":23,"column":1}},"3":{"start":{"line":11,"column":4},"end":{"line":11,"column":35}},"4":{"start":{"line":12,"column":4},"end":{"line":12,"column":18}},"5":{"start":{"line":14,"column":4},"end":{"line":21,"column":5}},"6":{"start":{"line":15,"column":8},"end":{"line":15,"column":55}},"7":{"start":{"line":16,"column":8},"end":{"line":16,"column":47}},"8":{"start":{"line":16,"column":38},"end":{"line":16,"column":47}},"9":{"start":{"line":17,"column":8},"end":{"line":17,"column":42}},"10":{"start":{"line":18,"column":8},"end":{"line":20,"column":9}},"11":{"start":{"line":19,"column":12},"end":{"line":19,"column":51}},"12":{"start":{"line":22,"column":4},"end":{"line":22,"column":16}},"13":{"start":{"line":26,"column":13},"end":{"line":32,"column":2}},"14":{"start":{"line":28,"column":4},"end":{"line":31,"column":5}},"15":{"start":{"line":29,"column":8},"end":{"line":29,"column":77}},"16":{"start":{"line":30,"column":8},"end":{"line":30,"column":40}}},"fnMap":{"1":{"name":"getDeclaredVars","line":9,"loc":{"start":{"line":9,"column":0},"end":{"line":9,"column":61}}}},"branchMap":{"1":{"line":16,"type":"if","locations":[{"start":{"line":16,"column":8},"end":{"line":16,"column":7}},{"start":{"line":16,"column":8},"end":{"line":16,"column":7}}]},"2":{"line":18,"type":"if","locations":[{"start":{"line":18,"column":8},"end":{"line":18,"column":7}},{"start":{"line":18,"column":8},"end":{"line":18,"column":7}}]},"3":{"line":28,"type":"if","locations":[{"start":{"line":28,"column":4},"end":{"line":28,"column":3}},{"start":{"line":28,"column":4},"end":{"line":28,"column":3}}]}},"s":{"1":0,"2":0,"3":0,"4":0,"5":0,"6":0,"7":0,"8":0,"9":0,"10":0,"11":0,"12":0,"13":0,"14":0,"15":0,"16":0},"b":{"1":[0,0],"2":[0,0],"3":[0,0]},"f":{"1":0},"l":{"7":0,"9":0,"11":0,"12":0,"14":0,"15":0,"16":0,"17":0,"18":0,"19":0,"22":0,"26":0,"28":0,"29":0,"30":0}}}
